2025-05-21 21:57:16.420 [info] Reading sessions from keychain...
2025-05-21 21:57:16.420 [info] Getting sessions for all scopes...
2025-05-21 21:57:16.420 [info] Getting sessions for all scopes...
2025-05-21 21:57:16.420 [info] Getting sessions for all scopes...
2025-05-21 21:57:16.420 [info] Getting sessions for all scopes...
2025-05-21 21:57:16.420 [info] Getting sessions for all scopes...
2025-05-21 21:57:16.420 [info] Getting sessions for all scopes...
2025-05-21 21:57:16.420 [info] Getting sessions for all scopes...
2025-05-21 21:57:16.420 [info] Getting sessions for all scopes...
2025-05-21 21:57:17.107 [info] Got stored sessions!
2025-05-21 21:57:17.107 [info] Got 2 verified sessions.
2025-05-21 21:57:17.107 [info] Got 2 sessions for ...
2025-05-21 21:57:17.107 [info] Got 2 sessions for ...
2025-05-21 21:57:17.107 [info] Got 2 sessions for ...
2025-05-21 21:57:17.107 [info] Got 2 sessions for ...
2025-05-21 21:57:17.107 [info] Got 2 sessions for ...
2025-05-21 21:57:17.107 [info] Got 2 sessions for ...
2025-05-21 21:57:17.107 [info] Got 2 sessions for ...
2025-05-21 21:57:17.107 [info] Got 2 sessions for ...
2025-05-21 21:57:17.382 [info] Getting sessions for all scopes...
2025-05-21 21:57:17.382 [info] Got 2 sessions for ...
2025-05-21 21:57:17.382 [info] Getting sessions for all scopes...
2025-05-21 21:57:17.383 [info] Got 2 sessions for ...
2025-05-21 21:57:17.383 [info] Getting sessions for all scopes...
2025-05-21 21:57:17.383 [info] Got 2 sessions for ...
2025-05-21 21:57:17.383 [info] Getting sessions for all scopes...
2025-05-21 21:57:17.383 [info] Got 2 sessions for ...
2025-05-21 21:57:17.384 [info] Getting sessions for all scopes...
2025-05-21 21:57:17.384 [info] Got 2 sessions for ...
2025-05-21 21:57:17.384 [info] Getting sessions for all scopes...
2025-05-21 21:57:17.384 [info] Got 2 sessions for ...
2025-05-21 21:57:22.236 [info] Getting sessions for all scopes...
2025-05-21 21:57:22.236 [info] Got 2 sessions for ...
2025-05-21 21:57:22.348 [info] Getting sessions for user:email...
2025-05-21 21:57:22.348 [info] Got 1 sessions for user:email...
2025-05-21 21:57:23.525 [info] Getting sessions for all scopes...
2025-05-21 21:57:23.525 [info] Got 2 sessions for ...
2025-05-21 21:57:25.097 [info] Getting sessions for all scopes...
2025-05-21 21:57:25.097 [info] Got 2 sessions for ...
2025-05-21 21:57:27.512 [info] Getting sessions for read:user,repo,user:email,workflow...
2025-05-21 21:57:27.512 [info] Got 1 sessions for read:user,repo,user:email,workflow...
2025-05-21 21:57:28.240 [info] Getting sessions for read:user,repo,user:email,workflow...
2025-05-21 21:57:28.240 [info] Got 1 sessions for read:user,repo,user:email,workflow...
