2025-05-14 18:34:50.429 [info] [main] Log level: Info
2025-05-14 18:34:50.429 [info] [main] Validating found git in: "git"
2025-05-14 18:34:50.429 [info] [main] Using git "2.49.0" from "git"
2025-05-14 18:34:50.429 [info] [Model][doInitialScan] Initial repository scan started
2025-05-14 18:34:50.429 [info] > git rev-parse --show-toplevel [11ms]
2025-05-14 18:34:50.429 [info] fatal: not a git repository (or any parent up to mount point /)
Stopping at filesystem boundary (GIT_DISCOVERY_ACROSS_FILESYSTEM not set).
2025-05-14 18:34:50.429 [info] > git rev-parse --show-toplevel [10ms]
2025-05-14 18:34:50.429 [info] fatal: not a git repository (or any parent up to mount point /)
Stopping at filesystem boundary (GIT_DISCOVERY_ACROSS_FILESYSTEM not set).
2025-05-14 18:34:50.431 [info] > git rev-parse --show-toplevel [23ms]
2025-05-14 18:34:50.432 [info] fatal: not a git repository (or any parent up to mount point /)
Stopping at filesystem boundary (GIT_DISCOVERY_ACROSS_FILESYSTEM not set).
2025-05-14 18:34:50.432 [info] [Model][doInitialScan] Initial repository scan completed - repositories (0), closed repositories (0), parent repositories (0), unsafe repositories (0)
2025-05-14 18:35:51.698 [info] > git rev-parse --show-toplevel [2ms]
2025-05-14 18:35:51.698 [info] fatal: not a git repository (or any parent up to mount point /)
Stopping at filesystem boundary (GIT_DISCOVERY_ACROSS_FILESYSTEM not set).
2025-05-14 18:35:55.321 [info] > git rev-parse --show-toplevel [2ms]
2025-05-14 18:35:55.321 [info] fatal: not a git repository (or any parent up to mount point /)
Stopping at filesystem boundary (GIT_DISCOVERY_ACROSS_FILESYSTEM not set).
2025-05-14 18:35:58.909 [info] > git rev-parse --show-toplevel [1ms]
2025-05-14 18:35:58.910 [info] fatal: not a git repository (or any parent up to mount point /)
Stopping at filesystem boundary (GIT_DISCOVERY_ACROSS_FILESYSTEM not set).
2025-05-14 18:36:02.208 [info] > git rev-parse --show-toplevel [2ms]
2025-05-14 18:36:02.208 [info] fatal: not a git repository (or any parent up to mount point /)
Stopping at filesystem boundary (GIT_DISCOVERY_ACROSS_FILESYSTEM not set).
2025-05-14 18:36:04.620 [info] > git rev-parse --show-toplevel [2ms]
2025-05-14 18:36:04.620 [info] fatal: not a git repository (or any parent up to mount point /)
Stopping at filesystem boundary (GIT_DISCOVERY_ACROSS_FILESYSTEM not set).
2025-05-14 18:36:10.929 [info] > git rev-parse --show-toplevel [2ms]
2025-05-14 18:36:10.929 [info] fatal: not a git repository (or any parent up to mount point /)
Stopping at filesystem boundary (GIT_DISCOVERY_ACROSS_FILESYSTEM not set).
2025-05-14 18:36:14.779 [info] > git rev-parse --show-toplevel [3ms]
2025-05-14 18:36:14.779 [info] fatal: not a git repository (or any parent up to mount point /)
Stopping at filesystem boundary (GIT_DISCOVERY_ACROSS_FILESYSTEM not set).
2025-05-14 18:36:18.214 [info] > git rev-parse --show-toplevel [2ms]
2025-05-14 18:36:18.214 [info] fatal: not a git repository (or any parent up to mount point /)
Stopping at filesystem boundary (GIT_DISCOVERY_ACROSS_FILESYSTEM not set).
2025-05-14 18:36:20.132 [info] > git rev-parse --show-toplevel [2ms]
2025-05-14 18:36:20.132 [info] fatal: not a git repository (or any parent up to mount point /)
Stopping at filesystem boundary (GIT_DISCOVERY_ACROSS_FILESYSTEM not set).
2025-05-14 18:36:21.934 [info] > git rev-parse --show-toplevel [2ms]
2025-05-14 18:36:21.934 [info] fatal: not a git repository (or any parent up to mount point /)
Stopping at filesystem boundary (GIT_DISCOVERY_ACROSS_FILESYSTEM not set).
2025-05-14 18:36:24.124 [info] > git rev-parse --show-toplevel [2ms]
2025-05-14 18:36:24.124 [info] fatal: not a git repository (or any parent up to mount point /)
Stopping at filesystem boundary (GIT_DISCOVERY_ACROSS_FILESYSTEM not set).
2025-05-14 18:36:25.498 [info] > git rev-parse --show-toplevel [6ms]
2025-05-14 18:36:25.498 [info] fatal: not a git repository (or any parent up to mount point /)
Stopping at filesystem boundary (GIT_DISCOVERY_ACROSS_FILESYSTEM not set).
2025-05-14 18:36:26.274 [info] > git rev-parse --show-toplevel [2ms]
2025-05-14 18:36:26.274 [info] fatal: not a git repository (or any parent up to mount point /)
Stopping at filesystem boundary (GIT_DISCOVERY_ACROSS_FILESYSTEM not set).
2025-05-14 18:36:31.053 [info] > git rev-parse --show-toplevel [1ms]
2025-05-14 18:36:31.053 [info] fatal: not a git repository (or any parent up to mount point /)
Stopping at filesystem boundary (GIT_DISCOVERY_ACROSS_FILESYSTEM not set).
2025-05-14 18:38:31.999 [info] > git rev-parse --show-toplevel [2ms]
2025-05-14 18:38:31.999 [info] fatal: not a git repository (or any parent up to mount point /)
Stopping at filesystem boundary (GIT_DISCOVERY_ACROSS_FILESYSTEM not set).
2025-05-14 18:38:33.472 [info] > git rev-parse --show-toplevel [3ms]
2025-05-14 18:38:33.472 [info] fatal: not a git repository (or any parent up to mount point /)
Stopping at filesystem boundary (GIT_DISCOVERY_ACROSS_FILESYSTEM not set).
2025-05-14 18:38:34.890 [info] > git rev-parse --show-toplevel [1ms]
2025-05-14 18:38:34.890 [info] fatal: not a git repository (or any parent up to mount point /)
Stopping at filesystem boundary (GIT_DISCOVERY_ACROSS_FILESYSTEM not set).
2025-05-14 18:38:40.344 [info] > git rev-parse --show-toplevel [2ms]
2025-05-14 18:38:40.344 [info] fatal: not a git repository (or any parent up to mount point /)
Stopping at filesystem boundary (GIT_DISCOVERY_ACROSS_FILESYSTEM not set).
2025-05-14 18:38:43.939 [info] > git rev-parse --show-toplevel [1ms]
2025-05-14 18:38:43.939 [info] fatal: not a git repository (or any parent up to mount point /)
Stopping at filesystem boundary (GIT_DISCOVERY_ACROSS_FILESYSTEM not set).
2025-05-14 18:38:48.094 [info] > git rev-parse --show-toplevel [1ms]
2025-05-14 18:38:48.094 [info] fatal: not a git repository (or any parent up to mount point /)
Stopping at filesystem boundary (GIT_DISCOVERY_ACROSS_FILESYSTEM not set).
2025-05-14 18:38:49.065 [info] > git rev-parse --show-toplevel [1ms]
2025-05-14 18:38:49.065 [info] fatal: not a git repository (or any parent up to mount point /)
Stopping at filesystem boundary (GIT_DISCOVERY_ACROSS_FILESYSTEM not set).
2025-05-14 18:39:32.172 [info] > git rev-parse --show-toplevel [1ms]
2025-05-14 18:39:32.172 [info] fatal: not a git repository (or any parent up to mount point /)
Stopping at filesystem boundary (GIT_DISCOVERY_ACROSS_FILESYSTEM not set).
2025-05-14 18:39:34.697 [info] > git rev-parse --show-toplevel [1ms]
2025-05-14 18:39:34.697 [info] fatal: not a git repository (or any parent up to mount point /)
Stopping at filesystem boundary (GIT_DISCOVERY_ACROSS_FILESYSTEM not set).
2025-05-14 18:39:39.026 [info] > git rev-parse --show-toplevel [1ms]
2025-05-14 18:39:39.026 [info] fatal: not a git repository (or any parent up to mount point /)
Stopping at filesystem boundary (GIT_DISCOVERY_ACROSS_FILESYSTEM not set).
2025-05-14 18:39:59.136 [info] > git rev-parse --show-toplevel [1ms]
2025-05-14 18:39:59.136 [info] fatal: not a git repository (or any parent up to mount point /)
Stopping at filesystem boundary (GIT_DISCOVERY_ACROSS_FILESYSTEM not set).
2025-05-14 18:40:00.431 [info] > git rev-parse --show-toplevel [3ms]
2025-05-14 18:40:00.431 [info] fatal: not a git repository (or any parent up to mount point /)
Stopping at filesystem boundary (GIT_DISCOVERY_ACROSS_FILESYSTEM not set).
2025-05-14 18:40:15.059 [info] > git rev-parse --show-toplevel [2ms]
2025-05-14 18:40:15.059 [info] fatal: not a git repository (or any parent up to mount point /)
Stopping at filesystem boundary (GIT_DISCOVERY_ACROSS_FILESYSTEM not set).
2025-05-14 18:40:32.309 [info] > git rev-parse --show-toplevel [3ms]
2025-05-14 18:40:32.309 [info] fatal: not a git repository (or any parent up to mount point /)
Stopping at filesystem boundary (GIT_DISCOVERY_ACROSS_FILESYSTEM not set).
2025-05-14 19:01:02.180 [info] > git rev-parse --show-toplevel [1ms]
2025-05-14 19:01:02.180 [info] fatal: not a git repository (or any parent up to mount point /)
Stopping at filesystem boundary (GIT_DISCOVERY_ACROSS_FILESYSTEM not set).
2025-05-14 19:01:31.645 [info] > git rev-parse --show-toplevel [3ms]
2025-05-14 19:01:31.645 [info] fatal: not a git repository (or any parent up to mount point /)
Stopping at filesystem boundary (GIT_DISCOVERY_ACROSS_FILESYSTEM not set).
2025-05-14 19:06:50.349 [info] > git rev-parse --show-toplevel [3ms]
2025-05-14 19:06:50.349 [info] fatal: not a git repository (or any parent up to mount point /)
Stopping at filesystem boundary (GIT_DISCOVERY_ACROSS_FILESYSTEM not set).
2025-05-14 19:14:37.877 [info] > git rev-parse --show-toplevel [1ms]
2025-05-14 19:14:37.877 [info] fatal: not a git repository (or any parent up to mount point /)
Stopping at filesystem boundary (GIT_DISCOVERY_ACROSS_FILESYSTEM not set).
2025-05-14 19:15:25.418 [info] > git rev-parse --show-toplevel [1ms]
2025-05-14 19:15:25.418 [info] fatal: not a git repository (or any parent up to mount point /)
Stopping at filesystem boundary (GIT_DISCOVERY_ACROSS_FILESYSTEM not set).
2025-05-14 19:16:37.462 [info] > git rev-parse --show-toplevel [3ms]
2025-05-14 19:16:37.462 [info] fatal: not a git repository (or any parent up to mount point /)
Stopping at filesystem boundary (GIT_DISCOVERY_ACROSS_FILESYSTEM not set).
