2025-05-21 19:57:49.822 [info] Reading sessions from keychain...
2025-05-21 19:57:49.822 [info] Getting sessions for all scopes...
2025-05-21 19:57:49.822 [info] Getting sessions for all scopes...
2025-05-21 19:57:49.822 [info] Getting sessions for all scopes...
2025-05-21 19:57:49.822 [info] Getting sessions for all scopes...
2025-05-21 19:57:49.822 [info] Getting sessions for all scopes...
2025-05-21 19:57:49.822 [info] Getting sessions for all scopes...
2025-05-21 19:57:49.822 [info] Getting sessions for all scopes...
2025-05-21 19:57:50.221 [info] Got stored sessions!
2025-05-21 19:57:50.221 [info] Got 2 verified sessions.
2025-05-21 19:57:50.221 [info] Got 2 sessions for ...
2025-05-21 19:57:50.222 [info] Got 2 sessions for ...
2025-05-21 19:57:50.222 [info] Got 2 sessions for ...
2025-05-21 19:57:50.222 [info] Got 2 sessions for ...
2025-05-21 19:57:50.222 [info] Got 2 sessions for ...
2025-05-21 19:57:50.222 [info] Got 2 sessions for ...
2025-05-21 19:57:50.222 [info] Got 2 sessions for ...
2025-05-21 19:57:50.478 [info] Getting sessions for all scopes...
2025-05-21 19:57:50.485 [info] Got 2 sessions for ...
2025-05-21 19:57:50.486 [info] Getting sessions for all scopes...
2025-05-21 19:57:50.486 [info] Got 2 sessions for ...
2025-05-21 19:57:50.486 [info] Getting sessions for all scopes...
2025-05-21 19:57:50.486 [info] Got 2 sessions for ...
2025-05-21 19:57:50.486 [info] Getting sessions for all scopes...
2025-05-21 19:57:50.486 [info] Got 2 sessions for ...
2025-05-21 19:57:50.486 [info] Getting sessions for all scopes...
2025-05-21 19:57:50.486 [info] Got 2 sessions for ...
2025-05-21 19:57:50.487 [info] Getting sessions for all scopes...
2025-05-21 19:57:50.487 [info] Got 2 sessions for ...
2025-05-21 19:57:54.653 [info] Getting sessions for all scopes...
2025-05-21 19:57:54.653 [info] Got 2 sessions for ...
2025-05-21 19:57:55.310 [info] Getting sessions for read:user,repo,user:email,workflow...
2025-05-21 19:57:55.311 [info] Got 1 sessions for read:user,repo,user:email,workflow...
2025-05-21 19:57:55.653 [info] Getting sessions for user:email...
2025-05-21 19:57:55.653 [info] Got 1 sessions for user:email...
2025-05-21 19:57:56.144 [info] Getting sessions for all scopes...
2025-05-21 19:57:56.144 [info] Got 2 sessions for ...
2025-05-21 19:57:56.583 [info] Getting sessions for read:user,repo,user:email,workflow...
2025-05-21 19:57:56.583 [info] Got 1 sessions for read:user,repo,user:email,workflow...
2025-05-21 19:57:56.827 [info] Getting sessions for all scopes...
2025-05-21 19:57:56.827 [info] Got 2 sessions for ...
2025-05-21 21:28:52.043 [info] Getting sessions for read:user,repo,user:email,workflow...
2025-05-21 21:28:52.043 [info] Got 1 sessions for read:user,repo,user:email,workflow...
2025-05-21 21:29:56.208 [info] Getting sessions for read:user,repo,user:email,workflow...
2025-05-21 21:29:56.208 [info] Got 1 sessions for read:user,repo,user:email,workflow...
2025-05-21 21:33:41.651 [info] Getting sessions for read:user,repo,user:email,workflow...
2025-05-21 21:33:41.651 [info] Got 1 sessions for read:user,repo,user:email,workflow...
2025-05-21 21:35:26.111 [info] Getting sessions for read:user,repo,user:email,workflow...
2025-05-21 21:35:26.111 [info] Got 1 sessions for read:user,repo,user:email,workflow...
