2025-05-21 13:47:45.806 [info] [main] Log level: Info
2025-05-21 13:47:45.806 [info] [main] Validating found git in: "git"
2025-05-21 13:47:45.806 [info] [main] Using git "2.49.0" from "git"
2025-05-21 13:47:45.806 [info] [Model][doInitialScan] Initial repository scan started
2025-05-21 13:47:45.806 [info] > git rev-parse --show-toplevel [53ms]
2025-05-21 13:47:45.806 [info] > git rev-parse --git-dir --git-common-dir [237ms]
2025-05-21 13:47:45.806 [info] [Model][openRepository] Opened repository (path): /home/m4cren/webDev/MetaFeast
2025-05-21 13:47:45.806 [info] [Model][openRepository] Opened repository (real path): /home/m4cren/webDev/MetaFeast
2025-05-21 13:47:45.806 [info] > git rev-parse --show-toplevel [8ms]
2025-05-21 13:47:45.806 [info] > git config --get commit.template [14ms]
2025-05-21 13:47:45.839 [info] > git rev-parse --show-toplevel [24ms]
2025-05-21 13:47:45.859 [info] > git for-each-ref --format=%(refname)%00%(upstream:short)%00%(objectname)%00%(upstream:track)%00%(upstream:remotename)%00%(upstream:remoteref) refs/heads/main refs/remotes/main [28ms]
2025-05-21 13:47:45.885 [warning] [Git][revParse] Unable to read file: ENOENT: no such file or directory, open '/home/m4cren/webDev/MetaFeast/.git/refs/remotes/origin/main'
2025-05-21 13:47:45.886 [info] > git rev-parse --show-toplevel [31ms]
2025-05-21 13:47:45.945 [info] > git rev-parse refs/remotes/origin/main [60ms]
2025-05-21 13:47:45.972 [info] > git for-each-ref --sort -committerdate --format %(refname)%00%(objectname)%00%(*objectname) [5ms]
2025-05-21 13:47:45.974 [info] > git rev-parse --show-toplevel [58ms]
2025-05-21 13:47:45.983 [info] > git rev-parse --show-toplevel [2ms]
2025-05-21 13:47:45.987 [info] [Model][doInitialScan] Initial repository scan completed - repositories (1), closed repositories (0), parent repositories (0), unsafe repositories (0)
2025-05-21 13:47:46.146 [info] > git show --textconv :client/src/styles/global.css [17ms]
2025-05-21 13:47:46.151 [info] > git ls-files --stage -- client/src/styles/global.css [5ms]
2025-05-21 13:47:46.164 [info] > git cat-file -s f6166e280af297a5def174c7c7351ff387f77265 [3ms]
2025-05-21 13:47:46.254 [info] > git blame --root --incremental 4392efc3221defcb76f87ce64fbbde73b8f2982a -- client/src/styles/global.css [39ms]
2025-05-21 13:47:46.616 [info] > git check-ignore -v -z --stdin [6ms]
2025-05-21 13:47:47.285 [info] > git check-ignore -v -z --stdin [4ms]
2025-05-21 13:47:47.709 [info] > git status -z -uall [1755ms]
2025-05-21 13:47:47.758 [info] > git for-each-ref --format=%(refname)%00%(upstream:short)%00%(objectname)%00%(upstream:track)%00%(upstream:remotename)%00%(upstream:remoteref) refs/heads/main refs/remotes/main [21ms]
2025-05-21 13:47:47.782 [info] > git config --get --local branch.main.vscode-merge-base [5ms]
2025-05-21 13:47:47.793 [info] > git config --get commit.template [38ms]
2025-05-21 13:47:47.859 [info] > git for-each-ref --format=%(refname)%00%(upstream:short)%00%(objectname)%00%(upstream:track)%00%(upstream:remotename)%00%(upstream:remoteref) refs/heads/main refs/remotes/main [49ms]
2025-05-21 13:47:47.859 [info] > git for-each-ref --format=%(refname)%00%(upstream:short)%00%(objectname)%00%(upstream:track)%00%(upstream:remotename)%00%(upstream:remoteref) refs/heads/origin/main refs/remotes/origin/main [67ms]
2025-05-21 13:47:47.892 [warning] [Git][revParse] Unable to read file: ENOENT: no such file or directory, open '/home/m4cren/webDev/MetaFeast/.git/refs/remotes/origin/main'
2025-05-21 13:47:47.937 [info] > git rev-parse refs/remotes/origin/main [45ms]
2025-05-21 13:47:47.964 [info] > git merge-base refs/heads/main refs/remotes/origin/main [97ms]
2025-05-21 13:47:47.982 [info] > git for-each-ref --sort -committerdate --format %(refname)%00%(objectname)%00%(*objectname) [18ms]
2025-05-21 13:47:47.983 [info] > git diff --name-status -z --diff-filter=ADMR 4392efc3221defcb76f87ce64fbbde73b8f2982a...refs/remotes/origin/main [2ms]
2025-05-21 13:47:49.061 [info] > git status -z -uall [1116ms]
2025-05-21 13:47:50.393 [info] > git check-ignore -v -z --stdin [3ms]
2025-05-21 13:47:54.822 [info] > git show --textconv :client/src/components/admin/popups/productManagement/OrderHistory.tsx [51ms]
2025-05-21 13:47:54.822 [info] > git ls-files --stage -- client/src/components/admin/popups/productManagement/OrderHistory.tsx [1ms]
2025-05-21 13:47:54.858 [info] > git cat-file -s bd6f48dfef69f17160a162b5f85ca463d1c14810 [6ms]
2025-05-21 13:48:00.244 [info] > git show --textconv :client/src/components/admin/popups/productManagement/SalesAnalytics.tsx [15ms]
2025-05-21 13:48:00.250 [info] > git ls-files --stage -- client/src/components/admin/popups/productManagement/SalesAnalytics.tsx [7ms]
2025-05-21 13:48:00.259 [info] > git cat-file -s 9e70cd01a95a50d72927493be97f953a27c9546f [1ms]
2025-05-21 13:48:03.603 [info] > git check-ignore -v -z --stdin [2ms]
2025-05-21 13:48:07.433 [info] > git check-ignore -v -z --stdin [3ms]
2025-05-21 13:48:10.388 [info] > git check-ignore -v -z --stdin [2ms]
2025-05-21 13:48:11.748 [info] > git check-ignore -v -z --stdin [2ms]
2025-05-21 13:48:12.451 [info] > git show --textconv :client/src/components/costumer/overlays/order/OrderMenu.tsx [18ms]
2025-05-21 13:48:12.454 [info] > git ls-files --stage -- client/src/components/costumer/overlays/order/OrderMenu.tsx [8ms]
2025-05-21 13:48:12.485 [info] > git cat-file -s 98a89de447e1d3588bb47cca80be360643955c41 [4ms]
2025-05-21 13:48:26.214 [info] > git blame --root --incremental 4392efc3221defcb76f87ce64fbbde73b8f2982a -- client/src/components/costumer/overlays/order/OrderMenu.tsx [5ms]
