2025-05-22 01:39:31.113 [info] Reading sessions from keychain...
2025-05-22 01:39:31.113 [info] Getting sessions for all scopes...
2025-05-22 01:39:31.113 [info] Getting sessions for all scopes...
2025-05-22 01:39:31.113 [info] Getting sessions for all scopes...
2025-05-22 01:39:31.113 [info] Getting sessions for all scopes...
2025-05-22 01:39:31.113 [info] Getting sessions for all scopes...
2025-05-22 01:39:31.113 [info] Getting sessions for all scopes...
2025-05-22 01:39:31.113 [info] Getting sessions for all scopes...
2025-05-22 01:39:31.154 [info] Got stored sessions!
2025-05-22 01:39:31.154 [info] Got 2 verified sessions.
2025-05-22 01:39:31.154 [info] Got 2 sessions for ...
2025-05-22 01:39:31.154 [info] Got 2 sessions for ...
2025-05-22 01:39:31.154 [info] Got 2 sessions for ...
2025-05-22 01:39:31.154 [info] Got 2 sessions for ...
2025-05-22 01:39:31.154 [info] Got 2 sessions for ...
2025-05-22 01:39:31.154 [info] Got 2 sessions for ...
2025-05-22 01:39:31.154 [info] Got 2 sessions for ...
2025-05-22 01:39:31.274 [info] Getting sessions for all scopes...
2025-05-22 01:39:31.274 [info] Got 2 sessions for ...
2025-05-22 01:39:31.274 [info] Getting sessions for all scopes...
2025-05-22 01:39:31.274 [info] Got 2 sessions for ...
2025-05-22 01:39:31.274 [info] Getting sessions for all scopes...
2025-05-22 01:39:31.274 [info] Got 2 sessions for ...
2025-05-22 01:39:31.275 [info] Getting sessions for all scopes...
2025-05-22 01:39:31.275 [info] Got 2 sessions for ...
2025-05-22 01:39:31.275 [info] Getting sessions for all scopes...
2025-05-22 01:39:31.275 [info] Got 2 sessions for ...
2025-05-22 01:39:31.275 [info] Getting sessions for all scopes...
2025-05-22 01:39:31.275 [info] Got 2 sessions for ...
2025-05-22 01:39:31.337 [info] Getting sessions for all scopes...
2025-05-22 01:39:31.337 [info] Got 2 sessions for ...
2025-05-22 01:39:32.474 [info] Getting sessions for user:email...
2025-05-22 01:39:32.474 [info] Got 1 sessions for user:email...
2025-05-22 01:39:32.488 [info] Getting sessions for all scopes...
2025-05-22 01:39:32.488 [info] Got 2 sessions for ...
2025-05-22 01:39:32.867 [info] Getting sessions for all scopes...
2025-05-22 01:39:32.867 [info] Got 2 sessions for ...
