2025-05-22 01:39:31.449 [info] [main] Log level: Info
2025-05-22 01:39:31.449 [info] [main] Validating found git in: "git"
2025-05-22 01:39:31.449 [info] [main] Using git "2.49.0" from "git"
2025-05-22 01:39:31.449 [info] [Model][doInitialScan] Initial repository scan started
2025-05-22 01:39:31.449 [info] > git rev-parse --show-toplevel [11ms]
2025-05-22 01:39:31.449 [info] fatal: not a git repository (or any parent up to mount point /)
Stopping at filesystem boundary (GIT_DISCOVERY_ACROSS_FILESYSTEM not set).
2025-05-22 01:39:31.449 [info] > git rev-parse --show-toplevel [4ms]
2025-05-22 01:39:31.449 [info] fatal: not a git repository (or any parent up to mount point /)
Stopping at filesystem boundary (GIT_DISCOVERY_ACROSS_FILESYSTEM not set).
2025-05-22 01:39:31.449 [info] > git rev-parse --show-toplevel [4ms]
2025-05-22 01:39:31.449 [info] fatal: not a git repository (or any parent up to mount point /)
Stopping at filesystem boundary (GIT_DISCOVERY_ACROSS_FILESYSTEM not set).
2025-05-22 01:39:31.450 [info] > git rev-parse --show-toplevel [1ms]
2025-05-22 01:39:31.450 [info] fatal: not a git repository (or any parent up to mount point /)
Stopping at filesystem boundary (GIT_DISCOVERY_ACROSS_FILESYSTEM not set).
2025-05-22 01:39:31.453 [info] [Model][doInitialScan] Initial repository scan completed - repositories (0), closed repositories (0), parent repositories (0), unsafe repositories (0)
2025-05-22 01:39:32.806 [info] > git rev-parse --show-toplevel [194ms]
2025-05-22 01:39:32.806 [info] fatal: not a git repository (or any parent up to mount point /)
Stopping at filesystem boundary (GIT_DISCOVERY_ACROSS_FILESYSTEM not set).
2025-05-22 01:39:32.900 [info] > git rev-parse --show-toplevel [18ms]
2025-05-22 01:39:32.900 [info] fatal: not a git repository (or any parent up to mount point /)
Stopping at filesystem boundary (GIT_DISCOVERY_ACROSS_FILESYSTEM not set).
2025-05-22 01:39:32.961 [info] > git rev-parse --show-toplevel [38ms]
2025-05-22 01:39:32.961 [info] fatal: not a git repository (or any parent up to mount point /)
Stopping at filesystem boundary (GIT_DISCOVERY_ACROSS_FILESYSTEM not set).
2025-05-22 01:43:09.016 [info] > git rev-parse --show-toplevel [2ms]
2025-05-22 01:43:09.069 [info] > git rev-parse --git-dir --git-common-dir [2ms]
2025-05-22 01:43:09.080 [info] [Model][openRepository] Opened repository (path): /home/m4cren/.config
2025-05-22 01:43:09.081 [info] [Model][openRepository] Opened repository (real path): /home/m4cren/.config
2025-05-22 01:43:09.188 [info] > git config --get commit.template [10ms]
2025-05-22 01:43:09.259 [info] [Git][getRemotes] No remotes found in the git config file
2025-05-22 01:43:09.261 [info] > git for-each-ref --format=%(refname)%00%(upstream:short)%00%(objectname)%00%(upstream:track)%00%(upstream:remotename)%00%(upstream:remoteref) refs/heads/master refs/remotes/master [2ms]
2025-05-22 01:43:09.261 [warning] [Git][getBranch] No such branch: master
2025-05-22 01:43:09.373 [info] > git status -z -uall [62ms]
2025-05-22 01:43:09.373 [info] > git for-each-ref --sort -committerdate --format %(refname)%00%(objectname)%00%(*objectname) [4ms]
2025-05-22 01:43:10.159 [info] > git for-each-ref --format=%(refname)%00%(upstream:short)%00%(objectname)%00%(upstream:track)%00%(upstream:remotename)%00%(upstream:remoteref) refs/heads/master refs/remotes/master [657ms]
2025-05-22 01:43:10.159 [warning] [Git][getBranch] No such branch: master
2025-05-22 01:43:10.160 [error] [GitHistoryProvider][resolveHEADMergeBase] Failed to resolve merge base for master: Error: No such branch: master.
2025-05-22 01:43:10.239 [info] > git check-ignore -v -z --stdin [5ms]
2025-05-22 01:43:10.243 [info] > git config --get commit.template [85ms]
2025-05-22 01:43:10.247 [info] [Git][getRemotes] No remotes found in the git config file
2025-05-22 01:43:10.317 [info] > git for-each-ref --format=%(refname)%00%(upstream:short)%00%(objectname)%00%(upstream:track)%00%(upstream:remotename)%00%(upstream:remoteref) refs/heads/master refs/remotes/master [2ms]
2025-05-22 01:43:10.317 [warning] [Git][getBranch] No such branch: master
2025-05-22 01:43:10.471 [info] > git for-each-ref --sort -committerdate --format %(refname)%00%(objectname)%00%(*objectname) [3ms]
2025-05-22 01:43:10.473 [info] > git status -z -uall [82ms]
2025-05-22 01:43:12.751 [info] > git config --get commit.template [3ms]
2025-05-22 01:43:12.797 [info] [Git][getRemotes] No remotes found in the git config file
2025-05-22 01:43:12.799 [info] > git for-each-ref --format=%(refname)%00%(upstream:short)%00%(objectname)%00%(upstream:track)%00%(upstream:remotename)%00%(upstream:remoteref) refs/heads/master refs/remotes/master [2ms]
2025-05-22 01:43:12.799 [warning] [Git][getBranch] No such branch: master
2025-05-22 01:43:12.893 [info] > git status -z -uall [49ms]
2025-05-22 01:43:12.893 [info] > git for-each-ref --sort -committerdate --format %(refname)%00%(objectname)%00%(*objectname) [3ms]
2025-05-22 01:43:17.983 [info] > git config --get commit.template [1ms]
2025-05-22 01:43:18.040 [info] [Git][getRemotes] No remotes found in the git config file
2025-05-22 01:43:18.042 [info] > git for-each-ref --format=%(refname)%00%(upstream:short)%00%(objectname)%00%(upstream:track)%00%(upstream:remotename)%00%(upstream:remoteref) refs/heads/main refs/remotes/main [2ms]
2025-05-22 01:43:18.042 [warning] [Git][getBranch] No such branch: main
2025-05-22 01:43:18.160 [info] > git for-each-ref --sort -committerdate --format %(refname)%00%(objectname)%00%(*objectname) [2ms]
2025-05-22 01:43:18.161 [info] > git status -z -uall [61ms]
2025-05-22 01:43:18.262 [info] > git for-each-ref --format=%(refname)%00%(upstream:short)%00%(objectname)%00%(upstream:track)%00%(upstream:remotename)%00%(upstream:remoteref) refs/heads/main refs/remotes/main [3ms]
2025-05-22 01:43:18.262 [warning] [Git][getBranch] No such branch: main
2025-05-22 01:43:18.262 [error] [GitHistoryProvider][resolveHEADMergeBase] Failed to resolve merge base for main: Error: No such branch: main.
2025-05-22 01:43:23.335 [info] > git config --get commit.template [2ms]
2025-05-22 01:43:23.397 [info] [Git][getRemotes] No remotes found in the git config file
2025-05-22 01:43:23.398 [info] > git for-each-ref --format=%(refname)%00%(upstream:short)%00%(objectname)%00%(upstream:track)%00%(upstream:remotename)%00%(upstream:remoteref) refs/heads/main refs/remotes/main [1ms]
2025-05-22 01:43:23.398 [warning] [Git][getBranch] No such branch: main
2025-05-22 01:43:23.532 [info] > git status -z -uall [73ms]
2025-05-22 01:43:23.532 [info] > git for-each-ref --sort -committerdate --format %(refname)%00%(objectname)%00%(*objectname) [4ms]
2025-05-22 01:43:28.622 [info] > git config --get commit.template [2ms]
2025-05-22 01:43:28.673 [info] [Git][getRemotes] No remotes found in the git config file
2025-05-22 01:43:28.681 [info] > git for-each-ref --format=%(refname)%00%(upstream:short)%00%(objectname)%00%(upstream:track)%00%(upstream:remotename)%00%(upstream:remoteref) refs/heads/main refs/remotes/main [8ms]
2025-05-22 01:43:28.681 [warning] [Git][getBranch] No such branch: main
2025-05-22 01:43:28.827 [info] > git for-each-ref --sort -committerdate --format %(refname)%00%(objectname)%00%(*objectname) [19ms]
2025-05-22 01:43:28.831 [info] > git status -z -uall [91ms]
2025-05-22 01:43:46.166 [info] > git config --get commit.template [4ms]
2025-05-22 01:43:46.235 [info] [Git][getRemotes] No remotes found in the git config file
2025-05-22 01:43:46.236 [info] > git for-each-ref --format=%(refname)%00%(upstream:short)%00%(objectname)%00%(upstream:track)%00%(upstream:remotename)%00%(upstream:remoteref) refs/heads/main refs/remotes/main [2ms]
2025-05-22 01:43:46.236 [warning] [Git][getBranch] No such branch: main
2025-05-22 01:43:46.377 [info] > git status -z -uall [76ms]
2025-05-22 01:43:46.378 [info] > git for-each-ref --sort -committerdate --format %(refname)%00%(objectname)%00%(*objectname) [3ms]
2025-05-22 01:43:51.468 [info] > git config --get commit.template [2ms]
2025-05-22 01:43:51.468 [info] [Git][getRemotes] No remotes found in the git config file
2025-05-22 01:43:51.523 [info] > git for-each-ref --format=%(refname)%00%(upstream:short)%00%(objectname)%00%(upstream:track)%00%(upstream:remotename)%00%(upstream:remoteref) refs/heads/main refs/remotes/main [2ms]
2025-05-22 01:43:51.523 [warning] [Git][getBranch] No such branch: main
2025-05-22 01:43:51.627 [info] > git status -z -uall [53ms]
2025-05-22 01:43:51.627 [info] > git for-each-ref --sort -committerdate --format %(refname)%00%(objectname)%00%(*objectname) [2ms]
2025-05-22 01:43:56.766 [info] > git config --get commit.template [15ms]
2025-05-22 01:43:56.841 [info] [Git][getRemotes] No remotes found in the git config file
2025-05-22 01:43:56.844 [info] > git for-each-ref --format=%(refname)%00%(upstream:short)%00%(objectname)%00%(upstream:track)%00%(upstream:remotename)%00%(upstream:remoteref) refs/heads/main refs/remotes/main [3ms]
2025-05-22 01:43:56.845 [warning] [Git][getBranch] No such branch: main
2025-05-22 01:43:56.990 [info] > git status -z -uall [72ms]
2025-05-22 01:43:56.990 [info] > git for-each-ref --sort -committerdate --format %(refname)%00%(objectname)%00%(*objectname) [3ms]
2025-05-22 01:44:02.075 [info] > git config --get commit.template [1ms]
2025-05-22 01:44:02.148 [info] [Git][getRemotes] No remotes found in the git config file
2025-05-22 01:44:02.149 [info] > git for-each-ref --format=%(refname)%00%(upstream:short)%00%(objectname)%00%(upstream:track)%00%(upstream:remotename)%00%(upstream:remoteref) refs/heads/main refs/remotes/main [1ms]
2025-05-22 01:44:02.149 [warning] [Git][getBranch] No such branch: main
2025-05-22 01:44:02.290 [info] > git status -z -uall [88ms]
2025-05-22 01:44:02.290 [info] > git for-each-ref --sort -committerdate --format %(refname)%00%(objectname)%00%(*objectname) [4ms]
2025-05-22 01:44:07.380 [info] > git config --get commit.template [1ms]
2025-05-22 01:44:07.437 [info] > git for-each-ref --format=%(refname)%00%(upstream:short)%00%(objectname)%00%(upstream:track)%00%(upstream:remotename)%00%(upstream:remoteref) refs/heads/main refs/remotes/main [1ms]
2025-05-22 01:44:07.437 [warning] [Git][getBranch] No such branch: main
2025-05-22 01:44:07.555 [info] > git status -z -uall [62ms]
2025-05-22 01:44:07.555 [info] > git for-each-ref --sort -committerdate --format %(refname)%00%(objectname)%00%(*objectname) [2ms]
2025-05-22 01:44:12.648 [info] > git config --get commit.template [1ms]
2025-05-22 01:44:12.710 [info] > git for-each-ref --format=%(refname)%00%(upstream:short)%00%(objectname)%00%(upstream:track)%00%(upstream:remotename)%00%(upstream:remoteref) refs/heads/main refs/remotes/main [1ms]
2025-05-22 01:44:12.710 [warning] [Git][getBranch] No such branch: main
2025-05-22 01:44:12.836 [info] > git status -z -uall [65ms]
2025-05-22 01:44:12.836 [info] > git for-each-ref --sort -committerdate --format %(refname)%00%(objectname)%00%(*objectname) [3ms]
2025-05-22 01:44:17.978 [info] > git config --get commit.template [4ms]
2025-05-22 01:44:18.064 [info] > git for-each-ref --format=%(refname)%00%(upstream:short)%00%(objectname)%00%(upstream:track)%00%(upstream:remotename)%00%(upstream:remoteref) refs/heads/main refs/remotes/main [2ms]
2025-05-22 01:44:18.064 [warning] [Git][getBranch] No such branch: main
2025-05-22 01:44:18.204 [info] > git status -z -uall [76ms]
2025-05-22 01:44:18.204 [info] > git for-each-ref --sort -committerdate --format %(refname)%00%(objectname)%00%(*objectname) [3ms]
2025-05-22 01:44:23.349 [info] > git config --get commit.template [3ms]
2025-05-22 01:44:23.454 [info] > git for-each-ref --format=%(refname)%00%(upstream:short)%00%(objectname)%00%(upstream:track)%00%(upstream:remotename)%00%(upstream:remoteref) refs/heads/main refs/remotes/main [3ms]
2025-05-22 01:44:23.455 [warning] [Git][getBranch] No such branch: main
2025-05-22 01:44:23.747 [info] > git status -z -uall [105ms]
2025-05-22 01:44:23.747 [info] > git for-each-ref --sort -committerdate --format %(refname)%00%(objectname)%00%(*objectname) [4ms]
