2025-05-22 01:10:08.687 [info] [main] Log level: Info
2025-05-22 01:10:08.687 [info] [main] Validating found git in: "git"
2025-05-22 01:10:08.687 [info] [main] Using git "2.49.0" from "git"
2025-05-22 01:10:08.687 [info] [Model][doInitialScan] Initial repository scan started
2025-05-22 01:10:08.687 [info] > git rev-parse --show-toplevel [6ms]
2025-05-22 01:10:08.687 [info] > git rev-parse --git-dir --git-common-dir [4ms]
2025-05-22 01:10:08.687 [info] [Model][openRepository] Opened repository (path): /home/m4cren/webDev/GameHub
2025-05-22 01:10:08.687 [info] [Model][openRepository] Opened repository (real path): /home/m4cren/webDev/GameHub
2025-05-22 01:10:08.689 [info] > git rev-parse --show-toplevel [5ms]
2025-05-22 01:10:08.690 [info] > git config --get commit.template [25ms]
2025-05-22 01:10:08.723 [info] > git rev-parse --show-toplevel [10ms]
2025-05-22 01:10:08.731 [info] > git for-each-ref --format=%(refname)%00%(upstream:short)%00%(objectname)%00%(upstream:track)%00%(upstream:remotename)%00%(upstream:remoteref) refs/heads/main refs/remotes/main [11ms]
2025-05-22 01:10:08.757 [info] > git status -z -uall [18ms]
2025-05-22 01:10:08.759 [info] > git rev-parse --show-toplevel [28ms]
2025-05-22 01:10:08.761 [info] [Model][doInitialScan] Initial repository scan completed - repositories (1), closed repositories (0), parent repositories (0), unsafe repositories (0)
2025-05-22 01:10:08.762 [info] > git for-each-ref --sort -committerdate --format %(refname)%00%(objectname)%00%(*objectname) [10ms]
2025-05-22 01:10:08.832 [info] > git for-each-ref --format=%(refname)%00%(upstream:short)%00%(objectname)%00%(upstream:track)%00%(upstream:remotename)%00%(upstream:remoteref) refs/heads/main refs/remotes/main [22ms]
2025-05-22 01:10:08.854 [info] > git config --get --local branch.main.vscode-merge-base [9ms]
2025-05-22 01:10:08.855 [warning] [Git][config] git config failed: Failed to execute git
2025-05-22 01:10:08.863 [info] > git config --get commit.template [31ms]
2025-05-22 01:10:08.888 [info] > git reflog main --grep-reflog=branch: Created from *. [26ms]
2025-05-22 01:10:08.908 [info] > git for-each-ref --format=%(refname)%00%(upstream:short)%00%(objectname)%00%(upstream:track)%00%(upstream:remotename)%00%(upstream:remoteref) refs/heads/main refs/remotes/main [21ms]
2025-05-22 01:10:08.911 [info] > git symbolic-ref --short refs/remotes/origin/HEAD [4ms]
2025-05-22 01:10:08.911 [info] fatal: ref refs/remotes/origin/HEAD is not a symbolic ref
2025-05-22 01:10:08.911 [warning] [Repository][getDefaultBranch] Failed to get default branch details: Failed to execute git.
2025-05-22 01:10:08.963 [info] > git merge-base refs/heads/main refs/remotes/origin/main [40ms]
2025-05-22 01:10:08.984 [info] > git status -z -uall [35ms]
2025-05-22 01:10:08.993 [info] > git diff --name-status -z --diff-filter=ADMR e183a7fbf6041d75dc2dd1756e7dad083a908082...refs/remotes/origin/main [9ms]
2025-05-22 01:10:08.994 [info] > git for-each-ref --sort -committerdate --format %(refname)%00%(objectname)%00%(*objectname) [32ms]
2025-05-22 01:10:10.966 [info] > git show --textconv :client/src/components/navbar/NavBar.tsx [140ms]
2025-05-22 01:10:10.966 [info] > git ls-files --stage -- client/src/components/navbar/NavBar.tsx [126ms]
2025-05-22 01:10:11.024 [info] > git cat-file -s 1a6d6a856850216596b1144149c187b0ec960fa7 [47ms]
2025-05-22 01:10:11.229 [info] > git check-ignore -v -z --stdin [36ms]
2025-05-22 01:10:11.371 [info] > git blame --root --incremental e183a7fbf6041d75dc2dd1756e7dad083a908082 -- client/src/components/navbar/NavBar.tsx [33ms]
2025-05-22 01:10:33.882 [info] > git check-ignore -v -z --stdin [2ms]
2025-05-22 01:12:28.319 [info] > git config --get commit.template [5ms]
2025-05-22 01:12:28.320 [info] > git for-each-ref --format=%(refname)%00%(upstream:short)%00%(objectname)%00%(upstream:track)%00%(upstream:remotename)%00%(upstream:remoteref) refs/heads/main refs/remotes/main [1ms]
2025-05-22 01:12:28.330 [info] > git status -z -uall [6ms]
2025-05-22 01:12:28.331 [info] > git for-each-ref --sort -committerdate --format %(refname)%00%(objectname)%00%(*objectname) [2ms]
2025-05-22 01:15:04.319 [info] > git show --textconv :client/src/components/main/Header.tsx [6ms]
2025-05-22 01:15:04.320 [info] > git ls-files --stage -- client/src/components/main/Header.tsx [1ms]
2025-05-22 01:15:04.328 [info] > git cat-file -s f6c47f834bfa14787685cd489309ff9e5aa666cf [1ms]
2025-05-22 01:15:04.352 [info] > git blame --root --incremental e183a7fbf6041d75dc2dd1756e7dad083a908082 -- client/src/components/main/Header.tsx [2ms]
2025-05-22 01:15:06.237 [info] > git show --textconv :client/src/components/navbar/DarkMode.tsx [8ms]
2025-05-22 01:15:06.238 [info] > git ls-files --stage -- client/src/components/navbar/DarkMode.tsx [2ms]
2025-05-22 01:15:06.245 [info] > git cat-file -s efe4358b219e312da172eb2da7f7fe4dfdf4e960 [2ms]
2025-05-22 01:15:06.256 [info] > git blame --root --incremental e183a7fbf6041d75dc2dd1756e7dad083a908082 -- client/src/components/navbar/DarkMode.tsx [2ms]
2025-05-22 01:15:06.834 [info] > git show --textconv :client/src/components/navbar/NavBar.tsx [9ms]
2025-05-22 01:15:06.836 [info] > git ls-files --stage -- client/src/components/navbar/NavBar.tsx [2ms]
2025-05-22 01:15:06.842 [info] > git cat-file -s 1a6d6a856850216596b1144149c187b0ec960fa7 [1ms]
2025-05-22 01:15:36.678 [info] > git config --get commit.template [6ms]
2025-05-22 01:15:36.678 [info] > git for-each-ref --format=%(refname)%00%(upstream:short)%00%(objectname)%00%(upstream:track)%00%(upstream:remotename)%00%(upstream:remoteref) refs/heads/main refs/remotes/main [1ms]
2025-05-22 01:15:36.690 [info] > git status -z -uall [6ms]
2025-05-22 01:15:36.690 [info] > git for-each-ref --sort -committerdate --format %(refname)%00%(objectname)%00%(*objectname) [1ms]
2025-05-22 01:15:49.872 [info] > git config --get commit.template [6ms]
2025-05-22 01:15:49.873 [info] > git for-each-ref --format=%(refname)%00%(upstream:short)%00%(objectname)%00%(upstream:track)%00%(upstream:remotename)%00%(upstream:remoteref) refs/heads/main refs/remotes/main [1ms]
2025-05-22 01:15:49.884 [info] > git status -z -uall [6ms]
2025-05-22 01:15:49.885 [info] > git for-each-ref --sort -committerdate --format %(refname)%00%(objectname)%00%(*objectname) [2ms]
2025-05-22 01:16:55.281 [info] > git config --get commit.template [18ms]
2025-05-22 01:16:55.282 [info] > git for-each-ref --format=%(refname)%00%(upstream:short)%00%(objectname)%00%(upstream:track)%00%(upstream:remotename)%00%(upstream:remoteref) refs/heads/main refs/remotes/main [4ms]
2025-05-22 01:16:55.324 [info] > git status -z -uall [26ms]
2025-05-22 01:16:55.324 [info] > git for-each-ref --sort -committerdate --format %(refname)%00%(objectname)%00%(*objectname) [9ms]
2025-05-22 01:17:00.351 [info] > git config --get commit.template [7ms]
2025-05-22 01:17:00.352 [info] > git for-each-ref --format=%(refname)%00%(upstream:short)%00%(objectname)%00%(upstream:track)%00%(upstream:remotename)%00%(upstream:remoteref) refs/heads/main refs/remotes/main [3ms]
2025-05-22 01:17:00.366 [info] > git status -z -uall [8ms]
2025-05-22 01:17:00.369 [info] > git for-each-ref --sort -committerdate --format %(refname)%00%(objectname)%00%(*objectname) [3ms]
2025-05-22 01:19:32.136 [info] > git config --get commit.template [7ms]
2025-05-22 01:19:32.136 [info] > git for-each-ref --format=%(refname)%00%(upstream:short)%00%(objectname)%00%(upstream:track)%00%(upstream:remotename)%00%(upstream:remoteref) refs/heads/main refs/remotes/main [1ms]
2025-05-22 01:19:32.147 [info] > git status -z -uall [6ms]
2025-05-22 01:19:32.148 [info] > git for-each-ref --sort -committerdate --format %(refname)%00%(objectname)%00%(*objectname) [1ms]
2025-05-22 01:20:02.130 [info] > git show --textconv :client/src/components/aside/MenuPhone.tsx [7ms]
2025-05-22 01:20:02.131 [info] > git ls-files --stage -- client/src/components/aside/MenuPhone.tsx [2ms]
2025-05-22 01:20:02.137 [info] > git cat-file -s 21a049f52f79e921a0c5ec98aa32512579506d08 [1ms]
2025-05-22 01:20:02.150 [info] > git blame --root --incremental e183a7fbf6041d75dc2dd1756e7dad083a908082 -- client/src/components/aside/MenuPhone.tsx [2ms]
2025-05-22 01:20:05.419 [info] > git show --textconv :client/src/components/main/GameList.tsx [9ms]
2025-05-22 01:20:05.423 [info] > git ls-files --stage -- client/src/components/main/GameList.tsx [4ms]
2025-05-22 01:20:05.432 [info] > git cat-file -s ca0be039aa9507737ff23ed5717bb48191bfeff6 [2ms]
2025-05-22 01:20:05.453 [info] > git blame --root --incremental e183a7fbf6041d75dc2dd1756e7dad083a908082 -- client/src/components/main/GameList.tsx [2ms]
2025-05-22 01:20:06.812 [info] > git show --textconv :client/src/components/main/Header.tsx [6ms]
2025-05-22 01:20:06.813 [info] > git ls-files --stage -- client/src/components/main/Header.tsx [2ms]
2025-05-22 01:20:06.820 [info] > git cat-file -s f6c47f834bfa14787685cd489309ff9e5aa666cf [1ms]
2025-05-22 01:20:44.143 [info] > git config --get commit.template [6ms]
2025-05-22 01:20:44.144 [info] > git for-each-ref --format=%(refname)%00%(upstream:short)%00%(objectname)%00%(upstream:track)%00%(upstream:remotename)%00%(upstream:remoteref) refs/heads/main refs/remotes/main [2ms]
2025-05-22 01:20:44.156 [info] > git status -z -uall [6ms]
2025-05-22 01:20:44.157 [info] > git for-each-ref --sort -committerdate --format %(refname)%00%(objectname)%00%(*objectname) [1ms]
2025-05-22 01:20:49.175 [info] > git config --get commit.template [6ms]
2025-05-22 01:20:49.175 [info] > git for-each-ref --format=%(refname)%00%(upstream:short)%00%(objectname)%00%(upstream:track)%00%(upstream:remotename)%00%(upstream:remoteref) refs/heads/main refs/remotes/main [1ms]
2025-05-22 01:20:49.188 [info] > git status -z -uall [8ms]
2025-05-22 01:20:49.188 [info] > git for-each-ref --sort -committerdate --format %(refname)%00%(objectname)%00%(*objectname) [1ms]
2025-05-22 01:20:54.202 [info] > git config --get commit.template [6ms]
2025-05-22 01:20:54.203 [info] > git for-each-ref --format=%(refname)%00%(upstream:short)%00%(objectname)%00%(upstream:track)%00%(upstream:remotename)%00%(upstream:remoteref) refs/heads/main refs/remotes/main [1ms]
2025-05-22 01:20:54.214 [info] > git status -z -uall [6ms]
2025-05-22 01:20:54.215 [info] > git for-each-ref --sort -committerdate --format %(refname)%00%(objectname)%00%(*objectname) [2ms]
2025-05-22 01:21:13.141 [info] > git config --get commit.template [7ms]
2025-05-22 01:21:13.141 [info] > git for-each-ref --format=%(refname)%00%(upstream:short)%00%(objectname)%00%(upstream:track)%00%(upstream:remotename)%00%(upstream:remoteref) refs/heads/main refs/remotes/main [1ms]
2025-05-22 01:21:13.152 [info] > git status -z -uall [6ms]
2025-05-22 01:21:13.153 [info] > git for-each-ref --sort -committerdate --format %(refname)%00%(objectname)%00%(*objectname) [1ms]
2025-05-22 01:22:43.461 [info] > git config --get commit.template [9ms]
2025-05-22 01:22:43.462 [info] > git for-each-ref --format=%(refname)%00%(upstream:short)%00%(objectname)%00%(upstream:track)%00%(upstream:remotename)%00%(upstream:remoteref) refs/heads/main refs/remotes/main [2ms]
2025-05-22 01:22:43.476 [info] > git status -z -uall [9ms]
2025-05-22 01:22:43.476 [info] > git for-each-ref --sort -committerdate --format %(refname)%00%(objectname)%00%(*objectname) [1ms]
2025-05-22 01:22:54.507 [info] > git config --get commit.template [1ms]
2025-05-22 01:22:54.513 [info] > git for-each-ref --format=%(refname)%00%(upstream:short)%00%(objectname)%00%(upstream:track)%00%(upstream:remotename)%00%(upstream:remoteref) refs/heads/main refs/remotes/main [1ms]
2025-05-22 01:22:54.524 [info] > git status -z -uall [6ms]
2025-05-22 01:22:54.525 [info] > git for-each-ref --sort -committerdate --format %(refname)%00%(objectname)%00%(*objectname) [1ms]
2025-05-22 01:22:59.539 [info] > git config --get commit.template [6ms]
2025-05-22 01:22:59.540 [info] > git for-each-ref --format=%(refname)%00%(upstream:short)%00%(objectname)%00%(upstream:track)%00%(upstream:remotename)%00%(upstream:remoteref) refs/heads/main refs/remotes/main [2ms]
2025-05-22 01:22:59.553 [info] > git status -z -uall [7ms]
2025-05-22 01:22:59.553 [info] > git for-each-ref --sort -committerdate --format %(refname)%00%(objectname)%00%(*objectname) [1ms]
2025-05-22 01:24:15.258 [info] > git config --get commit.template [23ms]
2025-05-22 01:24:15.260 [info] > git for-each-ref --format=%(refname)%00%(upstream:short)%00%(objectname)%00%(upstream:track)%00%(upstream:remotename)%00%(upstream:remoteref) refs/heads/main refs/remotes/main [3ms]
2025-05-22 01:24:15.301 [info] > git status -z -uall [23ms]
2025-05-22 01:24:15.304 [info] > git for-each-ref --sort -committerdate --format %(refname)%00%(objectname)%00%(*objectname) [6ms]
2025-05-22 01:24:22.249 [info] > git show --textconv :client/src/components/main/GameList.tsx [7ms]
2025-05-22 01:24:22.250 [info] > git ls-files --stage -- client/src/components/main/GameList.tsx [2ms]
2025-05-22 01:24:22.256 [info] > git cat-file -s ca0be039aa9507737ff23ed5717bb48191bfeff6 [1ms]
2025-05-22 01:24:38.902 [info] > git config --get commit.template [6ms]
2025-05-22 01:24:38.903 [info] > git for-each-ref --format=%(refname)%00%(upstream:short)%00%(objectname)%00%(upstream:track)%00%(upstream:remotename)%00%(upstream:remoteref) refs/heads/main refs/remotes/main [1ms]
2025-05-22 01:24:38.919 [info] > git status -z -uall [8ms]
2025-05-22 01:24:38.919 [info] > git for-each-ref --sort -committerdate --format %(refname)%00%(objectname)%00%(*objectname) [2ms]
2025-05-22 01:24:43.934 [info] > git config --get commit.template [5ms]
2025-05-22 01:24:43.935 [info] > git for-each-ref --format=%(refname)%00%(upstream:short)%00%(objectname)%00%(upstream:track)%00%(upstream:remotename)%00%(upstream:remoteref) refs/heads/main refs/remotes/main [1ms]
2025-05-22 01:24:43.946 [info] > git status -z -uall [6ms]
2025-05-22 01:24:43.947 [info] > git for-each-ref --sort -committerdate --format %(refname)%00%(objectname)%00%(*objectname) [2ms]
2025-05-22 01:24:48.964 [info] > git config --get commit.template [5ms]
2025-05-22 01:24:48.965 [info] > git for-each-ref --format=%(refname)%00%(upstream:short)%00%(objectname)%00%(upstream:track)%00%(upstream:remotename)%00%(upstream:remoteref) refs/heads/main refs/remotes/main [1ms]
2025-05-22 01:24:48.976 [info] > git status -z -uall [6ms]
2025-05-22 01:24:48.977 [info] > git for-each-ref --sort -committerdate --format %(refname)%00%(objectname)%00%(*objectname) [2ms]
2025-05-22 01:25:02.044 [info] > git config --get commit.template [6ms]
2025-05-22 01:25:02.045 [info] > git for-each-ref --format=%(refname)%00%(upstream:short)%00%(objectname)%00%(upstream:track)%00%(upstream:remotename)%00%(upstream:remoteref) refs/heads/main refs/remotes/main [1ms]
2025-05-22 01:25:02.057 [info] > git status -z -uall [6ms]
2025-05-22 01:25:02.058 [info] > git for-each-ref --sort -committerdate --format %(refname)%00%(objectname)%00%(*objectname) [2ms]
2025-05-22 01:25:07.074 [info] > git config --get commit.template [5ms]
2025-05-22 01:25:07.075 [info] > git for-each-ref --format=%(refname)%00%(upstream:short)%00%(objectname)%00%(upstream:track)%00%(upstream:remotename)%00%(upstream:remoteref) refs/heads/main refs/remotes/main [1ms]
2025-05-22 01:25:07.087 [info] > git status -z -uall [7ms]
2025-05-22 01:25:07.088 [info] > git for-each-ref --sort -committerdate --format %(refname)%00%(objectname)%00%(*objectname) [2ms]
2025-05-22 01:25:32.420 [info] > git config --get commit.template [4ms]
2025-05-22 01:25:32.436 [info] > git for-each-ref --format=%(refname)%00%(upstream:short)%00%(objectname)%00%(upstream:track)%00%(upstream:remotename)%00%(upstream:remoteref) refs/heads/main refs/remotes/main [2ms]
2025-05-22 01:25:32.482 [info] > git status -z -uall [27ms]
2025-05-22 01:25:32.483 [info] > git for-each-ref --sort -committerdate --format %(refname)%00%(objectname)%00%(*objectname) [10ms]
2025-05-22 01:25:47.132 [info] > git config --get commit.template [1ms]
2025-05-22 01:25:47.142 [info] > git for-each-ref --format=%(refname)%00%(upstream:short)%00%(objectname)%00%(upstream:track)%00%(upstream:remotename)%00%(upstream:remoteref) refs/heads/main refs/remotes/main [2ms]
2025-05-22 01:25:47.162 [info] > git status -z -uall [12ms]
2025-05-22 01:25:47.163 [info] > git for-each-ref --sort -committerdate --format %(refname)%00%(objectname)%00%(*objectname) [1ms]
2025-05-22 01:25:52.801 [info] > git config --get commit.template [6ms]
2025-05-22 01:25:52.801 [info] > git for-each-ref --format=%(refname)%00%(upstream:short)%00%(objectname)%00%(upstream:track)%00%(upstream:remotename)%00%(upstream:remoteref) refs/heads/main refs/remotes/main [1ms]
2025-05-22 01:25:52.814 [info] > git status -z -uall [6ms]
2025-05-22 01:25:52.814 [info] > git for-each-ref --sort -committerdate --format %(refname)%00%(objectname)%00%(*objectname) [1ms]
2025-05-22 01:25:57.845 [info] > git config --get commit.template [12ms]
2025-05-22 01:25:57.846 [info] > git for-each-ref --format=%(refname)%00%(upstream:short)%00%(objectname)%00%(upstream:track)%00%(upstream:remotename)%00%(upstream:remoteref) refs/heads/main refs/remotes/main [3ms]
2025-05-22 01:25:57.868 [info] > git status -z -uall [13ms]
2025-05-22 01:25:57.869 [info] > git for-each-ref --sort -committerdate --format %(refname)%00%(objectname)%00%(*objectname) [2ms]
2025-05-22 01:26:16.620 [info] > git config --get commit.template [8ms]
2025-05-22 01:26:16.620 [info] > git for-each-ref --format=%(refname)%00%(upstream:short)%00%(objectname)%00%(upstream:track)%00%(upstream:remotename)%00%(upstream:remoteref) refs/heads/main refs/remotes/main [1ms]
2025-05-22 01:26:16.635 [info] > git status -z -uall [9ms]
2025-05-22 01:26:16.635 [info] > git for-each-ref --sort -committerdate --format %(refname)%00%(objectname)%00%(*objectname) [1ms]
2025-05-22 01:26:21.751 [info] > git config --get commit.template [7ms]
2025-05-22 01:26:21.752 [info] > git for-each-ref --format=%(refname)%00%(upstream:short)%00%(objectname)%00%(upstream:track)%00%(upstream:remotename)%00%(upstream:remoteref) refs/heads/main refs/remotes/main [2ms]
2025-05-22 01:26:21.763 [info] > git status -z -uall [6ms]
2025-05-22 01:26:21.764 [info] > git for-each-ref --sort -committerdate --format %(refname)%00%(objectname)%00%(*objectname) [1ms]
2025-05-22 01:27:15.793 [info] > git show --textconv :client/src/components/aside/CategoryList.tsx [8ms]
2025-05-22 01:27:15.794 [info] > git ls-files --stage -- client/src/components/aside/CategoryList.tsx [2ms]
2025-05-22 01:27:15.803 [info] > git cat-file -s 359d5eea8e79b1380751311fc2ed719b93fe2ceb [1ms]
2025-05-22 01:27:15.815 [info] > git blame --root --incremental e183a7fbf6041d75dc2dd1756e7dad083a908082 -- client/src/components/aside/CategoryList.tsx [2ms]
2025-05-22 01:27:16.690 [info] > git show --textconv :client/src/components/aside/MenuPhone.tsx [9ms]
2025-05-22 01:27:16.691 [info] > git ls-files --stage -- client/src/components/aside/MenuPhone.tsx [1ms]
2025-05-22 01:27:16.697 [info] > git cat-file -s 21a049f52f79e921a0c5ec98aa32512579506d08 [1ms]
2025-05-22 01:27:26.162 [info] > git config --get commit.template [6ms]
2025-05-22 01:27:26.182 [info] > git for-each-ref --format=%(refname)%00%(upstream:short)%00%(objectname)%00%(upstream:track)%00%(upstream:remotename)%00%(upstream:remoteref) refs/heads/main refs/remotes/main [2ms]
2025-05-22 01:27:26.206 [info] > git status -z -uall [11ms]
2025-05-22 01:27:26.212 [info] > git for-each-ref --sort -committerdate --format %(refname)%00%(objectname)%00%(*objectname) [7ms]
2025-05-22 01:27:46.621 [info] > git config --get commit.template [6ms]
2025-05-22 01:27:46.622 [info] > git for-each-ref --format=%(refname)%00%(upstream:short)%00%(objectname)%00%(upstream:track)%00%(upstream:remotename)%00%(upstream:remoteref) refs/heads/main refs/remotes/main [1ms]
2025-05-22 01:27:46.638 [info] > git status -z -uall [10ms]
2025-05-22 01:27:46.639 [info] > git for-each-ref --sort -committerdate --format %(refname)%00%(objectname)%00%(*objectname) [2ms]
2025-05-22 01:31:11.750 [info] > git config --get commit.template [4ms]
2025-05-22 01:31:11.767 [info] > git for-each-ref --format=%(refname)%00%(upstream:short)%00%(objectname)%00%(upstream:track)%00%(upstream:remotename)%00%(upstream:remoteref) refs/heads/main refs/remotes/main [4ms]
2025-05-22 01:31:11.800 [info] > git status -z -uall [17ms]
2025-05-22 01:31:11.802 [info] > git for-each-ref --sort -committerdate --format %(refname)%00%(objectname)%00%(*objectname) [4ms]
2025-05-22 01:31:14.534 [info] > git check-ignore -v -z --stdin [1ms]
2025-05-22 01:32:32.043 [info] > git show --textconv :client/src/components/aside/CategoryList.tsx [7ms]
2025-05-22 01:32:32.044 [info] > git ls-files --stage -- client/src/components/aside/CategoryList.tsx [1ms]
2025-05-22 01:32:32.050 [info] > git cat-file -s 359d5eea8e79b1380751311fc2ed719b93fe2ceb [1ms]
2025-05-22 01:32:46.469 [info] > git show --textconv :client/src/components/main/GameList.tsx [7ms]
2025-05-22 01:32:46.470 [info] > git ls-files --stage -- client/src/components/main/GameList.tsx [2ms]
2025-05-22 01:32:46.476 [info] > git cat-file -s ca0be039aa9507737ff23ed5717bb48191bfeff6 [1ms]
2025-05-22 01:32:57.889 [info] > git config --get commit.template [6ms]
2025-05-22 01:32:57.890 [info] > git for-each-ref --format=%(refname)%00%(upstream:short)%00%(objectname)%00%(upstream:track)%00%(upstream:remotename)%00%(upstream:remoteref) refs/heads/main refs/remotes/main [1ms]
2025-05-22 01:32:57.902 [info] > git status -z -uall [6ms]
2025-05-22 01:32:57.903 [info] > git for-each-ref --sort -committerdate --format %(refname)%00%(objectname)%00%(*objectname) [1ms]
2025-05-22 01:33:07.825 [info] > git config --get commit.template [8ms]
2025-05-22 01:33:07.826 [info] > git for-each-ref --format=%(refname)%00%(upstream:short)%00%(objectname)%00%(upstream:track)%00%(upstream:remotename)%00%(upstream:remoteref) refs/heads/main refs/remotes/main [1ms]
2025-05-22 01:33:07.840 [info] > git status -z -uall [8ms]
2025-05-22 01:33:07.841 [info] > git for-each-ref --sort -committerdate --format %(refname)%00%(objectname)%00%(*objectname) [1ms]
2025-05-22 01:34:03.607 [info] > git config --get commit.template [4ms]
2025-05-22 01:34:03.618 [info] > git for-each-ref --format=%(refname)%00%(upstream:short)%00%(objectname)%00%(upstream:track)%00%(upstream:remotename)%00%(upstream:remoteref) refs/heads/main refs/remotes/main [3ms]
2025-05-22 01:34:03.647 [info] > git status -z -uall [14ms]
2025-05-22 01:34:03.649 [info] > git for-each-ref --sort -committerdate --format %(refname)%00%(objectname)%00%(*objectname) [3ms]
2025-05-22 01:34:45.249 [info] > git config --get commit.template [25ms]
2025-05-22 01:34:45.250 [info] > git for-each-ref --format=%(refname)%00%(upstream:short)%00%(objectname)%00%(upstream:track)%00%(upstream:remotename)%00%(upstream:remoteref) refs/heads/main refs/remotes/main [2ms]
2025-05-22 01:34:45.290 [info] > git status -z -uall [27ms]
2025-05-22 01:34:45.292 [info] > git for-each-ref --sort -committerdate --format %(refname)%00%(objectname)%00%(*objectname) [6ms]
2025-05-22 01:35:03.808 [info] > git config --get commit.template [9ms]
2025-05-22 01:35:03.809 [info] > git for-each-ref --format=%(refname)%00%(upstream:short)%00%(objectname)%00%(upstream:track)%00%(upstream:remotename)%00%(upstream:remoteref) refs/heads/main refs/remotes/main [3ms]
2025-05-22 01:35:03.822 [info] > git status -z -uall [7ms]
2025-05-22 01:35:03.823 [info] > git for-each-ref --sort -committerdate --format %(refname)%00%(objectname)%00%(*objectname) [2ms]
2025-05-22 01:35:24.222 [info] > git config --get commit.template [1ms]
2025-05-22 01:35:24.232 [info] > git for-each-ref --format=%(refname)%00%(upstream:short)%00%(objectname)%00%(upstream:track)%00%(upstream:remotename)%00%(upstream:remoteref) refs/heads/main refs/remotes/main [1ms]
2025-05-22 01:35:24.248 [info] > git status -z -uall [8ms]
2025-05-22 01:35:24.249 [info] > git for-each-ref --sort -committerdate --format %(refname)%00%(objectname)%00%(*objectname) [2ms]
2025-05-22 01:35:57.483 [info] > git config --get commit.template [24ms]
2025-05-22 01:35:57.484 [info] > git for-each-ref --format=%(refname)%00%(upstream:short)%00%(objectname)%00%(upstream:track)%00%(upstream:remotename)%00%(upstream:remoteref) refs/heads/main refs/remotes/main [4ms]
2025-05-22 01:35:57.524 [info] > git status -z -uall [22ms]
2025-05-22 01:35:57.524 [info] > git for-each-ref --sort -committerdate --format %(refname)%00%(objectname)%00%(*objectname) [4ms]
2025-05-22 01:36:02.885 [info] > git config --get commit.template [2ms]
2025-05-22 01:36:02.896 [info] > git for-each-ref --format=%(refname)%00%(upstream:short)%00%(objectname)%00%(upstream:track)%00%(upstream:remotename)%00%(upstream:remoteref) refs/heads/main refs/remotes/main [2ms]
2025-05-22 01:36:02.911 [info] > git status -z -uall [6ms]
2025-05-22 01:36:02.912 [info] > git for-each-ref --sort -committerdate --format %(refname)%00%(objectname)%00%(*objectname) [1ms]
2025-05-22 01:36:03.228 [info] > git show --textconv HEAD:client/src/components/main/GameList.tsx [6ms]
2025-05-22 01:36:03.229 [info] > git ls-tree -l HEAD -- client/src/components/main/GameList.tsx [1ms]
2025-05-22 01:36:05.041 [info] > git config --get commit.template [6ms]
2025-05-22 01:36:05.042 [info] > git for-each-ref --format=%(refname)%00%(upstream:short)%00%(objectname)%00%(upstream:track)%00%(upstream:remotename)%00%(upstream:remoteref) refs/heads/main refs/remotes/main [1ms]
2025-05-22 01:36:05.053 [info] > git status -z -uall [6ms]
2025-05-22 01:36:05.054 [info] > git for-each-ref --sort -committerdate --format %(refname)%00%(objectname)%00%(*objectname) [2ms]
2025-05-22 01:36:05.144 [info] > git ls-files --stage -- client/src/components/main/GameList.tsx [5ms]
2025-05-22 01:36:05.149 [info] > git ls-tree -l HEAD -- client/src/components/main/GameList.tsx [5ms]
2025-05-22 01:36:05.151 [info] > git cat-file -s ccdf0c90b0f90135effb63a6416991deac33b4c9 [2ms]
2025-05-22 01:36:05.166 [info] > git show --textconv HEAD:client/src/components/main/GameList.tsx [8ms]
2025-05-22 01:36:05.166 [info] > git show --textconv :client/src/components/main/GameList.tsx [1ms]
2025-05-22 01:36:20.214 [info] > git config --get commit.template [5ms]
2025-05-22 01:36:20.216 [info] > git for-each-ref --format=%(refname)%00%(upstream:short)%00%(objectname)%00%(upstream:track)%00%(upstream:remotename)%00%(upstream:remoteref) refs/heads/main refs/remotes/main [2ms]
2025-05-22 01:36:20.230 [info] > git status -z -uall [8ms]
2025-05-22 01:36:20.231 [info] > git for-each-ref --sort -committerdate --format %(refname)%00%(objectname)%00%(*objectname) [2ms]
2025-05-22 01:36:20.251 [info] > git blame --root --incremental a10b7bd518e632fb64577bd6f923b626e9c42ebb -- client/src/components/main/GameList.tsx [9ms]
2025-05-22 01:36:20.252 [info] > git merge-base refs/heads/main refs/remotes/origin/main [3ms]
2025-05-22 01:36:20.261 [info] > git diff --name-status -z --diff-filter=ADMR e183a7fbf6041d75dc2dd1756e7dad083a908082...refs/remotes/origin/main [2ms]
2025-05-22 01:36:20.318 [info] > git ls-files --stage -- client/src/components/main/GameList.tsx [7ms]
2025-05-22 01:36:20.325 [info] > git ls-tree -l HEAD -- client/src/components/main/GameList.tsx [8ms]
2025-05-22 01:36:20.326 [info] > git cat-file -s ccdf0c90b0f90135effb63a6416991deac33b4c9 [1ms]
2025-05-22 01:36:20.339 [info] > git show --textconv HEAD:client/src/components/main/GameList.tsx [7ms]
2025-05-22 01:36:20.340 [info] > git show --textconv :client/src/components/main/GameList.tsx [1ms]
2025-05-22 01:36:25.873 [info] > git config --get commit.template [7ms]
2025-05-22 01:36:25.874 [info] > git for-each-ref --format=%(refname)%00%(upstream:short)%00%(objectname)%00%(upstream:track)%00%(upstream:remotename)%00%(upstream:remoteref) refs/heads/main refs/remotes/main [2ms]
2025-05-22 01:36:25.885 [info] > git status -z -uall [6ms]
2025-05-22 01:36:25.886 [info] > git for-each-ref --sort -committerdate --format %(refname)%00%(objectname)%00%(*objectname) [1ms]
2025-05-22 01:36:25.899 [info] > git merge-base refs/heads/main refs/remotes/origin/main [2ms]
2025-05-22 01:36:25.906 [info] > git diff --name-status -z --diff-filter=ADMR a10b7bd518e632fb64577bd6f923b626e9c42ebb...refs/remotes/origin/main [1ms]
2025-05-22 01:36:25.969 [info] > git ls-files --stage -- client/src/components/main/GameList.tsx [1ms]
2025-05-22 01:36:25.976 [info] > git cat-file -s ccdf0c90b0f90135effb63a6416991deac33b4c9 [1ms]
2025-05-22 01:36:25.983 [info] > git show --textconv :client/src/components/main/GameList.tsx [1ms]
