2025-05-14 18:26:41.046 [info] [main] Log level: Info
2025-05-14 18:26:41.046 [info] [main] Validating found git in: "git"
2025-05-14 18:26:41.046 [info] [main] Using git "2.49.0" from "git"
2025-05-14 18:26:41.046 [info] [Model][doInitialScan] Initial repository scan started
2025-05-14 18:26:41.046 [info] > git rev-parse --show-toplevel [245ms]
2025-05-14 18:26:41.046 [info] fatal: not a git repository (or any parent up to mount point /)
Stopping at filesystem boundary (GIT_DISCOVERY_ACROSS_FILESYSTEM not set).
2025-05-14 18:26:41.046 [info] > git rev-parse --show-toplevel [5ms]
2025-05-14 18:26:41.046 [info] fatal: not a git repository (or any parent up to mount point /)
Stopping at filesystem boundary (GIT_DISCOVERY_ACROSS_FILESYSTEM not set).
2025-05-14 18:26:41.047 [info] > git rev-parse --show-toplevel [35ms]
2025-05-14 18:26:41.048 [info] fatal: not a git repository (or any parent up to mount point /)
Stopping at filesystem boundary (GIT_DISCOVERY_ACROSS_FILESYSTEM not set).
2025-05-14 18:26:41.049 [info] [Model][doInitialScan] Initial repository scan completed - repositories (0), closed repositories (0), parent repositories (0), unsafe repositories (0)
2025-05-14 18:26:41.099 [info] > git rev-parse --show-toplevel [8ms]
2025-05-14 18:26:41.099 [info] fatal: not a git repository (or any parent up to mount point /)
Stopping at filesystem boundary (GIT_DISCOVERY_ACROSS_FILESYSTEM not set).
2025-05-14 18:26:41.369 [info] > git rev-parse --show-toplevel [15ms]
2025-05-14 18:26:41.369 [info] fatal: not a git repository (or any parent up to mount point /)
Stopping at filesystem boundary (GIT_DISCOVERY_ACROSS_FILESYSTEM not set).
2025-05-14 18:26:45.112 [info] > git rev-parse --show-toplevel [6ms]
2025-05-14 18:26:45.112 [info] fatal: not a git repository (or any parent up to mount point /)
Stopping at filesystem boundary (GIT_DISCOVERY_ACROSS_FILESYSTEM not set).
2025-05-14 18:27:08.194 [info] > git rev-parse --show-toplevel [2ms]
2025-05-14 18:27:08.194 [info] fatal: not a git repository (or any parent up to mount point /)
Stopping at filesystem boundary (GIT_DISCOVERY_ACROSS_FILESYSTEM not set).
2025-05-14 18:27:10.110 [info] > git rev-parse --show-toplevel [3ms]
2025-05-14 18:27:10.110 [info] fatal: not a git repository (or any parent up to mount point /)
Stopping at filesystem boundary (GIT_DISCOVERY_ACROSS_FILESYSTEM not set).
2025-05-14 18:27:13.519 [info] > git rev-parse --show-toplevel [2ms]
2025-05-14 18:27:13.519 [info] fatal: not a git repository (or any parent up to mount point /)
Stopping at filesystem boundary (GIT_DISCOVERY_ACROSS_FILESYSTEM not set).
2025-05-14 18:27:18.150 [info] > git rev-parse --show-toplevel [2ms]
2025-05-14 18:27:18.150 [info] fatal: not a git repository (or any parent up to mount point /)
Stopping at filesystem boundary (GIT_DISCOVERY_ACROSS_FILESYSTEM not set).
2025-05-14 18:27:32.450 [info] > git rev-parse --show-toplevel [11ms]
2025-05-14 18:27:32.450 [info] fatal: not a git repository (or any parent up to mount point /)
Stopping at filesystem boundary (GIT_DISCOVERY_ACROSS_FILESYSTEM not set).
