2025-05-22 01:10:05.412 [info] [AutoSync] Using settings sync service https://vscode-sync.trafficmanager.net/
2025-05-22 01:10:05.412 [info] [AutoSync] Enabled.
2025-05-22 01:10:05.412 [info] [AutoSync] Suspended until auth token is available.
2025-05-22 01:10:10.823 [info] [AutoSync] Triggered by Interval
2025-05-22 01:10:10.824 [info] Sync started.
2025-05-22 01:10:11.620 [info] Settings: No changes found during synchronizing settings.
2025-05-22 01:10:11.666 [info] Keybindings: No changes found during synchronizing keybindings.
2025-05-22 01:10:11.670 [info] Snippets: No changes found during synchronizing snippets.
2025-05-22 01:10:11.677 [info] Tasks: No changes found during synchronizing tasks.
2025-05-22 01:10:13.022 [info] GlobalState: Updated remote ui state. Updated: cpp.1.lastSessionDate,cpp.1.sessionCount,java.2.lastSessionDate,java.2.sessionCount,javascript.1.lastSessionDate,javascript.1.sessionCount,typescript.1.lastSessionDate,typescript.1.sessionCount,csharp.1.lastSessionDate,csharp.1.sessionCount.
2025-05-22 01:10:13.031 [info] GlobalState: Updated last synchronized ui state
2025-05-22 01:10:13.130 [info] Extensions: No changes found during synchronizing extensions.
2025-05-22 01:10:13.156 [info] Prompts: No changes found during synchronizing prompts.
2025-05-22 01:10:13.162 [info] Profiles: No changes found during synchronizing profiles.
2025-05-22 01:10:13.165 [info] Sync done. Took 2346ms
2025-05-22 01:12:30.225 [info] [AutoSync] Triggered by Activity
2025-05-22 01:12:30.225 [info] Sync started.
2025-05-22 01:12:30.376 [info] Settings: No changes found during synchronizing settings.
2025-05-22 01:12:30.378 [info] Keybindings: No changes found during synchronizing keybindings.
2025-05-22 01:12:30.380 [info] Snippets: No changes found during synchronizing snippets.
2025-05-22 01:12:30.383 [info] Tasks: No changes found during synchronizing tasks.
2025-05-22 01:12:30.385 [info] GlobalState: No changes found during synchronizing ui state.
2025-05-22 01:12:30.422 [info] Extensions: No changes found during synchronizing extensions.
2025-05-22 01:12:30.424 [info] Prompts: No changes found during synchronizing prompts.
2025-05-22 01:12:30.426 [info] Profiles: No changes found during synchronizing profiles.
2025-05-22 01:12:30.428 [info] Sync done. Took 204ms
2025-05-22 01:14:58.271 [info] [AutoSync] Triggered by Activity
2025-05-22 01:14:58.273 [info] Sync started.
2025-05-22 01:14:58.429 [info] Settings: No changes found during synchronizing settings.
2025-05-22 01:14:58.432 [info] Keybindings: No changes found during synchronizing keybindings.
2025-05-22 01:14:58.434 [info] Snippets: No changes found during synchronizing snippets.
2025-05-22 01:14:58.442 [info] Tasks: No changes found during synchronizing tasks.
2025-05-22 01:14:58.445 [info] GlobalState: No changes found during synchronizing ui state.
2025-05-22 01:14:58.493 [info] Extensions: No changes found during synchronizing extensions.
2025-05-22 01:14:58.494 [info] Prompts: No changes found during synchronizing prompts.
2025-05-22 01:14:58.495 [info] Profiles: No changes found during synchronizing profiles.
2025-05-22 01:14:58.497 [info] Sync done. Took 229ms
2025-05-22 01:16:05.462 [info] [AutoSync] Triggered by Activity
2025-05-22 01:16:05.462 [info] Sync started.
2025-05-22 01:16:05.504 [info] Settings: No changes found during synchronizing settings.
2025-05-22 01:16:05.506 [info] Keybindings: No changes found during synchronizing keybindings.
2025-05-22 01:16:05.508 [info] Snippets: No changes found during synchronizing snippets.
2025-05-22 01:16:05.511 [info] Tasks: No changes found during synchronizing tasks.
2025-05-22 01:16:05.514 [info] GlobalState: No changes found during synchronizing ui state.
2025-05-22 01:16:05.540 [info] Extensions: No changes found during synchronizing extensions.
2025-05-22 01:16:05.543 [info] Prompts: No changes found during synchronizing prompts.
2025-05-22 01:16:05.544 [info] Profiles: No changes found during synchronizing profiles.
2025-05-22 01:16:05.545 [info] Sync done. Took 84ms
2025-05-22 01:16:56.228 [info] [AutoSync] Triggered by Activity
2025-05-22 01:16:56.229 [info] Sync started.
2025-05-22 01:16:56.278 [info] Settings: No changes found during synchronizing settings.
2025-05-22 01:16:56.280 [info] Keybindings: No changes found during synchronizing keybindings.
2025-05-22 01:16:56.282 [info] Snippets: No changes found during synchronizing snippets.
2025-05-22 01:16:56.284 [info] Tasks: No changes found during synchronizing tasks.
2025-05-22 01:16:56.288 [info] GlobalState: No changes found during synchronizing ui state.
2025-05-22 01:16:56.322 [info] Extensions: No changes found during synchronizing extensions.
2025-05-22 01:16:56.323 [info] Prompts: No changes found during synchronizing prompts.
2025-05-22 01:16:56.325 [info] Profiles: No changes found during synchronizing profiles.
2025-05-22 01:16:56.327 [info] Sync done. Took 98ms
2025-05-22 01:19:10.166 [info] [AutoSync] Triggered by Activity
2025-05-22 01:19:10.167 [info] Sync started.
2025-05-22 01:19:10.301 [info] Settings: No changes found during synchronizing settings.
2025-05-22 01:19:10.303 [info] Keybindings: No changes found during synchronizing keybindings.
2025-05-22 01:19:10.305 [info] Snippets: No changes found during synchronizing snippets.
2025-05-22 01:19:10.307 [info] Tasks: No changes found during synchronizing tasks.
2025-05-22 01:19:10.310 [info] GlobalState: No changes found during synchronizing ui state.
2025-05-22 01:19:10.351 [info] Extensions: No changes found during synchronizing extensions.
2025-05-22 01:19:10.366 [info] Prompts: No changes found during synchronizing prompts.
2025-05-22 01:19:10.368 [info] Profiles: No changes found during synchronizing profiles.
2025-05-22 01:19:10.369 [info] Sync done. Took 205ms
2025-05-22 01:23:02.661 [info] [AutoSync] Triggered by Activity
2025-05-22 01:23:02.661 [info] Sync started.
2025-05-22 01:23:02.796 [info] Settings: No changes found during synchronizing settings.
2025-05-22 01:23:02.798 [info] Keybindings: No changes found during synchronizing keybindings.
2025-05-22 01:23:02.800 [info] Snippets: No changes found during synchronizing snippets.
2025-05-22 01:23:02.801 [info] Tasks: No changes found during synchronizing tasks.
2025-05-22 01:23:02.804 [info] GlobalState: No changes found during synchronizing ui state.
2025-05-22 01:23:02.848 [info] Extensions: No changes found during synchronizing extensions.
2025-05-22 01:23:02.850 [info] Prompts: No changes found during synchronizing prompts.
2025-05-22 01:23:02.850 [info] Profiles: No changes found during synchronizing profiles.
2025-05-22 01:23:02.852 [info] Sync done. Took 194ms
2025-05-22 01:23:57.013 [info] [AutoSync] Triggered by Activity
2025-05-22 01:23:57.013 [info] Sync started.
2025-05-22 01:23:57.057 [info] Settings: No changes found during synchronizing settings.
2025-05-22 01:23:57.059 [info] Keybindings: No changes found during synchronizing keybindings.
2025-05-22 01:23:57.061 [info] Snippets: No changes found during synchronizing snippets.
2025-05-22 01:23:57.062 [info] Tasks: No changes found during synchronizing tasks.
2025-05-22 01:23:57.065 [info] GlobalState: No changes found during synchronizing ui state.
2025-05-22 01:23:57.107 [info] Extensions: No changes found during synchronizing extensions.
2025-05-22 01:23:57.112 [info] Prompts: No changes found during synchronizing prompts.
2025-05-22 01:23:57.113 [info] Profiles: No changes found during synchronizing profiles.
2025-05-22 01:23:57.114 [info] Sync done. Took 101ms
2025-05-22 01:24:16.198 [info] [AutoSync] Triggered by Activity
2025-05-22 01:24:16.198 [info] Sync started.
2025-05-22 01:24:16.263 [info] Settings: No changes found during synchronizing settings.
2025-05-22 01:24:16.266 [info] Keybindings: No changes found during synchronizing keybindings.
2025-05-22 01:24:16.268 [info] Snippets: No changes found during synchronizing snippets.
2025-05-22 01:24:16.270 [info] Tasks: No changes found during synchronizing tasks.
2025-05-22 01:24:16.277 [info] GlobalState: No changes found during synchronizing ui state.
2025-05-22 01:24:16.319 [info] Extensions: No changes found during synchronizing extensions.
2025-05-22 01:24:16.330 [info] Prompts: No changes found during synchronizing prompts.
2025-05-22 01:24:16.331 [info] Profiles: No changes found during synchronizing profiles.
2025-05-22 01:24:16.332 [info] Sync done. Took 134ms
2025-05-22 01:25:33.381 [info] [AutoSync] Triggered by Activity
2025-05-22 01:25:33.381 [info] Sync started.
2025-05-22 01:25:33.421 [info] Settings: No changes found during synchronizing settings.
2025-05-22 01:25:33.431 [info] Keybindings: No changes found during synchronizing keybindings.
2025-05-22 01:25:33.434 [info] Snippets: No changes found during synchronizing snippets.
2025-05-22 01:25:33.436 [info] Tasks: No changes found during synchronizing tasks.
2025-05-22 01:25:33.438 [info] GlobalState: No changes found during synchronizing ui state.
2025-05-22 01:25:33.494 [info] Extensions: No changes found during synchronizing extensions.
2025-05-22 01:25:33.503 [info] Prompts: No changes found during synchronizing prompts.
2025-05-22 01:25:33.504 [info] Profiles: No changes found during synchronizing profiles.
2025-05-22 01:25:33.510 [info] Sync done. Took 126ms
2025-05-22 01:26:46.532 [info] [AutoSync] Triggered by Activity
2025-05-22 01:26:46.532 [info] Sync started.
2025-05-22 01:26:46.582 [info] Settings: No changes found during synchronizing settings.
2025-05-22 01:26:46.584 [info] Keybindings: No changes found during synchronizing keybindings.
2025-05-22 01:26:46.586 [info] Snippets: No changes found during synchronizing snippets.
2025-05-22 01:26:46.587 [info] Tasks: No changes found during synchronizing tasks.
2025-05-22 01:26:46.594 [info] GlobalState: No changes found during synchronizing ui state.
2025-05-22 01:26:46.637 [info] Extensions: No changes found during synchronizing extensions.
2025-05-22 01:26:46.648 [info] Prompts: No changes found during synchronizing prompts.
2025-05-22 01:26:46.649 [info] Profiles: No changes found during synchronizing profiles.
2025-05-22 01:26:46.650 [info] Sync done. Took 119ms
2025-05-22 01:27:27.053 [info] [AutoSync] Triggered by Activity
2025-05-22 01:27:27.054 [info] Sync started.
2025-05-22 01:27:27.096 [info] Settings: No changes found during synchronizing settings.
2025-05-22 01:27:27.098 [info] Keybindings: No changes found during synchronizing keybindings.
2025-05-22 01:27:27.100 [info] Snippets: No changes found during synchronizing snippets.
2025-05-22 01:27:27.102 [info] Tasks: No changes found during synchronizing tasks.
2025-05-22 01:27:27.104 [info] GlobalState: No changes found during synchronizing ui state.
2025-05-22 01:27:27.148 [info] Extensions: No changes found during synchronizing extensions.
2025-05-22 01:27:27.150 [info] Prompts: No changes found during synchronizing prompts.
2025-05-22 01:27:27.151 [info] Profiles: No changes found during synchronizing profiles.
2025-05-22 01:27:27.153 [info] Sync done. Took 100ms
2025-05-22 01:27:58.445 [info] [AutoSync] Triggered by Activity
2025-05-22 01:27:58.445 [info] Sync started.
2025-05-22 01:27:58.491 [info] Settings: No changes found during synchronizing settings.
2025-05-22 01:27:58.496 [info] Keybindings: No changes found during synchronizing keybindings.
2025-05-22 01:27:58.498 [info] Snippets: No changes found during synchronizing snippets.
2025-05-22 01:27:58.500 [info] Tasks: No changes found during synchronizing tasks.
2025-05-22 01:27:58.502 [info] GlobalState: No changes found during synchronizing ui state.
2025-05-22 01:27:58.538 [info] Extensions: No changes found during synchronizing extensions.
2025-05-22 01:27:58.550 [info] Prompts: No changes found during synchronizing prompts.
2025-05-22 01:27:58.551 [info] Profiles: No changes found during synchronizing profiles.
2025-05-22 01:27:58.552 [info] Sync done. Took 108ms
2025-05-22 01:31:07.110 [info] [AutoSync] Triggered by Activity
2025-05-22 01:31:07.110 [info] Sync started.
2025-05-22 01:31:07.342 [info] Settings: No changes found during synchronizing settings.
2025-05-22 01:31:07.344 [info] Keybindings: No changes found during synchronizing keybindings.
2025-05-22 01:31:07.347 [info] Snippets: No changes found during synchronizing snippets.
2025-05-22 01:31:07.348 [info] Tasks: No changes found during synchronizing tasks.
2025-05-22 01:31:07.350 [info] GlobalState: No changes found during synchronizing ui state.
2025-05-22 01:31:07.386 [info] Extensions: No changes found during synchronizing extensions.
2025-05-22 01:31:07.394 [info] Prompts: No changes found during synchronizing prompts.
2025-05-22 01:31:07.395 [info] Profiles: No changes found during synchronizing profiles.
2025-05-22 01:31:07.396 [info] Sync done. Took 286ms
2025-05-22 01:32:23.820 [info] [AutoSync] Triggered by Activity
2025-05-22 01:32:23.820 [info] Sync started.
2025-05-22 01:32:23.866 [info] Settings: No changes found during synchronizing settings.
2025-05-22 01:32:23.868 [info] Keybindings: No changes found during synchronizing keybindings.
2025-05-22 01:32:23.870 [info] Snippets: No changes found during synchronizing snippets.
2025-05-22 01:32:23.872 [info] Tasks: No changes found during synchronizing tasks.
2025-05-22 01:32:23.877 [info] GlobalState: No changes found during synchronizing ui state.
2025-05-22 01:32:23.913 [info] Extensions: No changes found during synchronizing extensions.
2025-05-22 01:32:23.915 [info] Prompts: No changes found during synchronizing prompts.
2025-05-22 01:32:23.915 [info] Profiles: No changes found during synchronizing profiles.
2025-05-22 01:32:23.917 [info] Sync done. Took 97ms
2025-05-22 01:32:35.021 [info] [AutoSync] Triggered by Activity
2025-05-22 01:32:35.021 [info] Sync started.
2025-05-22 01:32:35.074 [info] Settings: No changes found during synchronizing settings.
2025-05-22 01:32:35.076 [info] Keybindings: No changes found during synchronizing keybindings.
2025-05-22 01:32:35.078 [info] Snippets: No changes found during synchronizing snippets.
2025-05-22 01:32:35.081 [info] Tasks: No changes found during synchronizing tasks.
2025-05-22 01:32:35.083 [info] GlobalState: No changes found during synchronizing ui state.
2025-05-22 01:32:35.120 [info] Extensions: No changes found during synchronizing extensions.
2025-05-22 01:32:35.124 [info] Prompts: No changes found during synchronizing prompts.
2025-05-22 01:32:35.126 [info] Profiles: No changes found during synchronizing profiles.
2025-05-22 01:32:35.127 [info] Sync done. Took 107ms
2025-05-22 01:33:03.709 [info] [AutoSync] Triggered by Activity
2025-05-22 01:33:03.710 [info] Sync started.
2025-05-22 01:33:03.786 [info] Settings: No changes found during synchronizing settings.
2025-05-22 01:33:03.788 [info] Keybindings: No changes found during synchronizing keybindings.
2025-05-22 01:33:03.792 [info] Snippets: No changes found during synchronizing snippets.
2025-05-22 01:33:03.794 [info] Tasks: No changes found during synchronizing tasks.
2025-05-22 01:33:03.796 [info] GlobalState: No changes found during synchronizing ui state.
2025-05-22 01:33:03.828 [info] Extensions: No changes found during synchronizing extensions.
2025-05-22 01:33:03.832 [info] Prompts: No changes found during synchronizing prompts.
2025-05-22 01:33:03.833 [info] Profiles: No changes found during synchronizing profiles.
2025-05-22 01:33:03.834 [info] Sync done. Took 126ms
2025-05-22 01:33:35.971 [info] [AutoSync] Triggered by Activity
2025-05-22 01:33:35.971 [info] Sync started.
2025-05-22 01:33:36.020 [info] Settings: No changes found during synchronizing settings.
2025-05-22 01:33:36.022 [info] Keybindings: No changes found during synchronizing keybindings.
2025-05-22 01:33:36.027 [info] Snippets: No changes found during synchronizing snippets.
2025-05-22 01:33:36.032 [info] Tasks: No changes found during synchronizing tasks.
2025-05-22 01:33:36.034 [info] GlobalState: No changes found during synchronizing ui state.
2025-05-22 01:33:36.072 [info] Extensions: No changes found during synchronizing extensions.
2025-05-22 01:33:36.073 [info] Prompts: No changes found during synchronizing prompts.
2025-05-22 01:33:36.079 [info] Profiles: No changes found during synchronizing profiles.
2025-05-22 01:33:36.082 [info] Sync done. Took 111ms
2025-05-22 01:34:05.990 [info] [AutoSync] Triggered by Activity
2025-05-22 01:34:05.990 [info] Sync started.
2025-05-22 01:34:06.039 [info] Settings: No changes found during synchronizing settings.
2025-05-22 01:34:06.041 [info] Keybindings: No changes found during synchronizing keybindings.
2025-05-22 01:34:06.043 [info] Snippets: No changes found during synchronizing snippets.
2025-05-22 01:34:06.044 [info] Tasks: No changes found during synchronizing tasks.
2025-05-22 01:34:06.049 [info] GlobalState: No changes found during synchronizing ui state.
2025-05-22 01:34:06.091 [info] Extensions: No changes found during synchronizing extensions.
2025-05-22 01:34:06.102 [info] Prompts: No changes found during synchronizing prompts.
2025-05-22 01:34:06.104 [info] Profiles: No changes found during synchronizing profiles.
2025-05-22 01:34:06.105 [info] Sync done. Took 116ms
2025-05-22 01:34:17.767 [info] [AutoSync] Triggered by Activity
2025-05-22 01:34:17.768 [info] Sync started.
2025-05-22 01:34:17.816 [info] Settings: No changes found during synchronizing settings.
2025-05-22 01:34:17.819 [info] Keybindings: No changes found during synchronizing keybindings.
2025-05-22 01:34:17.821 [info] Snippets: No changes found during synchronizing snippets.
2025-05-22 01:34:17.822 [info] Tasks: No changes found during synchronizing tasks.
2025-05-22 01:34:17.830 [info] GlobalState: No changes found during synchronizing ui state.
2025-05-22 01:34:17.872 [info] Extensions: No changes found during synchronizing extensions.
2025-05-22 01:34:17.883 [info] Prompts: No changes found during synchronizing prompts.
2025-05-22 01:34:17.884 [info] Profiles: No changes found during synchronizing profiles.
2025-05-22 01:34:17.885 [info] Sync done. Took 117ms
2025-05-22 01:34:46.189 [info] [AutoSync] Triggered by Activity
2025-05-22 01:34:46.189 [info] Sync started.
2025-05-22 01:34:46.236 [info] Settings: No changes found during synchronizing settings.
2025-05-22 01:34:46.239 [info] Keybindings: No changes found during synchronizing keybindings.
2025-05-22 01:34:46.241 [info] Snippets: No changes found during synchronizing snippets.
2025-05-22 01:34:46.243 [info] Tasks: No changes found during synchronizing tasks.
2025-05-22 01:34:46.246 [info] GlobalState: No changes found during synchronizing ui state.
2025-05-22 01:34:46.269 [info] Extensions: No changes found during synchronizing extensions.
2025-05-22 01:34:46.271 [info] Prompts: No changes found during synchronizing prompts.
2025-05-22 01:34:46.272 [info] Profiles: No changes found during synchronizing profiles.
2025-05-22 01:34:46.273 [info] Sync done. Took 85ms
2025-05-22 01:35:13.507 [info] [AutoSync] Triggered by Activity
2025-05-22 01:35:13.507 [info] Sync started.
2025-05-22 01:35:13.553 [info] Settings: No changes found during synchronizing settings.
2025-05-22 01:35:13.555 [info] Keybindings: No changes found during synchronizing keybindings.
2025-05-22 01:35:13.557 [info] Snippets: No changes found during synchronizing snippets.
2025-05-22 01:35:13.558 [info] Tasks: No changes found during synchronizing tasks.
2025-05-22 01:35:13.564 [info] GlobalState: No changes found during synchronizing ui state.
2025-05-22 01:35:13.607 [info] Extensions: No changes found during synchronizing extensions.
2025-05-22 01:35:13.610 [info] Prompts: No changes found during synchronizing prompts.
2025-05-22 01:35:13.614 [info] Profiles: No changes found during synchronizing profiles.
2025-05-22 01:35:13.617 [info] Sync done. Took 109ms
2025-05-22 01:35:58.431 [info] [AutoSync] Triggered by Activity
2025-05-22 01:35:58.432 [info] Sync started.
2025-05-22 01:35:58.476 [info] Settings: No changes found during synchronizing settings.
2025-05-22 01:35:58.478 [info] Keybindings: No changes found during synchronizing keybindings.
2025-05-22 01:35:58.482 [info] Snippets: No changes found during synchronizing snippets.
2025-05-22 01:35:58.484 [info] Tasks: No changes found during synchronizing tasks.
2025-05-22 01:35:58.486 [info] GlobalState: No changes found during synchronizing ui state.
2025-05-22 01:35:58.510 [info] Extensions: No changes found during synchronizing extensions.
2025-05-22 01:35:58.512 [info] Prompts: No changes found during synchronizing prompts.
2025-05-22 01:35:58.514 [info] Profiles: No changes found during synchronizing profiles.
2025-05-22 01:35:58.515 [info] Sync done. Took 84ms
2025-05-22 01:36:29.350 [info] [AutoSync] Triggered by Activity
2025-05-22 01:36:29.351 [info] Sync started.
2025-05-22 01:36:29.401 [info] Settings: No changes found during synchronizing settings.
2025-05-22 01:36:29.402 [info] Keybindings: No changes found during synchronizing keybindings.
2025-05-22 01:36:29.405 [info] Snippets: No changes found during synchronizing snippets.
2025-05-22 01:36:29.412 [info] Tasks: No changes found during synchronizing tasks.
2025-05-22 01:36:29.417 [info] GlobalState: No changes found during synchronizing ui state.
2025-05-22 01:36:29.455 [info] Extensions: No changes found during synchronizing extensions.
2025-05-22 01:36:29.460 [info] Prompts: No changes found during synchronizing prompts.
2025-05-22 01:36:29.465 [info] Profiles: No changes found during synchronizing profiles.
2025-05-22 01:36:29.466 [info] Sync done. Took 117ms
2025-05-22 01:36:40.910 [info] [AutoSync] Triggered by Activity
2025-05-22 01:36:40.910 [info] Sync started.
2025-05-22 01:36:40.959 [info] Settings: No changes found during synchronizing settings.
2025-05-22 01:36:40.961 [info] Keybindings: No changes found during synchronizing keybindings.
2025-05-22 01:36:40.963 [info] Snippets: No changes found during synchronizing snippets.
2025-05-22 01:36:40.966 [info] Tasks: No changes found during synchronizing tasks.
2025-05-22 01:36:40.973 [info] GlobalState: No changes found during synchronizing ui state.
2025-05-22 01:36:41.016 [info] Extensions: No changes found during synchronizing extensions.
2025-05-22 01:36:41.029 [info] Prompts: No changes found during synchronizing prompts.
2025-05-22 01:36:41.030 [info] Profiles: No changes found during synchronizing profiles.
2025-05-22 01:36:41.031 [info] Sync done. Took 122ms
2025-05-22 01:39:29.868 [info] [AutoSync] Triggered by Activity
2025-05-22 01:39:29.868 [info] Sync started.
2025-05-22 01:39:30.060 [info] Settings: No changes found during synchronizing settings.
2025-05-22 01:39:30.066 [info] Keybindings: No changes found during synchronizing keybindings.
2025-05-22 01:39:30.070 [info] Snippets: No changes found during synchronizing snippets.
2025-05-22 01:39:30.073 [info] Tasks: No changes found during synchronizing tasks.
2025-05-22 01:39:30.077 [info] GlobalState: No changes found during synchronizing ui state.
2025-05-22 01:39:30.119 [info] Extensions: No changes found during synchronizing extensions.
2025-05-22 01:39:30.123 [info] Prompts: No changes found during synchronizing prompts.
2025-05-22 01:39:30.129 [info] Profiles: No changes found during synchronizing profiles.
2025-05-22 01:39:30.131 [info] Sync done. Took 265ms
2025-05-22 01:40:06.285 [info] [AutoSync] Triggered by Activity
2025-05-22 01:40:06.285 [info] Sync started.
2025-05-22 01:40:06.337 [info] Settings: No changes found during synchronizing settings.
2025-05-22 01:40:06.355 [info] Keybindings: No changes found during synchronizing keybindings.
2025-05-22 01:40:06.364 [info] Snippets: No changes found during synchronizing snippets.
2025-05-22 01:40:06.373 [info] Tasks: No changes found during synchronizing tasks.
2025-05-22 01:40:06.383 [info] GlobalState: No changes found during synchronizing ui state.
2025-05-22 01:40:06.501 [info] Extensions: No changes found during synchronizing extensions.
2025-05-22 01:40:06.518 [info] Prompts: No changes found during synchronizing prompts.
2025-05-22 01:40:06.524 [info] Profiles: No changes found during synchronizing profiles.
2025-05-22 01:40:06.530 [info] Sync done. Took 244ms
2025-05-22 01:40:16.372 [info] [AutoSync] Triggered by Activity
2025-05-22 01:40:16.372 [info] Sync started.
2025-05-22 01:40:16.491 [info] Settings: No changes found during synchronizing settings.
2025-05-22 01:40:16.511 [info] Keybindings: No changes found during synchronizing keybindings.
2025-05-22 01:40:16.525 [info] Snippets: No changes found during synchronizing snippets.
2025-05-22 01:40:16.555 [info] Tasks: No changes found during synchronizing tasks.
2025-05-22 01:40:16.570 [info] GlobalState: No changes found during synchronizing ui state.
2025-05-22 01:40:16.656 [info] Extensions: No changes found during synchronizing extensions.
2025-05-22 01:40:16.661 [info] Prompts: No changes found during synchronizing prompts.
2025-05-22 01:40:16.666 [info] Profiles: No changes found during synchronizing profiles.
2025-05-22 01:40:16.673 [info] Sync done. Took 299ms
2025-05-22 01:42:37.061 [info] [AutoSync] Triggered by Activity
2025-05-22 01:42:37.065 [info] Sync started.
2025-05-22 01:42:37.180 [info] Settings: No changes found during synchronizing settings.
2025-05-22 01:42:37.187 [info] Keybindings: No changes found during synchronizing keybindings.
2025-05-22 01:42:37.192 [info] Snippets: No changes found during synchronizing snippets.
2025-05-22 01:42:37.195 [info] Tasks: No changes found during synchronizing tasks.
2025-05-22 01:42:37.208 [info] GlobalState: No changes found during synchronizing ui state.
2025-05-22 01:42:37.273 [info] Extensions: No changes found during synchronizing extensions.
2025-05-22 01:42:37.277 [info] Prompts: No changes found during synchronizing prompts.
2025-05-22 01:42:37.279 [info] Profiles: No changes found during synchronizing profiles.
2025-05-22 01:42:37.282 [info] Sync done. Took 234ms
2025-05-22 01:43:47.032 [info] [AutoSync] Triggered by Activity
2025-05-22 01:43:47.032 [info] Sync started.
2025-05-22 01:43:47.080 [info] Settings: No changes found during synchronizing settings.
2025-05-22 01:43:47.090 [info] Keybindings: No changes found during synchronizing keybindings.
2025-05-22 01:43:47.106 [info] Snippets: No changes found during synchronizing snippets.
2025-05-22 01:43:47.113 [info] Tasks: No changes found during synchronizing tasks.
2025-05-22 01:43:47.124 [info] GlobalState: No changes found during synchronizing ui state.
2025-05-22 01:43:47.234 [info] Extensions: No changes found during synchronizing extensions.
2025-05-22 01:43:47.239 [info] Prompts: No changes found during synchronizing prompts.
2025-05-22 01:43:47.240 [info] Profiles: No changes found during synchronizing profiles.
2025-05-22 01:43:47.242 [info] Sync done. Took 211ms
