[2025-May-14 00:03:21.090 +08:00][26302:26302][info ] Logging initialized
[2025-May-14 00:03:21.090 +08:00][26302:26302][info ] Initializing krisp SDK...
[2025-May-14 00:03:21.090 +08:00][26302:26302][info ] DoKrispInitialize
[2025-May-14 00:03:21.420 +08:00][26302:26302][info ] LoadDynamicKrisp
[2025-May-14 00:03:21.420 +08:00][26302:26302][info ] Did not find KRISP_DYLIB_PATH, skipping dynamic loading
[2025-May-14 00:03:21.420 +08:00][26302:26302][info ] Initializing Krisp SDK in PID 26302, addr 0x713877990d10
[2025-May-14 00:03:21.610 +08:00][26302:26302][info ] Initialized Krisp SDK successfully
[2025-May-14 00:03:21.610 +08:00][26302:26302][info ] Krisp SDK initialized
[2025-May-14 18:04:43.550 +08:00][ 3085: 3085][info ] Logging initialized
[2025-May-14 18:04:43.550 +08:00][ 3085: 3085][info ] Initializing krisp SDK...
[2025-May-14 18:04:43.550 +08:00][ 3085: 3085][info ] DoKrispInitialize
[2025-May-14 18:04:43.926 +08:00][ 3085: 3085][info ] LoadDynamicKrisp
[2025-May-14 18:04:43.926 +08:00][ 3085: 3085][info ] Did not find KRISP_DYLIB_PATH, skipping dynamic loading
[2025-May-14 18:04:43.926 +08:00][ 3085: 3085][info ] Initializing Krisp SDK in PID 3085, addr 0x77ed50390d10
[2025-May-14 18:04:44.157 +08:00][ 3085: 3085][info ] Initialized Krisp SDK successfully
[2025-May-14 18:04:44.157 +08:00][ 3085: 3085][info ] Krisp SDK initialized
[2025-May-14 18:04:45.987 +08:00][ 3085: 3085][info ] Logging initialized
[2025-May-14 18:04:45.987 +08:00][ 3085: 3085][info ] Initializing krisp SDK...
[2025-May-14 18:04:45.987 +08:00][ 3085: 3085][info ] Krisp SDK initialized
[2025-May-14 19:02:26.602 +08:00][28738:28738][info ] Logging initialized
[2025-May-14 19:02:26.602 +08:00][28738:28738][info ] Initializing krisp SDK...
[2025-May-14 19:02:26.602 +08:00][28738:28738][info ] DoKrispInitialize
[2025-May-14 19:02:26.982 +08:00][28738:28738][info ] LoadDynamicKrisp
[2025-May-14 19:02:26.982 +08:00][28738:28738][info ] Did not find KRISP_DYLIB_PATH, skipping dynamic loading
[2025-May-14 19:02:26.982 +08:00][28738:28738][info ] Initializing Krisp SDK in PID 28738, addr 0x7002ecf90d10
[2025-May-14 19:02:27.193 +08:00][28738:28738][info ] Initialized Krisp SDK successfully
[2025-May-14 19:02:27.193 +08:00][28738:28738][info ] Krisp SDK initialized
[2025-May-14 21:50:50.072 +08:00][ 6843: 6843][info ] Logging initialized
[2025-May-14 21:50:50.072 +08:00][ 6843: 6843][info ] Initializing krisp SDK...
[2025-May-14 21:50:50.072 +08:00][ 6843: 6843][info ] DoKrispInitialize
[2025-May-14 21:50:50.418 +08:00][ 6843: 6843][info ] LoadDynamicKrisp
[2025-May-14 21:50:50.418 +08:00][ 6843: 6843][info ] Did not find KRISP_DYLIB_PATH, skipping dynamic loading
[2025-May-14 21:50:50.418 +08:00][ 6843: 6843][info ] Initializing Krisp SDK in PID 6843, addr 0x758c4a990d10
[2025-May-14 21:50:50.616 +08:00][ 6843: 6843][info ] Initialized Krisp SDK successfully
[2025-May-14 21:50:50.616 +08:00][ 6843: 6843][info ] Krisp SDK initialized
[2025-May-14 22:04:38.519 +08:00][10809:10809][info ] Logging initialized
[2025-May-14 22:04:38.519 +08:00][10809:10809][info ] Initializing krisp SDK...
[2025-May-14 22:04:38.519 +08:00][10809:10809][info ] DoKrispInitialize
[2025-May-14 22:04:38.850 +08:00][10809:10809][info ] LoadDynamicKrisp
[2025-May-14 22:04:38.850 +08:00][10809:10809][info ] Did not find KRISP_DYLIB_PATH, skipping dynamic loading
[2025-May-14 22:04:38.850 +08:00][10809:10809][info ] Initializing Krisp SDK in PID 10809, addr 0x781e01d90d10
[2025-May-14 22:04:39.040 +08:00][10809:10809][info ] Initialized Krisp SDK successfully
[2025-May-14 22:04:39.040 +08:00][10809:10809][info ] Krisp SDK initialized
[2025-May-14 22:05:01.652 +08:00][10809:10831][info ] KrispNCSetup: sampleRate = 8000, duration = 10
[2025-May-14 22:05:01.652 +08:00][10809:10831][info ] Setting Krisp model: small_NC_8k
[2025-May-14 22:05:01.695 +08:00][10809:10831][info ] KrispNCReset
[2025-May-14 22:05:01.695 +08:00][10809:10831][info ] KrispNCSetup: sampleRate = 48000, duration = 10
[2025-May-14 22:05:01.695 +08:00][10809:10831][info ] Setting Krisp model: full_NC
[2025-May-14 22:05:03.593 +08:00][10809:10831][info ] KrispNCReset
[2025-May-14 22:05:03.593 +08:00][10809:10831][info ] KrispNCSetup: sampleRate = 8000, duration = 10
[2025-May-14 22:05:03.593 +08:00][10809:10831][info ] Setting Krisp model: small_NC_8k
[2025-May-14 22:05:59.856 +08:00][10809:10831][info ] KrispNCReset
[2025-May-14 22:05:59.856 +08:00][10809:10831][info ] KrispNCSetup: sampleRate = 48000, duration = 10
[2025-May-14 22:05:59.856 +08:00][10809:10831][info ] Setting Krisp model: full_NC
[2025-May-14 22:05:59.870 +08:00][10809:10831][info ] KrispVADSetup: sampleRate = 48000, duration = 10
[2025-May-15 00:07:43.108 +08:00][10809:10823][info ] KrispVADReset
[2025-May-15 00:07:43.937 +08:00][10809:10831][info ] KrispVADSetup: sampleRate = 48000, duration = 10
[2025-May-16 19:40:14.525 +08:00][ 2935: 2935][info ] Logging initialized
[2025-May-16 19:40:14.525 +08:00][ 2935: 2935][info ] Initializing krisp SDK...
[2025-May-16 19:40:14.525 +08:00][ 2935: 2935][info ] DoKrispInitialize
[2025-May-16 19:40:14.841 +08:00][ 2935: 2935][info ] LoadDynamicKrisp
[2025-May-16 19:40:14.841 +08:00][ 2935: 2935][info ] Did not find KRISP_DYLIB_PATH, skipping dynamic loading
[2025-May-16 19:40:14.841 +08:00][ 2935: 2935][info ] Initializing Krisp SDK in PID 2935, addr 0x763792590d10
[2025-May-16 19:40:15.026 +08:00][ 2935: 2935][info ] Initialized Krisp SDK successfully
[2025-May-16 19:40:15.026 +08:00][ 2935: 2935][info ] Krisp SDK initialized
[2025-May-16 22:55:20.594 +08:00][40386:40386][info ] Logging initialized
[2025-May-16 22:55:20.594 +08:00][40386:40386][info ] Initializing krisp SDK...
[2025-May-16 22:55:20.594 +08:00][40386:40386][info ] DoKrispInitialize
[2025-May-16 22:55:20.914 +08:00][40386:40386][info ] LoadDynamicKrisp
[2025-May-16 22:55:20.914 +08:00][40386:40386][info ] Did not find KRISP_DYLIB_PATH, skipping dynamic loading
[2025-May-16 22:55:20.914 +08:00][40386:40386][info ] Initializing Krisp SDK in PID 40386, addr 0x7fe374790d10
[2025-May-16 22:55:21.107 +08:00][40386:40386][info ] Initialized Krisp SDK successfully
[2025-May-16 22:55:21.107 +08:00][40386:40386][info ] Krisp SDK initialized
[2025-May-16 22:55:30.809 +08:00][40386:40409][info ] KrispNCSetup: sampleRate = 48000, duration = 10
[2025-May-16 22:55:30.809 +08:00][40386:40409][info ] Setting Krisp model: full_NC
[2025-May-16 22:55:30.826 +08:00][40386:40409][info ] KrispVADSetup: sampleRate = 48000, duration = 10
[2025-May-16 23:02:31.866 +08:00][40386:40409][info ] KrispVADSetup: sampleRate = 48000, duration = 10
[2025-May-16 23:02:36.917 +08:00][40386:40401][info ] KrispVADReset
[2025-May-16 23:02:36.922 +08:00][40386:40409][info ] KrispVADSetup: sampleRate = 48000, duration = 10
[2025-May-16 23:02:37.922 +08:00][40386:40401][info ] KrispVADReset
[2025-May-16 23:02:37.925 +08:00][40386:40409][info ] KrispVADSetup: sampleRate = 48000, duration = 10
[2025-May-16 23:02:41.946 +08:00][40386:40401][info ] KrispVADReset
[2025-May-16 23:02:46.863 +08:00][40386:40409][info ] KrispVADSetup: sampleRate = 48000, duration = 10
[2025-May-16 23:02:47.418 +08:00][40386:40401][info ] KrispVADReset
[2025-May-17 22:44:46.663 +08:00][ 3062: 3062][info ] Logging initialized
[2025-May-17 22:44:46.663 +08:00][ 3062: 3062][info ] Initializing krisp SDK...
[2025-May-17 22:44:46.663 +08:00][ 3062: 3062][info ] DoKrispInitialize
[2025-May-17 22:44:46.978 +08:00][ 3062: 3062][info ] LoadDynamicKrisp
[2025-May-17 22:44:46.978 +08:00][ 3062: 3062][info ] Did not find KRISP_DYLIB_PATH, skipping dynamic loading
[2025-May-17 22:44:46.978 +08:00][ 3062: 3062][info ] Initializing Krisp SDK in PID 3062, addr 0x707e9fb90d10
[2025-May-17 22:44:47.162 +08:00][ 3062: 3062][info ] Initialized Krisp SDK successfully
[2025-May-17 22:44:47.162 +08:00][ 3062: 3062][info ] Krisp SDK initialized
[2025-May-17 22:46:39.257 +08:00][ 3062: 3086][info ] KrispNCSetup: sampleRate = 48000, duration = 10
[2025-May-17 22:46:39.257 +08:00][ 3062: 3086][info ] Setting Krisp model: full_NC
[2025-May-17 22:46:39.279 +08:00][ 3062: 3086][info ] KrispVADSetup: sampleRate = 48000, duration = 10
[2025-May-17 22:47:25.477 +08:00][ 3062: 3078][info ] KrispVADReset
[2025-May-17 22:47:28.968 +08:00][ 3062: 3086][info ] KrispVADSetup: sampleRate = 48000, duration = 10
[2025-May-18 01:01:22.072 +08:00][15267:15267][info ] Logging initialized
[2025-May-18 01:01:22.072 +08:00][15267:15267][info ] Initializing krisp SDK...
[2025-May-18 01:01:22.072 +08:00][15267:15267][info ] DoKrispInitialize
[2025-May-18 01:01:22.383 +08:00][15267:15267][info ] LoadDynamicKrisp
[2025-May-18 01:01:22.383 +08:00][15267:15267][info ] Did not find KRISP_DYLIB_PATH, skipping dynamic loading
[2025-May-18 01:01:22.383 +08:00][15267:15267][info ] Initializing Krisp SDK in PID 15267, addr 0x7c6c1ab90d10
[2025-May-18 01:01:22.575 +08:00][15267:15267][info ] Initialized Krisp SDK successfully
[2025-May-18 01:01:22.575 +08:00][15267:15267][info ] Krisp SDK initialized
[2025-May-18 01:01:29.566 +08:00][15267:15293][info ] KrispNCSetup: sampleRate = 48000, duration = 10
[2025-May-18 01:01:29.566 +08:00][15267:15293][info ] Setting Krisp model: full_NC
[2025-May-18 01:01:29.586 +08:00][15267:15293][info ] KrispVADSetup: sampleRate = 48000, duration = 10
[2025-May-18 01:46:16.066 +08:00][15267:15293][info ] KrispNCReset
[2025-May-18 01:46:16.067 +08:00][15267:15293][info ] KrispNCSetup: sampleRate = 8000, duration = 10
[2025-May-18 01:46:16.067 +08:00][15267:15293][info ] Setting Krisp model: small_NC_8k
[2025-May-18 01:46:16.073 +08:00][15267:15285][info ] KrispVADReset
[2025-May-18 22:43:46.235 +08:00][10622:10622][info ] Logging initialized
[2025-May-18 22:43:46.235 +08:00][10622:10622][info ] Initializing krisp SDK...
[2025-May-18 22:43:46.235 +08:00][10622:10622][info ] DoKrispInitialize
[2025-May-18 22:43:46.564 +08:00][10622:10622][info ] LoadDynamicKrisp
[2025-May-18 22:43:46.564 +08:00][10622:10622][info ] Did not find KRISP_DYLIB_PATH, skipping dynamic loading
[2025-May-18 22:43:46.564 +08:00][10622:10622][info ] Initializing Krisp SDK in PID 10622, addr 0x7f2eb8790d10
[2025-May-18 22:43:46.771 +08:00][10622:10622][info ] Initialized Krisp SDK successfully
[2025-May-18 22:43:46.771 +08:00][10622:10622][info ] Krisp SDK initialized
[2025-May-18 22:48:59.983 +08:00][10622:10644][info ] KrispNCSetup: sampleRate = 48000, duration = 10
[2025-May-18 22:48:59.983 +08:00][10622:10644][info ] Setting Krisp model: full_NC
[2025-May-18 22:49:00.005 +08:00][10622:10644][info ] KrispVADSetup: sampleRate = 48000, duration = 10
[2025-May-18 22:49:01.841 +08:00][10622:10636][info ] KrispVADReset
[2025-May-18 22:50:35.462 +08:00][10622:10644][info ] KrispVADSetup: sampleRate = 48000, duration = 10
[2025-May-19 22:32:01.900 +08:00][19947:19947][info ] Logging initialized
[2025-May-19 22:32:01.900 +08:00][19947:19947][info ] Initializing krisp SDK...
[2025-May-19 22:32:01.900 +08:00][19947:19947][info ] DoKrispInitialize
[2025-May-19 22:32:02.255 +08:00][19947:19947][info ] LoadDynamicKrisp
[2025-May-19 22:32:02.255 +08:00][19947:19947][info ] Did not find KRISP_DYLIB_PATH, skipping dynamic loading
[2025-May-19 22:32:02.255 +08:00][19947:19947][info ] Initializing Krisp SDK in PID 19947, addr 0x7f4a7cb90d10
[2025-May-19 22:32:02.499 +08:00][19947:19947][info ] Initialized Krisp SDK successfully
[2025-May-19 22:32:02.499 +08:00][19947:19947][info ] Krisp SDK initialized
[2025-May-19 22:32:11.660 +08:00][19947:19969][info ] KrispNCSetup: sampleRate = 48000, duration = 10
[2025-May-19 22:32:11.660 +08:00][19947:19969][info ] Setting Krisp model: full_NC
[2025-May-19 22:32:11.692 +08:00][19947:19969][info ] KrispVADSetup: sampleRate = 48000, duration = 10
[2025-May-20 00:33:43.302 +08:00][24032:24032][info ] Logging initialized
[2025-May-20 00:33:43.302 +08:00][24032:24032][info ] Initializing krisp SDK...
[2025-May-20 00:33:43.302 +08:00][24032:24032][info ] DoKrispInitialize
[2025-May-20 00:33:43.627 +08:00][24032:24032][info ] LoadDynamicKrisp
[2025-May-20 00:33:43.627 +08:00][24032:24032][info ] Did not find KRISP_DYLIB_PATH, skipping dynamic loading
[2025-May-20 00:33:43.627 +08:00][24032:24032][info ] Initializing Krisp SDK in PID 24032, addr 0x72ac1ab90d10
[2025-May-20 00:33:43.814 +08:00][24032:24032][info ] Initialized Krisp SDK successfully
[2025-May-20 00:33:43.814 +08:00][24032:24032][info ] Krisp SDK initialized
[2025-May-20 00:33:52.604 +08:00][24032:24054][info ] KrispNCSetup: sampleRate = 48000, duration = 10
[2025-May-20 00:33:52.604 +08:00][24032:24054][info ] Setting Krisp model: full_NC
[2025-May-20 00:33:52.616 +08:00][24032:24054][info ] KrispVADSetup: sampleRate = 48000, duration = 10
[2025-May-21 20:02:27.280 +08:00][ 3379: 3379][info ] Logging initialized
[2025-May-21 20:02:27.280 +08:00][ 3379: 3379][info ] Initializing krisp SDK...
[2025-May-21 20:02:27.280 +08:00][ 3379: 3379][info ] DoKrispInitialize
[2025-May-21 20:02:27.605 +08:00][ 3379: 3379][info ] LoadDynamicKrisp
[2025-May-21 20:02:27.605 +08:00][ 3379: 3379][info ] Did not find KRISP_DYLIB_PATH, skipping dynamic loading
[2025-May-21 20:02:27.605 +08:00][ 3379: 3379][info ] Initializing Krisp SDK in PID 3379, addr 0x79e23c98c820
[2025-May-21 20:02:27.801 +08:00][ 3379: 3379][info ] Initialized Krisp SDK successfully
[2025-May-21 20:02:27.801 +08:00][ 3379: 3379][info ] Krisp SDK initialized
[2025-May-21 20:02:33.753 +08:00][ 3379: 3403][info ] KrispNCSetup: sampleRate = 48000, duration = 10
[2025-May-21 20:02:33.753 +08:00][ 3379: 3403][info ] Setting Krisp model: full_NC
[2025-May-21 20:02:33.763 +08:00][ 3379: 3403][info ] KrispVADSetup: sampleRate = 48000, duration = 10
