2025-05-14 20:08:44.497 [info] ComputeTargetPlatform: linux-x64
2025-05-14 20:09:09.536 [info] ComputeTargetPlatform: linux-x64
2025-05-14 20:09:17.430 [info] Getting Manifest... pkief.material-icon-theme
2025-05-14 20:09:19.418 [info] Installing extension: pkief.material-icon-theme {"isMachineScoped":false,"installPreReleaseVersion":false,"pinned":true,"profileLocation":{"$mid":1,"external":"vscode-userdata:/home/m4cren/.vscode-oss/extensions/extensions.json","path":"/home/m4cren/.vscode-oss/extensions/extensions.json","scheme":"vscode-userdata"},"isApplicationScoped":false,"productVersion":{"version":"1.100.0","date":"2025-05-08T19:22:17.785Z"}}
2025-05-14 20:09:23.119 [error] Could not load vsce-sign module Cannot find package '@vscode/vsce-sign' imported from /usr/lib/code/out/vs/code/electron-utility/sharedProcess/sharedProcessMain.js
2025-05-14 20:09:23.119 [info] Extension signature verification is not done: pkief.material-icon-theme
2025-05-14 20:09:23.122 [error] Error while installing the extension pkief.material-icon-theme Signature verification was not executed. vscode-userdata:/home/m4cren/.vscode-oss/extensions/extensions.json
2025-05-14 20:09:23.125 [error] [uncaught exception in sharedProcess]: Signature verification was not executed.: SignatureVerificationInternal: Signature verification was not executed.
    at yh.xb (file:///usr/lib/code/out/vs/code/electron-utility/sharedProcess/sharedProcessMain.js:74:63971)
    at async yh.wb (file:///usr/lib/code/out/vs/code/electron-utility/sharedProcess/sharedProcessMain.js:74:62886)
2025-05-14 20:09:34.035 [info] Getting Manifest... pkief.material-icon-theme
2025-05-14 20:09:34.672 [info] Installing extension: pkief.material-icon-theme {"isMachineScoped":false,"installPreReleaseVersion":false,"pinned":true,"donotVerifySignature":true,"profileLocation":{"$mid":1,"external":"vscode-userdata:/home/m4cren/.vscode-oss/extensions/extensions.json","path":"/home/m4cren/.vscode-oss/extensions/extensions.json","scheme":"vscode-userdata"},"isApplicationScoped":false,"productVersion":{"version":"1.100.0","date":"2025-05-08T19:22:17.785Z"}}
2025-05-14 20:09:37.143 [info] Extracted extension to file:///home/m4cren/.vscode-oss/extensions/pkief.material-icon-theme-5.22.0-universal: pkief.material-icon-theme
2025-05-14 20:09:37.173 [info] Renamed to /home/m4cren/.vscode-oss/extensions/pkief.material-icon-theme-5.22.0-universal
2025-05-14 20:09:37.184 [info] Extension installed successfully: pkief.material-icon-theme vscode-userdata:/home/m4cren/.vscode-oss/extensions/extensions.json
2025-05-14 20:09:51.633 [info] Getting Manifest... ms-python.python
2025-05-14 20:09:52.189 [info] Installing extension: ms-python.python {"isMachineScoped":false,"installPreReleaseVersion":false,"pinned":true,"profileLocation":{"$mid":1,"external":"vscode-userdata:/home/m4cren/.vscode-oss/extensions/extensions.json","path":"/home/m4cren/.vscode-oss/extensions/extensions.json","scheme":"vscode-userdata"},"isApplicationScoped":false,"productVersion":{"version":"1.100.0","date":"2025-05-08T19:22:17.785Z"}}
2025-05-14 20:09:52.491 [info] Getting Manifest... ms-python.debugpy
2025-05-14 20:09:53.242 [info] Installing extension: ms-python.debugpy {"isMachineScoped":false,"installPreReleaseVersion":false,"pinned":false,"profileLocation":{"$mid":1,"external":"vscode-userdata:/home/m4cren/.vscode-oss/extensions/extensions.json","path":"/home/m4cren/.vscode-oss/extensions/extensions.json","scheme":"vscode-userdata"},"isApplicationScoped":false,"productVersion":{"version":"1.100.0","date":"2025-05-08T19:22:17.785Z"},"installGivenVersion":false,"context":{"dependecyOrPackExtensionInstall":true}}
2025-05-14 20:09:56.407 [error] Could not load vsce-sign module Cannot find package '@vscode/vsce-sign' imported from /usr/lib/code/out/vs/code/electron-utility/sharedProcess/sharedProcessMain.js
2025-05-14 20:09:56.407 [info] Extension signature verification is not done: ms-python.python
2025-05-14 20:09:56.409 [error] Error while installing the extension ms-python.python Signature verification was not executed. vscode-userdata:/home/m4cren/.vscode-oss/extensions/extensions.json
2025-05-14 20:09:56.411 [error] [uncaught exception in sharedProcess]: Signature verification was not executed.: SignatureVerificationInternal: Signature verification was not executed.
    at yh.xb (file:///usr/lib/code/out/vs/code/electron-utility/sharedProcess/sharedProcessMain.js:74:63971)
    at async yh.wb (file:///usr/lib/code/out/vs/code/electron-utility/sharedProcess/sharedProcessMain.js:74:62886)
2025-05-14 20:10:00.589 [error] Could not load vsce-sign module Cannot find package '@vscode/vsce-sign' imported from /usr/lib/code/out/vs/code/electron-utility/sharedProcess/sharedProcessMain.js
2025-05-14 20:10:00.589 [info] Extension signature verification is not done: ms-python.debugpy
2025-05-14 20:10:00.591 [error] Error while installing the extension ms-python.debugpy Signature verification was not executed. vscode-userdata:/home/m4cren/.vscode-oss/extensions/extensions.json
2025-05-14 20:10:00.591 [error] [uncaught exception in sharedProcess]: Signature verification was not executed.: SignatureVerificationInternal: Signature verification was not executed.
    at yh.xb (file:///usr/lib/code/out/vs/code/electron-utility/sharedProcess/sharedProcessMain.js:74:63971)
    at async yh.wb (file:///usr/lib/code/out/vs/code/electron-utility/sharedProcess/sharedProcessMain.js:74:62886)
2025-05-14 20:10:10.928 [info] Getting Manifest... ms-python.python
2025-05-14 20:10:11.539 [info] Installing extension: ms-python.python {"isMachineScoped":false,"installPreReleaseVersion":false,"pinned":true,"donotVerifySignature":true,"profileLocation":{"$mid":1,"external":"vscode-userdata:/home/m4cren/.vscode-oss/extensions/extensions.json","path":"/home/m4cren/.vscode-oss/extensions/extensions.json","scheme":"vscode-userdata"},"isApplicationScoped":false,"productVersion":{"version":"1.100.0","date":"2025-05-08T19:22:17.785Z"}}
2025-05-14 20:10:11.844 [info] Getting Manifest... ms-python.debugpy
2025-05-14 20:10:13.207 [info] Installing extension: ms-python.debugpy {"isMachineScoped":false,"installPreReleaseVersion":false,"pinned":false,"donotVerifySignature":true,"profileLocation":{"$mid":1,"external":"vscode-userdata:/home/m4cren/.vscode-oss/extensions/extensions.json","path":"/home/m4cren/.vscode-oss/extensions/extensions.json","scheme":"vscode-userdata"},"isApplicationScoped":false,"productVersion":{"version":"1.100.0","date":"2025-05-08T19:22:17.785Z"},"installGivenVersion":false,"context":{"dependecyOrPackExtensionInstall":true}}
2025-05-14 20:10:16.826 [info] Extracted extension to file:///home/m4cren/.vscode-oss/extensions/ms-python.debugpy-2025.6.0-linux-x64: ms-python.debugpy
2025-05-14 20:10:16.845 [info] Renamed to /home/m4cren/.vscode-oss/extensions/ms-python.debugpy-2025.6.0-linux-x64
2025-05-14 20:10:19.994 [info] Extracted extension to file:///home/m4cren/.vscode-oss/extensions/ms-python.python-2025.4.0-universal: ms-python.python
2025-05-14 20:10:20.075 [info] Renamed to /home/m4cren/.vscode-oss/extensions/ms-python.python-2025.4.0-universal
2025-05-14 20:10:20.100 [info] Extension installed successfully: ms-python.debugpy vscode-userdata:/home/m4cren/.vscode-oss/extensions/extensions.json
2025-05-14 20:10:20.100 [info] Extension installed successfully: ms-python.python vscode-userdata:/home/m4cren/.vscode-oss/extensions/extensions.json
2025-05-14 20:10:24.033 [info] Getting Manifest... dbaeumer.vscode-eslint
2025-05-14 20:10:24.645 [info] Installing extension: dbaeumer.vscode-eslint {"isMachineScoped":false,"installPreReleaseVersion":false,"pinned":true,"profileLocation":{"$mid":1,"external":"vscode-userdata:/home/m4cren/.vscode-oss/extensions/extensions.json","path":"/home/m4cren/.vscode-oss/extensions/extensions.json","scheme":"vscode-userdata"},"isApplicationScoped":false,"productVersion":{"version":"1.100.0","date":"2025-05-08T19:22:17.785Z"}}
2025-05-14 20:10:25.983 [error] Could not load vsce-sign module Cannot find package '@vscode/vsce-sign' imported from /usr/lib/code/out/vs/code/electron-utility/sharedProcess/sharedProcessMain.js
2025-05-14 20:10:25.983 [info] Extension signature verification is not done: dbaeumer.vscode-eslint
2025-05-14 20:10:25.984 [error] Error while installing the extension dbaeumer.vscode-eslint Signature verification was not executed. vscode-userdata:/home/m4cren/.vscode-oss/extensions/extensions.json
2025-05-14 20:10:25.985 [error] [uncaught exception in sharedProcess]: Signature verification was not executed.: SignatureVerificationInternal: Signature verification was not executed.
    at yh.xb (file:///usr/lib/code/out/vs/code/electron-utility/sharedProcess/sharedProcessMain.js:74:63971)
    at async yh.wb (file:///usr/lib/code/out/vs/code/electron-utility/sharedProcess/sharedProcessMain.js:74:62886)
2025-05-14 20:10:28.334 [info] Getting Manifest... dbaeumer.vscode-eslint
2025-05-14 20:10:28.945 [info] Installing extension: dbaeumer.vscode-eslint {"isMachineScoped":false,"installPreReleaseVersion":false,"pinned":true,"donotVerifySignature":true,"profileLocation":{"$mid":1,"external":"vscode-userdata:/home/m4cren/.vscode-oss/extensions/extensions.json","path":"/home/m4cren/.vscode-oss/extensions/extensions.json","scheme":"vscode-userdata"},"isApplicationScoped":false,"productVersion":{"version":"1.100.0","date":"2025-05-08T19:22:17.785Z"}}
2025-05-14 20:10:29.496 [info] Extracted extension to file:///home/m4cren/.vscode-oss/extensions/dbaeumer.vscode-eslint-3.0.10-universal: dbaeumer.vscode-eslint
2025-05-14 20:10:29.499 [info] Renamed to /home/m4cren/.vscode-oss/extensions/dbaeumer.vscode-eslint-3.0.10-universal
2025-05-14 20:10:29.508 [info] Extension installed successfully: dbaeumer.vscode-eslint vscode-userdata:/home/m4cren/.vscode-oss/extensions/extensions.json
2025-05-14 20:10:35.656 [info] Getting Manifest... dsznajder.es7-react-js-snippets
2025-05-14 20:10:36.287 [info] Installing extension: dsznajder.es7-react-js-snippets {"isMachineScoped":false,"installPreReleaseVersion":false,"pinned":true,"profileLocation":{"$mid":1,"external":"vscode-userdata:/home/m4cren/.vscode-oss/extensions/extensions.json","path":"/home/m4cren/.vscode-oss/extensions/extensions.json","scheme":"vscode-userdata"},"isApplicationScoped":false,"productVersion":{"version":"1.100.0","date":"2025-05-08T19:22:17.785Z"}}
2025-05-14 20:10:39.193 [error] Could not load vsce-sign module Cannot find package '@vscode/vsce-sign' imported from /usr/lib/code/out/vs/code/electron-utility/sharedProcess/sharedProcessMain.js
2025-05-14 20:10:39.194 [info] Extension signature verification is not done: dsznajder.es7-react-js-snippets
2025-05-14 20:10:39.195 [error] Error while installing the extension dsznajder.es7-react-js-snippets Signature verification was not executed. vscode-userdata:/home/m4cren/.vscode-oss/extensions/extensions.json
2025-05-14 20:10:39.195 [error] [uncaught exception in sharedProcess]: Signature verification was not executed.: SignatureVerificationInternal: Signature verification was not executed.
    at yh.xb (file:///usr/lib/code/out/vs/code/electron-utility/sharedProcess/sharedProcessMain.js:74:63971)
    at async yh.wb (file:///usr/lib/code/out/vs/code/electron-utility/sharedProcess/sharedProcessMain.js:74:62886)
2025-05-14 20:10:41.237 [info] Getting Manifest... dsznajder.es7-react-js-snippets
2025-05-14 20:10:41.744 [info] Installing extension: dsznajder.es7-react-js-snippets {"isMachineScoped":false,"installPreReleaseVersion":false,"pinned":true,"donotVerifySignature":true,"profileLocation":{"$mid":1,"external":"vscode-userdata:/home/m4cren/.vscode-oss/extensions/extensions.json","path":"/home/m4cren/.vscode-oss/extensions/extensions.json","scheme":"vscode-userdata"},"isApplicationScoped":false,"productVersion":{"version":"1.100.0","date":"2025-05-08T19:22:17.785Z"}}
2025-05-14 20:10:43.778 [info] Extracted extension to file:///home/m4cren/.vscode-oss/extensions/dsznajder.es7-react-js-snippets-4.4.3-universal: dsznajder.es7-react-js-snippets
2025-05-14 20:10:43.787 [info] Renamed to /home/m4cren/.vscode-oss/extensions/dsznajder.es7-react-js-snippets-4.4.3-universal
2025-05-14 20:10:43.800 [info] Extension installed successfully: dsznajder.es7-react-js-snippets vscode-userdata:/home/m4cren/.vscode-oss/extensions/extensions.json
2025-05-14 20:10:44.616 [info] Getting Manifest... bradlc.vscode-tailwindcss
2025-05-14 20:10:45.226 [info] Installing extension: bradlc.vscode-tailwindcss {"isMachineScoped":false,"installPreReleaseVersion":false,"pinned":true,"profileLocation":{"$mid":1,"external":"vscode-userdata:/home/m4cren/.vscode-oss/extensions/extensions.json","path":"/home/m4cren/.vscode-oss/extensions/extensions.json","scheme":"vscode-userdata"},"isApplicationScoped":false,"productVersion":{"version":"1.100.0","date":"2025-05-08T19:22:17.785Z"}}
2025-05-14 20:10:47.578 [error] Could not load vsce-sign module Cannot find package '@vscode/vsce-sign' imported from /usr/lib/code/out/vs/code/electron-utility/sharedProcess/sharedProcessMain.js
2025-05-14 20:10:47.579 [info] Extension signature verification is not done: bradlc.vscode-tailwindcss
2025-05-14 20:10:47.581 [error] Error while installing the extension bradlc.vscode-tailwindcss Signature verification was not executed. vscode-userdata:/home/m4cren/.vscode-oss/extensions/extensions.json
2025-05-14 20:10:47.581 [error] [uncaught exception in sharedProcess]: Signature verification was not executed.: SignatureVerificationInternal: Signature verification was not executed.
    at yh.xb (file:///usr/lib/code/out/vs/code/electron-utility/sharedProcess/sharedProcessMain.js:74:63971)
    at async yh.wb (file:///usr/lib/code/out/vs/code/electron-utility/sharedProcess/sharedProcessMain.js:74:62886)
2025-05-14 20:10:48.526 [info] Getting Manifest... stivo.tailwind-fold
2025-05-14 20:10:49.014 [info] Installing extension: stivo.tailwind-fold {"isMachineScoped":false,"installPreReleaseVersion":false,"pinned":true,"profileLocation":{"$mid":1,"external":"vscode-userdata:/home/m4cren/.vscode-oss/extensions/extensions.json","path":"/home/m4cren/.vscode-oss/extensions/extensions.json","scheme":"vscode-userdata"},"isApplicationScoped":false,"productVersion":{"version":"1.100.0","date":"2025-05-08T19:22:17.785Z"}}
2025-05-14 20:10:50.565 [info] Getting Manifest... bradlc.vscode-tailwindcss
2025-05-14 20:10:51.095 [info] Installing extension: bradlc.vscode-tailwindcss {"isMachineScoped":false,"installPreReleaseVersion":false,"pinned":true,"donotVerifySignature":true,"profileLocation":{"$mid":1,"external":"vscode-userdata:/home/m4cren/.vscode-oss/extensions/extensions.json","path":"/home/m4cren/.vscode-oss/extensions/extensions.json","scheme":"vscode-userdata"},"isApplicationScoped":false,"productVersion":{"version":"1.100.0","date":"2025-05-08T19:22:17.785Z"}}
2025-05-14 20:10:52.004 [error] Could not load vsce-sign module Cannot find package '@vscode/vsce-sign' imported from /usr/lib/code/out/vs/code/electron-utility/sharedProcess/sharedProcessMain.js
2025-05-14 20:10:52.004 [info] Extension signature verification is not done: stivo.tailwind-fold
2025-05-14 20:10:52.006 [error] Error while installing the extension stivo.tailwind-fold Signature verification was not executed. vscode-userdata:/home/m4cren/.vscode-oss/extensions/extensions.json
2025-05-14 20:10:52.006 [error] [uncaught exception in sharedProcess]: Signature verification was not executed.: SignatureVerificationInternal: Signature verification was not executed.
    at yh.xb (file:///usr/lib/code/out/vs/code/electron-utility/sharedProcess/sharedProcessMain.js:74:63971)
    at async yh.wb (file:///usr/lib/code/out/vs/code/electron-utility/sharedProcess/sharedProcessMain.js:74:62886)
2025-05-14 20:10:52.479 [info] Extracted extension to file:///home/m4cren/.vscode-oss/extensions/bradlc.vscode-tailwindcss-0.14.16-universal: bradlc.vscode-tailwindcss
2025-05-14 20:10:52.482 [info] Renamed to /home/m4cren/.vscode-oss/extensions/bradlc.vscode-tailwindcss-0.14.16-universal
2025-05-14 20:10:52.498 [info] Extension installed successfully: bradlc.vscode-tailwindcss vscode-userdata:/home/m4cren/.vscode-oss/extensions/extensions.json
2025-05-14 20:10:54.171 [info] Getting Manifest... stivo.tailwind-fold
2025-05-14 20:10:56.919 [info] Installing extension: stivo.tailwind-fold {"isMachineScoped":false,"installPreReleaseVersion":false,"pinned":true,"donotVerifySignature":true,"profileLocation":{"$mid":1,"external":"vscode-userdata:/home/m4cren/.vscode-oss/extensions/extensions.json","path":"/home/m4cren/.vscode-oss/extensions/extensions.json","scheme":"vscode-userdata"},"isApplicationScoped":false,"productVersion":{"version":"1.100.0","date":"2025-05-08T19:22:17.785Z"}}
2025-05-14 20:11:03.741 [info] Extracted extension to file:///home/m4cren/.vscode-oss/extensions/stivo.tailwind-fold-0.2.0-universal: stivo.tailwind-fold
2025-05-14 20:11:03.744 [info] Renamed to /home/m4cren/.vscode-oss/extensions/stivo.tailwind-fold-0.2.0-universal
2025-05-14 20:11:03.767 [info] Extension installed successfully: stivo.tailwind-fold vscode-userdata:/home/m4cren/.vscode-oss/extensions/extensions.json
2025-05-14 20:11:06.051 [info] Getting Manifest... adpyke.codesnap
2025-05-14 20:11:06.837 [info] Installing extension: adpyke.codesnap {"isMachineScoped":false,"installPreReleaseVersion":false,"pinned":true,"profileLocation":{"$mid":1,"external":"vscode-userdata:/home/m4cren/.vscode-oss/extensions/extensions.json","path":"/home/m4cren/.vscode-oss/extensions/extensions.json","scheme":"vscode-userdata"},"isApplicationScoped":false,"productVersion":{"version":"1.100.0","date":"2025-05-08T19:22:17.785Z"}}
2025-05-14 20:11:10.017 [error] Could not load vsce-sign module Cannot find package '@vscode/vsce-sign' imported from /usr/lib/code/out/vs/code/electron-utility/sharedProcess/sharedProcessMain.js
2025-05-14 20:11:10.017 [info] Extension signature verification is not done: adpyke.codesnap
2025-05-14 20:11:10.018 [error] Error while installing the extension adpyke.codesnap Signature verification was not executed. vscode-userdata:/home/m4cren/.vscode-oss/extensions/extensions.json
2025-05-14 20:11:10.018 [error] [uncaught exception in sharedProcess]: Signature verification was not executed.: SignatureVerificationInternal: Signature verification was not executed.
    at yh.xb (file:///usr/lib/code/out/vs/code/electron-utility/sharedProcess/sharedProcessMain.js:74:63971)
    at async yh.wb (file:///usr/lib/code/out/vs/code/electron-utility/sharedProcess/sharedProcessMain.js:74:62886)
2025-05-14 20:11:11.959 [info] Getting Manifest... adpyke.codesnap
2025-05-14 20:11:12.484 [info] Installing extension: adpyke.codesnap {"isMachineScoped":false,"installPreReleaseVersion":false,"pinned":true,"donotVerifySignature":true,"profileLocation":{"$mid":1,"external":"vscode-userdata:/home/m4cren/.vscode-oss/extensions/extensions.json","path":"/home/m4cren/.vscode-oss/extensions/extensions.json","scheme":"vscode-userdata"},"isApplicationScoped":false,"productVersion":{"version":"1.100.0","date":"2025-05-08T19:22:17.785Z"}}
2025-05-14 20:11:15.125 [info] Extracted extension to file:///home/m4cren/.vscode-oss/extensions/adpyke.codesnap-1.3.4-universal: adpyke.codesnap
2025-05-14 20:11:15.170 [info] Renamed to /home/m4cren/.vscode-oss/extensions/adpyke.codesnap-1.3.4-universal
2025-05-14 20:11:15.183 [info] Extension installed successfully: adpyke.codesnap vscode-userdata:/home/m4cren/.vscode-oss/extensions/extensions.json
