2025-05-21 12:32:38.355 [info] Reading sessions from keychain...
2025-05-21 12:32:38.355 [info] Getting sessions for all scopes...
2025-05-21 12:32:38.355 [info] Getting sessions for all scopes...
2025-05-21 12:32:38.560 [info] Getting sessions for all scopes...
2025-05-21 12:32:38.560 [info] Getting sessions for all scopes...
2025-05-21 12:32:38.560 [info] Getting sessions for all scopes...
2025-05-21 12:32:38.561 [info] Getting sessions for all scopes...
2025-05-21 12:32:38.561 [info] Getting sessions for all scopes...
2025-05-21 12:32:38.766 [info] Got stored sessions!
2025-05-21 12:32:38.766 [info] Got 2 verified sessions.
2025-05-21 12:32:38.766 [info] Got 2 sessions for ...
2025-05-21 12:32:38.766 [info] Got 2 sessions for ...
2025-05-21 12:32:38.766 [info] Got 2 sessions for ...
2025-05-21 12:32:38.766 [info] Got 2 sessions for ...
2025-05-21 12:32:38.766 [info] Got 2 sessions for ...
2025-05-21 12:32:38.766 [info] Got 2 sessions for ...
2025-05-21 12:32:38.766 [info] Got 2 sessions for ...
2025-05-21 12:32:39.989 [info] Getting sessions for all scopes...
2025-05-21 12:32:39.989 [info] Got 2 sessions for ...
2025-05-21 12:32:39.990 [info] Getting sessions for all scopes...
2025-05-21 12:32:39.990 [info] Got 2 sessions for ...
2025-05-21 12:32:39.990 [info] Getting sessions for all scopes...
2025-05-21 12:32:39.990 [info] Got 2 sessions for ...
2025-05-21 12:32:39.990 [info] Getting sessions for all scopes...
2025-05-21 12:32:39.990 [info] Got 2 sessions for ...
2025-05-21 12:32:39.991 [info] Getting sessions for all scopes...
2025-05-21 12:32:39.991 [info] Got 2 sessions for ...
2025-05-21 12:32:39.991 [info] Getting sessions for all scopes...
2025-05-21 12:32:39.991 [info] Got 2 sessions for ...
2025-05-21 12:32:43.005 [info] Getting sessions for all scopes...
2025-05-21 12:32:43.005 [info] Got 2 sessions for ...
2025-05-21 12:32:43.032 [info] Getting sessions for user:email...
2025-05-21 12:32:43.032 [info] Got 1 sessions for user:email...
2025-05-21 12:32:43.196 [info] Getting sessions for all scopes...
2025-05-21 12:32:43.196 [info] Got 2 sessions for ...
2025-05-21 12:32:43.556 [info] Getting sessions for read:user,repo,user:email,workflow...
2025-05-21 12:32:43.556 [info] Got 1 sessions for read:user,repo,user:email,workflow...
2025-05-21 12:32:43.561 [info] Getting sessions for all scopes...
2025-05-21 12:32:43.561 [info] Got 2 sessions for ...
2025-05-21 12:32:44.618 [info] Getting sessions for read:user,repo,user:email,workflow...
2025-05-21 12:32:44.618 [info] Got 1 sessions for read:user,repo,user:email,workflow...
