["INFO" - 1:10:10 AM] Extension Name: esbenp.prettier-vscode.
["INFO" - 1:10:10 AM] Extension Version: 11.0.0.
["INFO" - 1:15:35 AM] Formatting file:///home/m4cren/webDev/GameHub/client/src/components/navbar/NavBar.tsx
["INFO" - 1:15:35 AM] Using config file at /home/m4cren/webDev/GameHub/client/.prettierrc
["INFO" - 1:15:35 AM] PrettierInstance:
{
  "modulePath": "/home/m4cren/webDev/GameHub/client/node_modules/prettier/index.cjs",
  "messageResolvers": {},
  "version": "3.5.3"
}
["INFO" - 1:15:35 AM] Using ignore file (if present) at /home/m4cren/webDev/GameHub/.prettierignore
["INFO" - 1:15:35 AM] File Info:
{
  "ignored": false,
  "inferredParser": "typescript"
}
["INFO" - 1:15:35 AM] Detected local configuration (i.e. .prettierrc or .editorconfig), VS Code configuration will not be used
["INFO" - 1:15:35 AM] Prettier Options:
{
  "filepath": "/home/m4cren/webDev/GameHub/client/src/components/navbar/NavBar.tsx",
  "parser": "typescript",
  "tabWidth": 4
}
["INFO" - 1:15:35 AM] Formatting completed in 139ms.
["INFO" - 1:15:48 AM] Formatting file:///home/m4cren/webDev/GameHub/client/src/components/navbar/NavBar.tsx
["INFO" - 1:15:48 AM] Using config file at /home/m4cren/webDev/GameHub/client/.prettierrc
["INFO" - 1:15:48 AM] PrettierInstance:
{
  "modulePath": "/home/m4cren/webDev/GameHub/client/node_modules/prettier/index.cjs",
  "messageResolvers": {},
  "version": "3.5.3"
}
["INFO" - 1:15:48 AM] Using ignore file (if present) at /home/m4cren/webDev/GameHub/.prettierignore
["INFO" - 1:15:48 AM] File Info:
{
  "ignored": false,
  "inferredParser": "typescript"
}
["INFO" - 1:15:48 AM] Detected local configuration (i.e. .prettierrc or .editorconfig), VS Code configuration will not be used
["INFO" - 1:15:48 AM] Prettier Options:
{
  "filepath": "/home/m4cren/webDev/GameHub/client/src/components/navbar/NavBar.tsx",
  "parser": "typescript",
  "tabWidth": 4
}
["INFO" - 1:15:48 AM] Formatting completed in 19ms.
["INFO" - 1:16:08 AM] Formatting file:///home/m4cren/webDev/GameHub/client/src/components/navbar/NavBar.tsx
["INFO" - 1:16:08 AM] Using config file at /home/m4cren/webDev/GameHub/client/.prettierrc
["INFO" - 1:16:08 AM] PrettierInstance:
{
  "modulePath": "/home/m4cren/webDev/GameHub/client/node_modules/prettier/index.cjs",
  "messageResolvers": {},
  "version": "3.5.3"
}
["INFO" - 1:16:08 AM] Using ignore file (if present) at /home/m4cren/webDev/GameHub/.prettierignore
["INFO" - 1:16:08 AM] File Info:
{
  "ignored": false,
  "inferredParser": "typescript"
}
["INFO" - 1:16:08 AM] Detected local configuration (i.e. .prettierrc or .editorconfig), VS Code configuration will not be used
["INFO" - 1:16:08 AM] Prettier Options:
{
  "filepath": "/home/m4cren/webDev/GameHub/client/src/components/navbar/NavBar.tsx",
  "parser": "typescript",
  "tabWidth": 4
}
["INFO" - 1:16:08 AM] Formatting completed in 15ms.
["INFO" - 1:16:44 AM] Formatting file:///home/m4cren/webDev/GameHub/client/src/components/navbar/NavBar.tsx
["INFO" - 1:16:44 AM] Using config file at /home/m4cren/webDev/GameHub/client/.prettierrc
["INFO" - 1:16:44 AM] PrettierInstance:
{
  "modulePath": "/home/m4cren/webDev/GameHub/client/node_modules/prettier/index.cjs",
  "messageResolvers": {},
  "version": "3.5.3"
}
["INFO" - 1:16:44 AM] Using ignore file (if present) at /home/m4cren/webDev/GameHub/.prettierignore
["INFO" - 1:16:44 AM] File Info:
{
  "ignored": false,
  "inferredParser": "typescript"
}
["INFO" - 1:16:44 AM] Detected local configuration (i.e. .prettierrc or .editorconfig), VS Code configuration will not be used
["INFO" - 1:16:44 AM] Prettier Options:
{
  "filepath": "/home/m4cren/webDev/GameHub/client/src/components/navbar/NavBar.tsx",
  "parser": "typescript",
  "tabWidth": 4
}
["INFO" - 1:16:44 AM] Formatting completed in 12ms.
["INFO" - 1:16:49 AM] Formatting file:///home/m4cren/webDev/GameHub/client/src/components/navbar/NavBar.tsx
["INFO" - 1:16:49 AM] Using config file at /home/m4cren/webDev/GameHub/client/.prettierrc
["INFO" - 1:16:49 AM] PrettierInstance:
{
  "modulePath": "/home/m4cren/webDev/GameHub/client/node_modules/prettier/index.cjs",
  "messageResolvers": {},
  "version": "3.5.3"
}
["INFO" - 1:16:49 AM] Using ignore file (if present) at /home/m4cren/webDev/GameHub/.prettierignore
["INFO" - 1:16:49 AM] File Info:
{
  "ignored": false,
  "inferredParser": "typescript"
}
["INFO" - 1:16:49 AM] Detected local configuration (i.e. .prettierrc or .editorconfig), VS Code configuration will not be used
["INFO" - 1:16:49 AM] Prettier Options:
{
  "filepath": "/home/m4cren/webDev/GameHub/client/src/components/navbar/NavBar.tsx",
  "parser": "typescript",
  "tabWidth": 4
}
["INFO" - 1:16:49 AM] Formatting completed in 13ms.
["INFO" - 1:16:59 AM] Formatting file:///home/m4cren/webDev/GameHub/client/src/components/navbar/NavBar.tsx
["INFO" - 1:16:59 AM] Using config file at /home/m4cren/webDev/GameHub/client/.prettierrc
["INFO" - 1:16:59 AM] PrettierInstance:
{
  "modulePath": "/home/m4cren/webDev/GameHub/client/node_modules/prettier/index.cjs",
  "messageResolvers": {},
  "version": "3.5.3"
}
["INFO" - 1:16:59 AM] Using ignore file (if present) at /home/m4cren/webDev/GameHub/.prettierignore
["INFO" - 1:16:59 AM] File Info:
{
  "ignored": false,
  "inferredParser": "typescript"
}
["INFO" - 1:16:59 AM] Detected local configuration (i.e. .prettierrc or .editorconfig), VS Code configuration will not be used
["INFO" - 1:16:59 AM] Prettier Options:
{
  "filepath": "/home/m4cren/webDev/GameHub/client/src/components/navbar/NavBar.tsx",
  "parser": "typescript",
  "tabWidth": 4
}
["INFO" - 1:16:59 AM] Formatting completed in 14ms.
["INFO" - 1:19:31 AM] Formatting file:///home/m4cren/webDev/GameHub/client/src/components/navbar/NavBar.tsx
["INFO" - 1:19:31 AM] Using config file at /home/m4cren/webDev/GameHub/client/.prettierrc
["INFO" - 1:19:31 AM] PrettierInstance:
{
  "modulePath": "/home/m4cren/webDev/GameHub/client/node_modules/prettier/index.cjs",
  "messageResolvers": {},
  "version": "3.5.3"
}
["INFO" - 1:19:31 AM] Using ignore file (if present) at /home/m4cren/webDev/GameHub/.prettierignore
["INFO" - 1:19:31 AM] File Info:
{
  "ignored": false,
  "inferredParser": "typescript"
}
["INFO" - 1:19:31 AM] Detected local configuration (i.e. .prettierrc or .editorconfig), VS Code configuration will not be used
["INFO" - 1:19:31 AM] Prettier Options:
{
  "filepath": "/home/m4cren/webDev/GameHub/client/src/components/navbar/NavBar.tsx",
  "parser": "typescript",
  "tabWidth": 4
}
["INFO" - 1:19:31 AM] Formatting completed in 17ms.
["INFO" - 1:20:43 AM] Formatting file:///home/m4cren/webDev/GameHub/client/src/components/main/Header.tsx
["INFO" - 1:20:43 AM] Using config file at /home/m4cren/webDev/GameHub/client/.prettierrc
["INFO" - 1:20:43 AM] PrettierInstance:
{
  "modulePath": "/home/m4cren/webDev/GameHub/client/node_modules/prettier/index.cjs",
  "messageResolvers": {},
  "version": "3.5.3"
}
["INFO" - 1:20:43 AM] Using ignore file (if present) at /home/m4cren/webDev/GameHub/.prettierignore
["INFO" - 1:20:43 AM] File Info:
{
  "ignored": false,
  "inferredParser": "typescript"
}
["INFO" - 1:20:43 AM] Detected local configuration (i.e. .prettierrc or .editorconfig), VS Code configuration will not be used
["INFO" - 1:20:43 AM] Prettier Options:
{
  "filepath": "/home/m4cren/webDev/GameHub/client/src/components/main/Header.tsx",
  "parser": "typescript",
  "tabWidth": 4
}
["INFO" - 1:20:43 AM] Formatting completed in 13ms.
["INFO" - 1:20:45 AM] Formatting file:///home/m4cren/webDev/GameHub/client/src/components/main/Header.tsx
["INFO" - 1:20:45 AM] Using config file at /home/m4cren/webDev/GameHub/client/.prettierrc
["INFO" - 1:20:45 AM] PrettierInstance:
{
  "modulePath": "/home/m4cren/webDev/GameHub/client/node_modules/prettier/index.cjs",
  "messageResolvers": {},
  "version": "3.5.3"
}
["INFO" - 1:20:45 AM] Using ignore file (if present) at /home/m4cren/webDev/GameHub/.prettierignore
["INFO" - 1:20:45 AM] File Info:
{
  "ignored": false,
  "inferredParser": "typescript"
}
["INFO" - 1:20:45 AM] Detected local configuration (i.e. .prettierrc or .editorconfig), VS Code configuration will not be used
["INFO" - 1:20:45 AM] Prettier Options:
{
  "filepath": "/home/m4cren/webDev/GameHub/client/src/components/main/Header.tsx",
  "parser": "typescript",
  "tabWidth": 4
}
["INFO" - 1:20:45 AM] Formatting completed in 14ms.
["INFO" - 1:20:48 AM] Formatting file:///home/m4cren/webDev/GameHub/client/src/components/main/Header.tsx
["INFO" - 1:20:48 AM] Using config file at /home/m4cren/webDev/GameHub/client/.prettierrc
["INFO" - 1:20:48 AM] PrettierInstance:
{
  "modulePath": "/home/m4cren/webDev/GameHub/client/node_modules/prettier/index.cjs",
  "messageResolvers": {},
  "version": "3.5.3"
}
["INFO" - 1:20:48 AM] Using ignore file (if present) at /home/m4cren/webDev/GameHub/.prettierignore
["INFO" - 1:20:48 AM] File Info:
{
  "ignored": false,
  "inferredParser": "typescript"
}
["INFO" - 1:20:48 AM] Detected local configuration (i.e. .prettierrc or .editorconfig), VS Code configuration will not be used
["INFO" - 1:20:48 AM] Prettier Options:
{
  "filepath": "/home/m4cren/webDev/GameHub/client/src/components/main/Header.tsx",
  "parser": "typescript",
  "tabWidth": 4
}
["INFO" - 1:20:48 AM] Formatting completed in 34ms.
["INFO" - 1:20:50 AM] Formatting file:///home/m4cren/webDev/GameHub/client/src/components/main/Header.tsx
["INFO" - 1:20:50 AM] Using config file at /home/m4cren/webDev/GameHub/client/.prettierrc
["INFO" - 1:20:50 AM] PrettierInstance:
{
  "modulePath": "/home/m4cren/webDev/GameHub/client/node_modules/prettier/index.cjs",
  "messageResolvers": {},
  "version": "3.5.3"
}
["INFO" - 1:20:50 AM] Using ignore file (if present) at /home/m4cren/webDev/GameHub/.prettierignore
["INFO" - 1:20:50 AM] File Info:
{
  "ignored": false,
  "inferredParser": "typescript"
}
["INFO" - 1:20:50 AM] Detected local configuration (i.e. .prettierrc or .editorconfig), VS Code configuration will not be used
["INFO" - 1:20:50 AM] Prettier Options:
{
  "filepath": "/home/m4cren/webDev/GameHub/client/src/components/main/Header.tsx",
  "parser": "typescript",
  "tabWidth": 4
}
["INFO" - 1:20:50 AM] Formatting completed in 14ms.
["INFO" - 1:21:12 AM] Formatting file:///home/m4cren/webDev/GameHub/client/src/components/main/Header.tsx
["INFO" - 1:21:12 AM] Using config file at /home/m4cren/webDev/GameHub/client/.prettierrc
["INFO" - 1:21:12 AM] PrettierInstance:
{
  "modulePath": "/home/m4cren/webDev/GameHub/client/node_modules/prettier/index.cjs",
  "messageResolvers": {},
  "version": "3.5.3"
}
["INFO" - 1:21:12 AM] Using ignore file (if present) at /home/m4cren/webDev/GameHub/.prettierignore
["INFO" - 1:21:12 AM] File Info:
{
  "ignored": false,
  "inferredParser": "typescript"
}
["INFO" - 1:21:12 AM] Detected local configuration (i.e. .prettierrc or .editorconfig), VS Code configuration will not be used
["INFO" - 1:21:12 AM] Prettier Options:
{
  "filepath": "/home/m4cren/webDev/GameHub/client/src/components/main/Header.tsx",
  "parser": "typescript",
  "tabWidth": 4
}
["INFO" - 1:21:12 AM] Formatting completed in 10ms.
["INFO" - 1:22:42 AM] Formatting file:///home/m4cren/webDev/GameHub/client/src/components/main/Header.tsx
["INFO" - 1:22:42 AM] Using config file at /home/m4cren/webDev/GameHub/client/.prettierrc
["INFO" - 1:22:42 AM] PrettierInstance:
{
  "modulePath": "/home/m4cren/webDev/GameHub/client/node_modules/prettier/index.cjs",
  "messageResolvers": {},
  "version": "3.5.3"
}
["INFO" - 1:22:42 AM] Using ignore file (if present) at /home/m4cren/webDev/GameHub/.prettierignore
["INFO" - 1:22:42 AM] File Info:
{
  "ignored": false,
  "inferredParser": "typescript"
}
["INFO" - 1:22:42 AM] Detected local configuration (i.e. .prettierrc or .editorconfig), VS Code configuration will not be used
["INFO" - 1:22:42 AM] Prettier Options:
{
  "filepath": "/home/m4cren/webDev/GameHub/client/src/components/main/Header.tsx",
  "parser": "typescript",
  "tabWidth": 4
}
["INFO" - 1:22:42 AM] Formatting completed in 9ms.
["INFO" - 1:22:53 AM] Formatting file:///home/m4cren/webDev/GameHub/client/src/components/main/Header.tsx
["INFO" - 1:22:53 AM] Using config file at /home/m4cren/webDev/GameHub/client/.prettierrc
["INFO" - 1:22:53 AM] PrettierInstance:
{
  "modulePath": "/home/m4cren/webDev/GameHub/client/node_modules/prettier/index.cjs",
  "messageResolvers": {},
  "version": "3.5.3"
}
["INFO" - 1:22:53 AM] Using ignore file (if present) at /home/m4cren/webDev/GameHub/.prettierignore
["INFO" - 1:22:53 AM] File Info:
{
  "ignored": false,
  "inferredParser": "typescript"
}
["INFO" - 1:22:53 AM] Detected local configuration (i.e. .prettierrc or .editorconfig), VS Code configuration will not be used
["INFO" - 1:22:53 AM] Prettier Options:
{
  "filepath": "/home/m4cren/webDev/GameHub/client/src/components/main/Header.tsx",
  "parser": "typescript",
  "tabWidth": 4
}
["INFO" - 1:22:53 AM] Formatting completed in 12ms.
["INFO" - 1:22:58 AM] Formatting file:///home/m4cren/webDev/GameHub/client/src/components/main/Header.tsx
["INFO" - 1:22:58 AM] Using config file at /home/m4cren/webDev/GameHub/client/.prettierrc
["INFO" - 1:22:58 AM] PrettierInstance:
{
  "modulePath": "/home/m4cren/webDev/GameHub/client/node_modules/prettier/index.cjs",
  "messageResolvers": {},
  "version": "3.5.3"
}
["INFO" - 1:22:58 AM] Using ignore file (if present) at /home/m4cren/webDev/GameHub/.prettierignore
["INFO" - 1:22:58 AM] File Info:
{
  "ignored": false,
  "inferredParser": "typescript"
}
["INFO" - 1:22:58 AM] Detected local configuration (i.e. .prettierrc or .editorconfig), VS Code configuration will not be used
["INFO" - 1:22:58 AM] Prettier Options:
{
  "filepath": "/home/m4cren/webDev/GameHub/client/src/components/main/Header.tsx",
  "parser": "typescript",
  "tabWidth": 4
}
["INFO" - 1:22:58 AM] Formatting completed in 11ms.
["INFO" - 1:24:07 AM] Formatting file:///home/m4cren/webDev/GameHub/client/src/components/main/Header.tsx
["INFO" - 1:24:07 AM] Using config file at /home/m4cren/webDev/GameHub/client/.prettierrc
["INFO" - 1:24:07 AM] PrettierInstance:
{
  "modulePath": "/home/m4cren/webDev/GameHub/client/node_modules/prettier/index.cjs",
  "messageResolvers": {},
  "version": "3.5.3"
}
["INFO" - 1:24:07 AM] Using ignore file (if present) at /home/m4cren/webDev/GameHub/.prettierignore
["INFO" - 1:24:07 AM] File Info:
{
  "ignored": false,
  "inferredParser": "typescript"
}
["INFO" - 1:24:07 AM] Detected local configuration (i.e. .prettierrc or .editorconfig), VS Code configuration will not be used
["INFO" - 1:24:07 AM] Prettier Options:
{
  "filepath": "/home/m4cren/webDev/GameHub/client/src/components/main/Header.tsx",
  "parser": "typescript",
  "tabWidth": 4
}
["INFO" - 1:24:07 AM] Formatting completed in 9ms.
["INFO" - 1:24:37 AM] Formatting file:///home/m4cren/webDev/GameHub/client/src/components/main/GameList.tsx
["INFO" - 1:24:37 AM] Using config file at /home/m4cren/webDev/GameHub/client/.prettierrc
["INFO" - 1:24:37 AM] PrettierInstance:
{
  "modulePath": "/home/m4cren/webDev/GameHub/client/node_modules/prettier/index.cjs",
  "messageResolvers": {},
  "version": "3.5.3"
}
["INFO" - 1:24:37 AM] Using ignore file (if present) at /home/m4cren/webDev/GameHub/.prettierignore
["INFO" - 1:24:37 AM] File Info:
{
  "ignored": false,
  "inferredParser": "typescript"
}
["INFO" - 1:24:37 AM] Detected local configuration (i.e. .prettierrc or .editorconfig), VS Code configuration will not be used
["INFO" - 1:24:37 AM] Prettier Options:
{
  "filepath": "/home/m4cren/webDev/GameHub/client/src/components/main/GameList.tsx",
  "parser": "typescript",
  "tabWidth": 4
}
["INFO" - 1:24:37 AM] Formatting completed in 25ms.
["INFO" - 1:24:39 AM] Formatting file:///home/m4cren/webDev/GameHub/client/src/components/main/GameList.tsx
["INFO" - 1:24:39 AM] Using config file at /home/m4cren/webDev/GameHub/client/.prettierrc
["INFO" - 1:24:39 AM] PrettierInstance:
{
  "modulePath": "/home/m4cren/webDev/GameHub/client/node_modules/prettier/index.cjs",
  "messageResolvers": {},
  "version": "3.5.3"
}
["INFO" - 1:24:39 AM] Using ignore file (if present) at /home/m4cren/webDev/GameHub/.prettierignore
["INFO" - 1:24:39 AM] File Info:
{
  "ignored": false,
  "inferredParser": "typescript"
}
["INFO" - 1:24:39 AM] Detected local configuration (i.e. .prettierrc or .editorconfig), VS Code configuration will not be used
["INFO" - 1:24:39 AM] Prettier Options:
{
  "filepath": "/home/m4cren/webDev/GameHub/client/src/components/main/GameList.tsx",
  "parser": "typescript",
  "tabWidth": 4
}
["INFO" - 1:24:39 AM] Formatting completed in 19ms.
["INFO" - 1:24:45 AM] Formatting file:///home/m4cren/webDev/GameHub/client/src/components/main/GameList.tsx
["INFO" - 1:24:45 AM] Using config file at /home/m4cren/webDev/GameHub/client/.prettierrc
["INFO" - 1:24:45 AM] PrettierInstance:
{
  "modulePath": "/home/m4cren/webDev/GameHub/client/node_modules/prettier/index.cjs",
  "messageResolvers": {},
  "version": "3.5.3"
}
["INFO" - 1:24:45 AM] Using ignore file (if present) at /home/m4cren/webDev/GameHub/.prettierignore
["INFO" - 1:24:45 AM] File Info:
{
  "ignored": false,
  "inferredParser": "typescript"
}
["INFO" - 1:24:45 AM] Detected local configuration (i.e. .prettierrc or .editorconfig), VS Code configuration will not be used
["INFO" - 1:24:45 AM] Prettier Options:
{
  "filepath": "/home/m4cren/webDev/GameHub/client/src/components/main/GameList.tsx",
  "parser": "typescript",
  "tabWidth": 4
}
["INFO" - 1:24:45 AM] Formatting completed in 18ms.
["INFO" - 1:25:00 AM] Formatting file:///home/m4cren/webDev/GameHub/client/src/components/main/GameList.tsx
["INFO" - 1:25:00 AM] Using config file at /home/m4cren/webDev/GameHub/client/.prettierrc
["INFO" - 1:25:00 AM] PrettierInstance:
{
  "modulePath": "/home/m4cren/webDev/GameHub/client/node_modules/prettier/index.cjs",
  "messageResolvers": {},
  "version": "3.5.3"
}
["INFO" - 1:25:00 AM] Using ignore file (if present) at /home/m4cren/webDev/GameHub/.prettierignore
["INFO" - 1:25:00 AM] File Info:
{
  "ignored": false,
  "inferredParser": "typescript"
}
["INFO" - 1:25:00 AM] Detected local configuration (i.e. .prettierrc or .editorconfig), VS Code configuration will not be used
["INFO" - 1:25:00 AM] Prettier Options:
{
  "filepath": "/home/m4cren/webDev/GameHub/client/src/components/main/GameList.tsx",
  "parser": "typescript",
  "tabWidth": 4
}
["INFO" - 1:25:00 AM] Formatting completed in 17ms.
["INFO" - 1:25:04 AM] Formatting file:///home/m4cren/webDev/GameHub/client/src/components/main/GameList.tsx
["INFO" - 1:25:04 AM] Using config file at /home/m4cren/webDev/GameHub/client/.prettierrc
["INFO" - 1:25:04 AM] PrettierInstance:
{
  "modulePath": "/home/m4cren/webDev/GameHub/client/node_modules/prettier/index.cjs",
  "messageResolvers": {},
  "version": "3.5.3"
}
["INFO" - 1:25:04 AM] Using ignore file (if present) at /home/m4cren/webDev/GameHub/.prettierignore
["INFO" - 1:25:04 AM] File Info:
{
  "ignored": false,
  "inferredParser": "typescript"
}
["INFO" - 1:25:04 AM] Detected local configuration (i.e. .prettierrc or .editorconfig), VS Code configuration will not be used
["INFO" - 1:25:04 AM] Prettier Options:
{
  "filepath": "/home/m4cren/webDev/GameHub/client/src/components/main/GameList.tsx",
  "parser": "typescript",
  "tabWidth": 4
}
["INFO" - 1:25:04 AM] Formatting completed in 22ms.
["INFO" - 1:25:15 AM] Formatting file:///home/m4cren/webDev/GameHub/client/src/components/main/GameList.tsx
["INFO" - 1:25:15 AM] Using config file at /home/m4cren/webDev/GameHub/client/.prettierrc
["INFO" - 1:25:15 AM] PrettierInstance:
{
  "modulePath": "/home/m4cren/webDev/GameHub/client/node_modules/prettier/index.cjs",
  "messageResolvers": {},
  "version": "3.5.3"
}
["INFO" - 1:25:15 AM] Using ignore file (if present) at /home/m4cren/webDev/GameHub/.prettierignore
["INFO" - 1:25:15 AM] File Info:
{
  "ignored": false,
  "inferredParser": "typescript"
}
["INFO" - 1:25:15 AM] Detected local configuration (i.e. .prettierrc or .editorconfig), VS Code configuration will not be used
["INFO" - 1:25:15 AM] Prettier Options:
{
  "filepath": "/home/m4cren/webDev/GameHub/client/src/components/main/GameList.tsx",
  "parser": "typescript",
  "tabWidth": 4
}
["INFO" - 1:25:15 AM] Formatting completed in 17ms.
["INFO" - 1:25:46 AM] Formatting file:///home/m4cren/webDev/GameHub/client/src/components/main/GameList.tsx
["INFO" - 1:25:46 AM] Using config file at /home/m4cren/webDev/GameHub/client/.prettierrc
["INFO" - 1:25:46 AM] PrettierInstance:
{
  "modulePath": "/home/m4cren/webDev/GameHub/client/node_modules/prettier/index.cjs",
  "messageResolvers": {},
  "version": "3.5.3"
}
["INFO" - 1:25:46 AM] Using ignore file (if present) at /home/m4cren/webDev/GameHub/.prettierignore
["INFO" - 1:25:46 AM] File Info:
{
  "ignored": false,
  "inferredParser": "typescript"
}
["INFO" - 1:25:46 AM] Detected local configuration (i.e. .prettierrc or .editorconfig), VS Code configuration will not be used
["INFO" - 1:25:46 AM] Prettier Options:
{
  "filepath": "/home/m4cren/webDev/GameHub/client/src/components/main/GameList.tsx",
  "parser": "typescript",
  "tabWidth": 4
}
["INFO" - 1:25:46 AM] Formatting completed in 14ms.
["INFO" - 1:25:51 AM] Formatting file:///home/m4cren/webDev/GameHub/client/src/components/main/GameList.tsx
["INFO" - 1:25:51 AM] Using config file at /home/m4cren/webDev/GameHub/client/.prettierrc
["INFO" - 1:25:51 AM] PrettierInstance:
{
  "modulePath": "/home/m4cren/webDev/GameHub/client/node_modules/prettier/index.cjs",
  "messageResolvers": {},
  "version": "3.5.3"
}
["INFO" - 1:25:51 AM] Using ignore file (if present) at /home/m4cren/webDev/GameHub/.prettierignore
["INFO" - 1:25:51 AM] File Info:
{
  "ignored": false,
  "inferredParser": "typescript"
}
["INFO" - 1:25:51 AM] Detected local configuration (i.e. .prettierrc or .editorconfig), VS Code configuration will not be used
["INFO" - 1:25:51 AM] Prettier Options:
{
  "filepath": "/home/m4cren/webDev/GameHub/client/src/components/main/GameList.tsx",
  "parser": "typescript",
  "tabWidth": 4
}
["INFO" - 1:25:51 AM] Formatting completed in 20ms.
["INFO" - 1:25:53 AM] Formatting file:///home/m4cren/webDev/GameHub/client/src/components/main/GameList.tsx
["INFO" - 1:25:53 AM] Using config file at /home/m4cren/webDev/GameHub/client/.prettierrc
["INFO" - 1:25:53 AM] PrettierInstance:
{
  "modulePath": "/home/m4cren/webDev/GameHub/client/node_modules/prettier/index.cjs",
  "messageResolvers": {},
  "version": "3.5.3"
}
["INFO" - 1:25:53 AM] Using ignore file (if present) at /home/m4cren/webDev/GameHub/.prettierignore
["INFO" - 1:25:53 AM] File Info:
{
  "ignored": false,
  "inferredParser": "typescript"
}
["INFO" - 1:25:53 AM] Detected local configuration (i.e. .prettierrc or .editorconfig), VS Code configuration will not be used
["INFO" - 1:25:53 AM] Prettier Options:
{
  "filepath": "/home/m4cren/webDev/GameHub/client/src/components/main/GameList.tsx",
  "parser": "typescript",
  "tabWidth": 4
}
["INFO" - 1:25:54 AM] Formatting completed in 15ms.
["INFO" - 1:26:14 AM] Formatting file:///home/m4cren/webDev/GameHub/client/src/components/main/GameList.tsx
["INFO" - 1:26:14 AM] Using config file at /home/m4cren/webDev/GameHub/client/.prettierrc
["INFO" - 1:26:14 AM] PrettierInstance:
{
  "modulePath": "/home/m4cren/webDev/GameHub/client/node_modules/prettier/index.cjs",
  "messageResolvers": {},
  "version": "3.5.3"
}
["INFO" - 1:26:14 AM] Using ignore file (if present) at /home/m4cren/webDev/GameHub/.prettierignore
["INFO" - 1:26:14 AM] File Info:
{
  "ignored": false,
  "inferredParser": "typescript"
}
["INFO" - 1:26:14 AM] Detected local configuration (i.e. .prettierrc or .editorconfig), VS Code configuration will not be used
["INFO" - 1:26:14 AM] Prettier Options:
{
  "filepath": "/home/m4cren/webDev/GameHub/client/src/components/main/GameList.tsx",
  "parser": "typescript",
  "tabWidth": 4
}
["INFO" - 1:26:14 AM] Formatting completed in 14ms.
["INFO" - 1:26:15 AM] Formatting file:///home/m4cren/webDev/GameHub/client/src/components/main/GameList.tsx
["INFO" - 1:26:15 AM] Using config file at /home/m4cren/webDev/GameHub/client/.prettierrc
["INFO" - 1:26:15 AM] PrettierInstance:
{
  "modulePath": "/home/m4cren/webDev/GameHub/client/node_modules/prettier/index.cjs",
  "messageResolvers": {},
  "version": "3.5.3"
}
["INFO" - 1:26:15 AM] Using ignore file (if present) at /home/m4cren/webDev/GameHub/.prettierignore
["INFO" - 1:26:15 AM] File Info:
{
  "ignored": false,
  "inferredParser": "typescript"
}
["INFO" - 1:26:15 AM] Detected local configuration (i.e. .prettierrc or .editorconfig), VS Code configuration will not be used
["INFO" - 1:26:15 AM] Prettier Options:
{
  "filepath": "/home/m4cren/webDev/GameHub/client/src/components/main/GameList.tsx",
  "parser": "typescript",
  "tabWidth": 4
}
["INFO" - 1:26:15 AM] Formatting completed in 14ms.
["INFO" - 1:26:20 AM] Formatting file:///home/m4cren/webDev/GameHub/client/src/components/main/GameList.tsx
["INFO" - 1:26:20 AM] Using config file at /home/m4cren/webDev/GameHub/client/.prettierrc
["INFO" - 1:26:20 AM] PrettierInstance:
{
  "modulePath": "/home/m4cren/webDev/GameHub/client/node_modules/prettier/index.cjs",
  "messageResolvers": {},
  "version": "3.5.3"
}
["INFO" - 1:26:20 AM] Using ignore file (if present) at /home/m4cren/webDev/GameHub/.prettierignore
["INFO" - 1:26:20 AM] File Info:
{
  "ignored": false,
  "inferredParser": "typescript"
}
["INFO" - 1:26:20 AM] Detected local configuration (i.e. .prettierrc or .editorconfig), VS Code configuration will not be used
["INFO" - 1:26:20 AM] Prettier Options:
{
  "filepath": "/home/m4cren/webDev/GameHub/client/src/components/main/GameList.tsx",
  "parser": "typescript",
  "tabWidth": 4
}
["INFO" - 1:26:20 AM] Formatting completed in 12ms.
["INFO" - 1:26:32 AM] Formatting file:///home/m4cren/webDev/GameHub/client/src/components/main/GameList.tsx
["INFO" - 1:26:32 AM] Using config file at /home/m4cren/webDev/GameHub/client/.prettierrc
["INFO" - 1:26:32 AM] PrettierInstance:
{
  "modulePath": "/home/m4cren/webDev/GameHub/client/node_modules/prettier/index.cjs",
  "messageResolvers": {},
  "version": "3.5.3"
}
["INFO" - 1:26:32 AM] Using ignore file (if present) at /home/m4cren/webDev/GameHub/.prettierignore
["INFO" - 1:26:32 AM] File Info:
{
  "ignored": false,
  "inferredParser": "typescript"
}
["INFO" - 1:26:32 AM] Detected local configuration (i.e. .prettierrc or .editorconfig), VS Code configuration will not be used
["INFO" - 1:26:32 AM] Prettier Options:
{
  "filepath": "/home/m4cren/webDev/GameHub/client/src/components/main/GameList.tsx",
  "parser": "typescript",
  "tabWidth": 4
}
["INFO" - 1:26:32 AM] Formatting completed in 14ms.
["INFO" - 1:27:45 AM] Formatting file:///home/m4cren/webDev/GameHub/client/src/components/aside/MenuPhone.tsx
["INFO" - 1:27:45 AM] Using config file at /home/m4cren/webDev/GameHub/client/.prettierrc
["INFO" - 1:27:45 AM] PrettierInstance:
{
  "modulePath": "/home/m4cren/webDev/GameHub/client/node_modules/prettier/index.cjs",
  "messageResolvers": {},
  "version": "3.5.3"
}
["INFO" - 1:27:45 AM] Using ignore file (if present) at /home/m4cren/webDev/GameHub/.prettierignore
["INFO" - 1:27:45 AM] File Info:
{
  "ignored": false,
  "inferredParser": "typescript"
}
["INFO" - 1:27:45 AM] Detected local configuration (i.e. .prettierrc or .editorconfig), VS Code configuration will not be used
["INFO" - 1:27:45 AM] Prettier Options:
{
  "filepath": "/home/m4cren/webDev/GameHub/client/src/components/aside/MenuPhone.tsx",
  "parser": "typescript",
  "tabWidth": 4
}
["INFO" - 1:27:45 AM] Formatting completed in 11ms.
["INFO" - 1:28:09 AM] Formatting file:///home/m4cren/webDev/GameHub/client/src/components/aside/MenuPhone.tsx
["INFO" - 1:28:09 AM] Using config file at /home/m4cren/webDev/GameHub/client/.prettierrc
["INFO" - 1:28:09 AM] PrettierInstance:
{
  "modulePath": "/home/m4cren/webDev/GameHub/client/node_modules/prettier/index.cjs",
  "messageResolvers": {},
  "version": "3.5.3"
}
["INFO" - 1:28:09 AM] Using ignore file (if present) at /home/m4cren/webDev/GameHub/.prettierignore
["INFO" - 1:28:09 AM] File Info:
{
  "ignored": false,
  "inferredParser": "typescript"
}
["INFO" - 1:28:09 AM] Detected local configuration (i.e. .prettierrc or .editorconfig), VS Code configuration will not be used
["INFO" - 1:28:09 AM] Prettier Options:
{
  "filepath": "/home/m4cren/webDev/GameHub/client/src/components/aside/MenuPhone.tsx",
  "parser": "typescript",
  "tabWidth": 4
}
["INFO" - 1:28:09 AM] Formatting completed in 8ms.
["INFO" - 1:32:56 AM] Formatting file:///home/m4cren/webDev/GameHub/client/src/components/main/GameList.tsx
["INFO" - 1:32:56 AM] Using config file at /home/m4cren/webDev/GameHub/client/.prettierrc
["INFO" - 1:32:56 AM] PrettierInstance:
{
  "modulePath": "/home/m4cren/webDev/GameHub/client/node_modules/prettier/index.cjs",
  "messageResolvers": {},
  "version": "3.5.3"
}
["INFO" - 1:32:56 AM] Using ignore file (if present) at /home/m4cren/webDev/GameHub/.prettierignore
["INFO" - 1:32:56 AM] File Info:
{
  "ignored": false,
  "inferredParser": "typescript"
}
["INFO" - 1:32:56 AM] Detected local configuration (i.e. .prettierrc or .editorconfig), VS Code configuration will not be used
["INFO" - 1:32:56 AM] Prettier Options:
{
  "filepath": "/home/m4cren/webDev/GameHub/client/src/components/main/GameList.tsx",
  "parser": "typescript",
  "tabWidth": 4
}
["INFO" - 1:32:56 AM] Formatting completed in 18ms.
["INFO" - 1:33:06 AM] Formatting file:///home/m4cren/webDev/GameHub/client/src/components/main/GameList.tsx
["INFO" - 1:33:06 AM] Using config file at /home/m4cren/webDev/GameHub/client/.prettierrc
["INFO" - 1:33:06 AM] PrettierInstance:
{
  "modulePath": "/home/m4cren/webDev/GameHub/client/node_modules/prettier/index.cjs",
  "messageResolvers": {},
  "version": "3.5.3"
}
["INFO" - 1:33:06 AM] Using ignore file (if present) at /home/m4cren/webDev/GameHub/.prettierignore
["INFO" - 1:33:06 AM] File Info:
{
  "ignored": false,
  "inferredParser": "typescript"
}
["INFO" - 1:33:06 AM] Detected local configuration (i.e. .prettierrc or .editorconfig), VS Code configuration will not be used
["INFO" - 1:33:06 AM] Prettier Options:
{
  "filepath": "/home/m4cren/webDev/GameHub/client/src/components/main/GameList.tsx",
  "parser": "typescript",
  "tabWidth": 4
}
["INFO" - 1:33:06 AM] Formatting completed in 15ms.
["INFO" - 1:33:57 AM] Formatting file:///home/m4cren/webDev/GameHub/client/src/components/main/GameList.tsx
["INFO" - 1:33:57 AM] Using config file at /home/m4cren/webDev/GameHub/client/.prettierrc
["INFO" - 1:33:57 AM] PrettierInstance:
{
  "modulePath": "/home/m4cren/webDev/GameHub/client/node_modules/prettier/index.cjs",
  "messageResolvers": {},
  "version": "3.5.3"
}
["INFO" - 1:33:57 AM] Using ignore file (if present) at /home/m4cren/webDev/GameHub/.prettierignore
["INFO" - 1:33:57 AM] File Info:
{
  "ignored": false,
  "inferredParser": "typescript"
}
["INFO" - 1:33:57 AM] Detected local configuration (i.e. .prettierrc or .editorconfig), VS Code configuration will not be used
["INFO" - 1:33:57 AM] Prettier Options:
{
  "filepath": "/home/m4cren/webDev/GameHub/client/src/components/main/GameList.tsx",
  "parser": "typescript",
  "tabWidth": 4
}
["INFO" - 1:33:57 AM] Formatting completed in 18ms.
["INFO" - 1:34:40 AM] Formatting file:///home/m4cren/webDev/GameHub/client/src/components/main/GameList.tsx
["INFO" - 1:34:40 AM] Using config file at /home/m4cren/webDev/GameHub/client/.prettierrc
["INFO" - 1:34:40 AM] PrettierInstance:
{
  "modulePath": "/home/m4cren/webDev/GameHub/client/node_modules/prettier/index.cjs",
  "messageResolvers": {},
  "version": "3.5.3"
}
["INFO" - 1:34:40 AM] Using ignore file (if present) at /home/m4cren/webDev/GameHub/.prettierignore
["INFO" - 1:34:40 AM] File Info:
{
  "ignored": false,
  "inferredParser": "typescript"
}
["INFO" - 1:34:40 AM] Detected local configuration (i.e. .prettierrc or .editorconfig), VS Code configuration will not be used
["INFO" - 1:34:40 AM] Prettier Options:
{
  "filepath": "/home/m4cren/webDev/GameHub/client/src/components/main/GameList.tsx",
  "parser": "typescript",
  "tabWidth": 4
}
["INFO" - 1:34:40 AM] Formatting completed in 25ms.
["INFO" - 1:35:02 AM] Formatting file:///home/m4cren/webDev/GameHub/client/src/components/main/GameList.tsx
["INFO" - 1:35:02 AM] Using config file at /home/m4cren/webDev/GameHub/client/.prettierrc
["INFO" - 1:35:02 AM] PrettierInstance:
{
  "modulePath": "/home/m4cren/webDev/GameHub/client/node_modules/prettier/index.cjs",
  "messageResolvers": {},
  "version": "3.5.3"
}
["INFO" - 1:35:02 AM] Using ignore file (if present) at /home/m4cren/webDev/GameHub/.prettierignore
["INFO" - 1:35:02 AM] File Info:
{
  "ignored": false,
  "inferredParser": "typescript"
}
["INFO" - 1:35:02 AM] Detected local configuration (i.e. .prettierrc or .editorconfig), VS Code configuration will not be used
["INFO" - 1:35:02 AM] Prettier Options:
{
  "filepath": "/home/m4cren/webDev/GameHub/client/src/components/main/GameList.tsx",
  "parser": "typescript",
  "tabWidth": 4
}
["INFO" - 1:35:02 AM] Formatting completed in 38ms.
["INFO" - 1:35:13 AM] Formatting file:///home/m4cren/webDev/GameHub/client/src/components/main/GameList.tsx
["INFO" - 1:35:13 AM] Using config file at /home/m4cren/webDev/GameHub/client/.prettierrc
["INFO" - 1:35:13 AM] PrettierInstance:
{
  "modulePath": "/home/m4cren/webDev/GameHub/client/node_modules/prettier/index.cjs",
  "messageResolvers": {},
  "version": "3.5.3"
}
["INFO" - 1:35:13 AM] Using ignore file (if present) at /home/m4cren/webDev/GameHub/.prettierignore
["INFO" - 1:35:13 AM] File Info:
{
  "ignored": false,
  "inferredParser": "typescript"
}
["INFO" - 1:35:13 AM] Detected local configuration (i.e. .prettierrc or .editorconfig), VS Code configuration will not be used
["INFO" - 1:35:13 AM] Prettier Options:
{
  "filepath": "/home/m4cren/webDev/GameHub/client/src/components/main/GameList.tsx",
  "parser": "typescript",
  "tabWidth": 4
}
["INFO" - 1:35:13 AM] Formatting completed in 26ms.
["INFO" - 1:35:23 AM] Formatting file:///home/m4cren/webDev/GameHub/client/src/components/main/GameList.tsx
["INFO" - 1:35:23 AM] Using config file at /home/m4cren/webDev/GameHub/client/.prettierrc
["INFO" - 1:35:23 AM] PrettierInstance:
{
  "modulePath": "/home/m4cren/webDev/GameHub/client/node_modules/prettier/index.cjs",
  "messageResolvers": {},
  "version": "3.5.3"
}
["INFO" - 1:35:23 AM] Using ignore file (if present) at /home/m4cren/webDev/GameHub/.prettierignore
["INFO" - 1:35:23 AM] File Info:
{
  "ignored": false,
  "inferredParser": "typescript"
}
["INFO" - 1:35:23 AM] Detected local configuration (i.e. .prettierrc or .editorconfig), VS Code configuration will not be used
["INFO" - 1:35:23 AM] Prettier Options:
{
  "filepath": "/home/m4cren/webDev/GameHub/client/src/components/main/GameList.tsx",
  "parser": "typescript",
  "tabWidth": 4
}
["INFO" - 1:35:23 AM] Formatting completed in 24ms.
["INFO" - 1:35:24 AM] Formatting file:///home/m4cren/webDev/GameHub/client/src/components/main/GameList.tsx
["INFO" - 1:35:24 AM] Using config file at /home/m4cren/webDev/GameHub/client/.prettierrc
["INFO" - 1:35:24 AM] PrettierInstance:
{
  "modulePath": "/home/m4cren/webDev/GameHub/client/node_modules/prettier/index.cjs",
  "messageResolvers": {},
  "version": "3.5.3"
}
["INFO" - 1:35:24 AM] Using ignore file (if present) at /home/m4cren/webDev/GameHub/.prettierignore
["INFO" - 1:35:24 AM] File Info:
{
  "ignored": false,
  "inferredParser": "typescript"
}
["INFO" - 1:35:24 AM] Detected local configuration (i.e. .prettierrc or .editorconfig), VS Code configuration will not be used
["INFO" - 1:35:24 AM] Prettier Options:
{
  "filepath": "/home/m4cren/webDev/GameHub/client/src/components/main/GameList.tsx",
  "parser": "typescript",
  "tabWidth": 4
}
["INFO" - 1:35:24 AM] Formatting completed in 26ms.
