Locating server…
Booting server...
Setting up server…
Listening for messages…
Searching for Tailwind CSS projects in the workspace's folders.
{"tailwind":{"version":"4.1.7","features":["css-at-theme","layer:base","content-list","source-inline","source-not"],"isDefaultVersion":false},"path":"/home/m4cren/webDev/GameHub/client/src/index.css"}
[Global] Creating projects: [{"folder":"/home/m4cren/webDev/GameHub","config":"/home/m4cren/webDev/GameHub/client/src/index.css","selectors":[{"pattern":"/home/m4cren/webDev/GameHub/client/src/index.css","priority":0},{"pattern":"/home/m4cren/webDev/GameHub/client/README.md","priority":1},{"pattern":"/home/m4cren/webDev/GameHub/client/eslint.config.js","priority":1},{"pattern":"/home/m4cren/webDev/GameHub/client/index.html","priority":1},{"pattern":"/home/m4cren/webDev/GameHub/client/public/vite.svg","priority":1},{"pattern":"/home/m4cren/webDev/GameHub/client/src/App.tsx","priority":1},{"pattern":"/home/m4cren/webDev/GameHub/client/src/main.tsx","priority":1},{"pattern":"/home/m4cren/webDev/GameHub/client/src/vite-env.d.ts","priority":1},{"pattern":"/home/m4cren/webDev/GameHub/client/src/layout/main.module.css","priority":1},{"pattern":"/home/m4cren/webDev/GameHub/client/src/layout/MainLayout.tsx","priority":1},{"pattern":"/home/m4cren/webDev/GameHub/client/src/components/navbar/NavBar.tsx","priority":1},{"pattern":"/home/m4cren/webDev/GameHub/client/src/components/navbar/SearchBar.tsx","priority":1},{"pattern":"/home/m4cren/webDev/GameHub/client/src/components/navbar/DarkMode.tsx","priority":1},{"pattern":"/home/m4cren/webDev/GameHub/client/src/components/aside/CategoryList.tsx","priority":1},{"pattern":"/home/m4cren/webDev/GameHub/client/src/components/main/GameList.tsx","priority":1},{"pattern":"/home/m4cren/webDev/GameHub/client/src/components/main/Header.tsx","priority":1},{"pattern":"/home/m4cren/webDev/GameHub/client/src/contexts/ThemeContextProvider.tsx","priority":1},{"pattern":"/home/m4cren/webDev/GameHub/client/tsconfig.app.json","priority":1},{"pattern":"/home/m4cren/webDev/GameHub/client/tsconfig.json","priority":1},{"pattern":"/home/m4cren/webDev/GameHub/client/tsconfig.node.json","priority":1},{"pattern":"/home/m4cren/webDev/GameHub/client/vite.config.ts","priority":1},{"pattern":"/home/m4cren/webDev/GameHub/client/package.json","priority":1},{"pattern":"/home/m4cren/webDev/GameHub/client/.prettierrc","priority":1},{"pattern":"/home/m4cren/webDev/GameHub/client/*","priority":1},{"pattern":"/home/m4cren/webDev/GameHub/client/src/**/*.{,aspx,astro,cjs,css,cts,eex,erb,gjs,gts,haml,handlebars,hbs,heex,html,jade,js,json,jsx,liquid,md,mdx,mjs,mts,mustache,njk,nunjucks,php,pug,py,razor,rb,rhtml,rs,slim,svelte,svg,tpl,ts,tsx,twig,vue}","priority":1},{"pattern":"/home/m4cren/webDev/GameHub/client/src/**","priority":2},{"pattern":"/home/m4cren/webDev/GameHub/client/**","priority":4},{"pattern":"/home/m4cren/webDev/GameHub/**","priority":5}],"user":false,"tailwind":{"version":"4.1.7","features":["css-at-theme","layer:base","content-list","source-inline","source-not"],"isDefaultVersion":false}}]
[Global] Preparing projects...
[Global] Initializing projects...
[client/src/index.css] Initializing...
[Global] Adding watch patterns: /home/m4cren/webDev/GameHub/client/src/index.css, /home/m4cren/webDev/GameHub/client/src, /home/m4cren/webDev/GameHub/client, /home/m4cren/webDev/GameHub
[client/src/index.css] supported features: ["css-at-theme","layer:base","content-list","source-inline","source-not"]
[client/src/index.css] Loaded tailwindcss v4.1.7: /home/m4cren/webDev/GameHub/client/node_modules/tailwindcss
[client/src/index.css] Building...
[Global] Adding watch patterns: /home/m4cren/webDev/GameHub/client/node_modules/tailwindcss/index.css
[Global] Initialized 1 projects
---- RELOADING DESIGN SYSTEM ----
---- /home/m4cren/webDev/GameHub/client/src/index.css ----
---- RELOADED IN 1061.46ms ----
---- RELOADING DESIGN SYSTEM ----
---- /home/m4cren/webDev/GameHub/client/src/index.css ----
---- RELOADED IN 860.26ms ----
---- RELOADING DESIGN SYSTEM ----
---- /home/m4cren/webDev/GameHub/client/src/index.css ----
---- RELOADED IN 878.92ms ----
---- RELOADING DESIGN SYSTEM ----
---- /home/m4cren/webDev/GameHub/client/src/index.css ----
---- RELOADED IN 953.55ms ----
---- RELOADING DESIGN SYSTEM ----
---- /home/m4cren/webDev/GameHub/client/src/index.css ----
---- RELOADED IN 809.43ms ----
---- RELOADING DESIGN SYSTEM ----
---- /home/m4cren/webDev/GameHub/client/src/index.css ----
---- RELOADED IN 1165.73ms ----
[Info  - 9:31:48 PM] [GLOBAL] No matching project for document {
  fsPath: '/home/m4cren/webDev/GameHub/DESIGN.md',
  normalPath: '/home/m4cren/webDev/GameHub/DESIGN.md'
}
[Info  - 9:31:48 PM] [GLOBAL] No matching project for document {
  fsPath: '/home/m4cren/webDev/GameHub/DESIGN.md',
  normalPath: '/home/m4cren/webDev/GameHub/DESIGN.md'
}
[Info  - 9:31:48 PM] [GLOBAL] No matching project for document {
  fsPath: '/home/m4cren/webDev/GameHub/DESIGN.md',
  normalPath: '/home/m4cren/webDev/GameHub/DESIGN.md'
}
[Info  - 9:31:48 PM] [GLOBAL] No matching project for document {
  fsPath: '/home/m4cren/webDev/GameHub/DESIGN.md',
  normalPath: '/home/m4cren/webDev/GameHub/DESIGN.md'
}
[Info  - 9:31:48 PM] [GLOBAL] No matching project for document {
  fsPath: '/home/m4cren/webDev/GameHub/DESIGN.md',
  normalPath: '/home/m4cren/webDev/GameHub/DESIGN.md'
}
[Info  - 9:31:48 PM] [GLOBAL] No matching project for document {
  fsPath: '/home/m4cren/webDev/GameHub/DESIGN.md',
  normalPath: '/home/m4cren/webDev/GameHub/DESIGN.md'
}
[Info  - 9:31:48 PM] [GLOBAL] No matching project for document {
  fsPath: '/home/m4cren/webDev/GameHub/DESIGN.md',
  normalPath: '/home/m4cren/webDev/GameHub/DESIGN.md'
}
[Info  - 9:31:49 PM] [GLOBAL] No matching project for document {
  fsPath: '/home/m4cren/webDev/GameHub/DESIGN.md',
  normalPath: '/home/m4cren/webDev/GameHub/DESIGN.md'
}
[Info  - 9:31:49 PM] [GLOBAL] No matching project for document {
  fsPath: '/home/m4cren/webDev/GameHub/DESIGN.md',
  normalPath: '/home/m4cren/webDev/GameHub/DESIGN.md'
}
[Info  - 9:31:49 PM] [GLOBAL] No matching project for document {
  fsPath: '/home/m4cren/webDev/GameHub/DESIGN.md',
  normalPath: '/home/m4cren/webDev/GameHub/DESIGN.md'
}
[Info  - 9:31:49 PM] [GLOBAL] No matching project for document {
  fsPath: '/home/m4cren/webDev/GameHub/DESIGN.md',
  normalPath: '/home/m4cren/webDev/GameHub/DESIGN.md'
}
[Info  - 9:31:49 PM] [GLOBAL] No matching project for document {
  fsPath: '/home/m4cren/webDev/GameHub/DESIGN.md',
  normalPath: '/home/m4cren/webDev/GameHub/DESIGN.md'
}
[Info  - 9:31:50 PM] [GLOBAL] No matching project for document {
  fsPath: '/home/m4cren/webDev/GameHub/DESIGN.md',
  normalPath: '/home/m4cren/webDev/GameHub/DESIGN.md'
}
[Info  - 9:31:51 PM] [GLOBAL] No matching project for document {
  fsPath: '/home/m4cren/webDev/GameHub/DESIGN.md',
  normalPath: '/home/m4cren/webDev/GameHub/DESIGN.md'
}
[Info  - 9:31:51 PM] [GLOBAL] No matching project for document {
  fsPath: '/home/m4cren/webDev/GameHub/DESIGN.md',
  normalPath: '/home/m4cren/webDev/GameHub/DESIGN.md'
}
[Info  - 9:31:52 PM] [GLOBAL] No matching project for document {
  fsPath: '/home/m4cren/webDev/GameHub/DESIGN.md',
  normalPath: '/home/m4cren/webDev/GameHub/DESIGN.md'
}
[Info  - 9:31:55 PM] [GLOBAL] No matching project for document {
  fsPath: '/home/m4cren/webDev/GameHub/DESIGN.md',
  normalPath: '/home/m4cren/webDev/GameHub/DESIGN.md'
}
[Info  - 9:31:55 PM] [GLOBAL] No matching project for document {
  fsPath: '/home/m4cren/webDev/GameHub/DESIGN.md',
  normalPath: '/home/m4cren/webDev/GameHub/DESIGN.md'
}
[Info  - 9:31:55 PM] [GLOBAL] No matching project for document {
  fsPath: '/home/m4cren/webDev/GameHub/DESIGN.md',
  normalPath: '/home/m4cren/webDev/GameHub/DESIGN.md'
}
[Info  - 9:31:55 PM] [GLOBAL] No matching project for document {
  fsPath: '/home/m4cren/webDev/GameHub/DESIGN.md',
  normalPath: '/home/m4cren/webDev/GameHub/DESIGN.md'
}
[Info  - 9:31:55 PM] [GLOBAL] No matching project for document {
  fsPath: '/home/m4cren/webDev/GameHub/DESIGN.md',
  normalPath: '/home/m4cren/webDev/GameHub/DESIGN.md'
}
[Info  - 9:31:56 PM] [GLOBAL] No matching project for document {
  fsPath: '/home/m4cren/webDev/GameHub/DESIGN.md',
  normalPath: '/home/m4cren/webDev/GameHub/DESIGN.md'
}
[Info  - 9:31:56 PM] [GLOBAL] No matching project for document {
  fsPath: '/home/m4cren/webDev/GameHub/DESIGN.md',
  normalPath: '/home/m4cren/webDev/GameHub/DESIGN.md'
}
[Info  - 9:31:56 PM] [GLOBAL] No matching project for document {
  fsPath: '/home/m4cren/webDev/GameHub/DESIGN.md',
  normalPath: '/home/m4cren/webDev/GameHub/DESIGN.md'
}
[Info  - 9:31:59 PM] [GLOBAL] No matching project for document {
  fsPath: '/home/m4cren/webDev/GameHub/DESIGN.md',
  normalPath: '/home/m4cren/webDev/GameHub/DESIGN.md'
}
[Info  - 9:32:01 PM] [GLOBAL] No matching project for document {
  fsPath: '/home/m4cren/webDev/GameHub/DESIGN.md',
  normalPath: '/home/m4cren/webDev/GameHub/DESIGN.md'
}
[Info  - 9:32:01 PM] [GLOBAL] No matching project for document {
  fsPath: '/home/m4cren/webDev/GameHub/DESIGN.md',
  normalPath: '/home/m4cren/webDev/GameHub/DESIGN.md'
}
[Info  - 9:32:01 PM] [GLOBAL] No matching project for document {
  fsPath: '/home/m4cren/webDev/GameHub/DESIGN.md',
  normalPath: '/home/m4cren/webDev/GameHub/DESIGN.md'
}
[Info  - 9:32:02 PM] [GLOBAL] No matching project for document {
  fsPath: '/home/m4cren/webDev/GameHub/DESIGN.md',
  normalPath: '/home/m4cren/webDev/GameHub/DESIGN.md'
}
[Info  - 9:32:02 PM] [GLOBAL] No matching project for document {
  fsPath: '/home/m4cren/webDev/GameHub/DESIGN.md',
  normalPath: '/home/m4cren/webDev/GameHub/DESIGN.md'
}
[Info  - 9:32:03 PM] [GLOBAL] No matching project for document {
  fsPath: '/home/m4cren/webDev/GameHub/DESIGN.md',
  normalPath: '/home/m4cren/webDev/GameHub/DESIGN.md'
}
[Info  - 9:32:04 PM] [GLOBAL] No matching project for document {
  fsPath: '/home/m4cren/webDev/GameHub/DESIGN.md',
  normalPath: '/home/m4cren/webDev/GameHub/DESIGN.md'
}
[Info  - 9:32:05 PM] [GLOBAL] No matching project for document {
  fsPath: '/home/m4cren/webDev/GameHub/DESIGN.md',
  normalPath: '/home/m4cren/webDev/GameHub/DESIGN.md'
}
[Info  - 9:32:05 PM] [GLOBAL] No matching project for document {
  fsPath: '/home/m4cren/webDev/GameHub/DESIGN.md',
  normalPath: '/home/m4cren/webDev/GameHub/DESIGN.md'
}
[Info  - 9:32:06 PM] [GLOBAL] No matching project for document {
  fsPath: '/home/m4cren/webDev/GameHub/DESIGN.md',
  normalPath: '/home/m4cren/webDev/GameHub/DESIGN.md'
}
[Info  - 9:32:06 PM] [GLOBAL] No matching project for document {
  fsPath: '/home/m4cren/webDev/GameHub/DESIGN.md',
  normalPath: '/home/m4cren/webDev/GameHub/DESIGN.md'
}
[Info  - 9:32:06 PM] [GLOBAL] No matching project for document {
  fsPath: '/home/m4cren/webDev/GameHub/DESIGN.md',
  normalPath: '/home/m4cren/webDev/GameHub/DESIGN.md'
}
[Info  - 9:32:07 PM] [GLOBAL] No matching project for document {
  fsPath: '/home/m4cren/webDev/GameHub/DESIGN.md',
  normalPath: '/home/m4cren/webDev/GameHub/DESIGN.md'
}
[Info  - 9:32:07 PM] [GLOBAL] No matching project for document {
  fsPath: '/home/m4cren/webDev/GameHub/DESIGN.md',
  normalPath: '/home/m4cren/webDev/GameHub/DESIGN.md'
}
[Info  - 9:32:07 PM] [GLOBAL] No matching project for document {
  fsPath: '/home/m4cren/webDev/GameHub/DESIGN.md',
  normalPath: '/home/m4cren/webDev/GameHub/DESIGN.md'
}
[Info  - 9:32:07 PM] [GLOBAL] No matching project for document {
  fsPath: '/home/m4cren/webDev/GameHub/DESIGN.md',
  normalPath: '/home/m4cren/webDev/GameHub/DESIGN.md'
}
[Info  - 9:32:08 PM] [GLOBAL] No matching project for document {
  fsPath: '/home/m4cren/webDev/GameHub/DESIGN.md',
  normalPath: '/home/m4cren/webDev/GameHub/DESIGN.md'
}
[Info  - 9:32:08 PM] [GLOBAL] No matching project for document {
  fsPath: '/home/m4cren/webDev/GameHub/DESIGN.md',
  normalPath: '/home/m4cren/webDev/GameHub/DESIGN.md'
}
[Info  - 9:32:09 PM] [GLOBAL] No matching project for document {
  fsPath: '/home/m4cren/webDev/GameHub/DESIGN.md',
  normalPath: '/home/m4cren/webDev/GameHub/DESIGN.md'
}
[Info  - 9:32:10 PM] [GLOBAL] No matching project for document {
  fsPath: '/home/m4cren/webDev/GameHub/DESIGN.md',
  normalPath: '/home/m4cren/webDev/GameHub/DESIGN.md'
}
[Info  - 9:32:13 PM] [GLOBAL] No matching project for document {
  fsPath: '/home/m4cren/webDev/GameHub/DESIGN.md',
  normalPath: '/home/m4cren/webDev/GameHub/DESIGN.md'
}
[Info  - 9:32:14 PM] [GLOBAL] No matching project for document {
  fsPath: '/home/m4cren/webDev/GameHub/DESIGN.md',
  normalPath: '/home/m4cren/webDev/GameHub/DESIGN.md'
}
[Info  - 9:32:14 PM] [GLOBAL] No matching project for document {
  fsPath: '/home/m4cren/webDev/GameHub/DESIGN.md',
  normalPath: '/home/m4cren/webDev/GameHub/DESIGN.md'
}
[Info  - 9:32:15 PM] [GLOBAL] No matching project for document {
  fsPath: '/home/m4cren/webDev/GameHub/DESIGN.md',
  normalPath: '/home/m4cren/webDev/GameHub/DESIGN.md'
}
[Info  - 9:32:15 PM] [GLOBAL] No matching project for document {
  fsPath: '/home/m4cren/webDev/GameHub/DESIGN.md',
  normalPath: '/home/m4cren/webDev/GameHub/DESIGN.md'
}
[Info  - 9:32:18 PM] [GLOBAL] No matching project for document {
  fsPath: '/home/m4cren/webDev/GameHub/DESIGN.md',
  normalPath: '/home/m4cren/webDev/GameHub/DESIGN.md'
}
[Info  - 9:32:18 PM] [GLOBAL] No matching project for document {
  fsPath: '/home/m4cren/webDev/GameHub/DESIGN.md',
  normalPath: '/home/m4cren/webDev/GameHub/DESIGN.md'
}
[Info  - 9:32:19 PM] [GLOBAL] No matching project for document {
  fsPath: '/home/m4cren/webDev/GameHub/DESIGN.md',
  normalPath: '/home/m4cren/webDev/GameHub/DESIGN.md'
}
[Info  - 9:32:20 PM] [GLOBAL] No matching project for document {
  fsPath: '/home/m4cren/webDev/GameHub/DESIGN.md',
  normalPath: '/home/m4cren/webDev/GameHub/DESIGN.md'
}
[Info  - 9:32:20 PM] [GLOBAL] No matching project for document {
  fsPath: '/home/m4cren/webDev/GameHub/DESIGN.md',
  normalPath: '/home/m4cren/webDev/GameHub/DESIGN.md'
}
[Info  - 9:32:20 PM] [GLOBAL] No matching project for document {
  fsPath: '/home/m4cren/webDev/GameHub/DESIGN.md',
  normalPath: '/home/m4cren/webDev/GameHub/DESIGN.md'
}
[Info  - 9:32:20 PM] [GLOBAL] No matching project for document {
  fsPath: '/home/m4cren/webDev/GameHub/DESIGN.md',
  normalPath: '/home/m4cren/webDev/GameHub/DESIGN.md'
}
[Info  - 9:32:20 PM] [GLOBAL] No matching project for document {
  fsPath: '/home/m4cren/webDev/GameHub/DESIGN.md',
  normalPath: '/home/m4cren/webDev/GameHub/DESIGN.md'
}
[Info  - 9:32:21 PM] [GLOBAL] No matching project for document {
  fsPath: '/home/m4cren/webDev/GameHub/DESIGN.md',
  normalPath: '/home/m4cren/webDev/GameHub/DESIGN.md'
}
[Info  - 9:32:21 PM] [GLOBAL] No matching project for document {
  fsPath: '/home/m4cren/webDev/GameHub/DESIGN.md',
  normalPath: '/home/m4cren/webDev/GameHub/DESIGN.md'
}
[Info  - 9:32:23 PM] [GLOBAL] No matching project for document {
  fsPath: '/home/m4cren/webDev/GameHub/DESIGN.md',
  normalPath: '/home/m4cren/webDev/GameHub/DESIGN.md'
}
[Info  - 9:32:23 PM] [GLOBAL] No matching project for document {
  fsPath: '/home/m4cren/webDev/GameHub/DESIGN.md',
  normalPath: '/home/m4cren/webDev/GameHub/DESIGN.md'
}
[Info  - 9:32:24 PM] [GLOBAL] No matching project for document {
  fsPath: '/home/m4cren/webDev/GameHub/DESIGN.md',
  normalPath: '/home/m4cren/webDev/GameHub/DESIGN.md'
}
[Info  - 9:32:24 PM] [GLOBAL] No matching project for document {
  fsPath: '/home/m4cren/webDev/GameHub/DESIGN.md',
  normalPath: '/home/m4cren/webDev/GameHub/DESIGN.md'
}
[Info  - 9:32:24 PM] [GLOBAL] No matching project for document {
  fsPath: '/home/m4cren/webDev/GameHub/DESIGN.md',
  normalPath: '/home/m4cren/webDev/GameHub/DESIGN.md'
}
[Info  - 9:32:25 PM] [GLOBAL] No matching project for document {
  fsPath: '/home/m4cren/webDev/GameHub/DESIGN.md',
  normalPath: '/home/m4cren/webDev/GameHub/DESIGN.md'
}
[Info  - 9:32:25 PM] [GLOBAL] No matching project for document {
  fsPath: '/home/m4cren/webDev/GameHub/DESIGN.md',
  normalPath: '/home/m4cren/webDev/GameHub/DESIGN.md'
}
[Info  - 9:32:25 PM] [GLOBAL] No matching project for document {
  fsPath: '/home/m4cren/webDev/GameHub/DESIGN.md',
  normalPath: '/home/m4cren/webDev/GameHub/DESIGN.md'
}
[Info  - 9:32:25 PM] [GLOBAL] No matching project for document {
  fsPath: '/home/m4cren/webDev/GameHub/DESIGN.md',
  normalPath: '/home/m4cren/webDev/GameHub/DESIGN.md'
}
[Info  - 9:32:26 PM] [GLOBAL] No matching project for document {
  fsPath: '/home/m4cren/webDev/GameHub/DESIGN.md',
  normalPath: '/home/m4cren/webDev/GameHub/DESIGN.md'
}
[Info  - 9:32:26 PM] [GLOBAL] No matching project for document {
  fsPath: '/home/m4cren/webDev/GameHub/DESIGN.md',
  normalPath: '/home/m4cren/webDev/GameHub/DESIGN.md'
}
[Info  - 9:32:26 PM] [GLOBAL] No matching project for document {
  fsPath: '/home/m4cren/webDev/GameHub/DESIGN.md',
  normalPath: '/home/m4cren/webDev/GameHub/DESIGN.md'
}
[Info  - 9:32:26 PM] [GLOBAL] No matching project for document {
  fsPath: '/home/m4cren/webDev/GameHub/DESIGN.md',
  normalPath: '/home/m4cren/webDev/GameHub/DESIGN.md'
}
[Info  - 9:32:26 PM] [GLOBAL] No matching project for document {
  fsPath: '/home/m4cren/webDev/GameHub/DESIGN.md',
  normalPath: '/home/m4cren/webDev/GameHub/DESIGN.md'
}
[Info  - 9:32:27 PM] [GLOBAL] No matching project for document {
  fsPath: '/home/m4cren/webDev/GameHub/DESIGN.md',
  normalPath: '/home/m4cren/webDev/GameHub/DESIGN.md'
}
[Info  - 9:32:27 PM] [GLOBAL] No matching project for document {
  fsPath: '/home/m4cren/webDev/GameHub/DESIGN.md',
  normalPath: '/home/m4cren/webDev/GameHub/DESIGN.md'
}
[Info  - 9:32:27 PM] [GLOBAL] No matching project for document {
  fsPath: '/home/m4cren/webDev/GameHub/DESIGN.md',
  normalPath: '/home/m4cren/webDev/GameHub/DESIGN.md'
}
[Info  - 9:32:27 PM] [GLOBAL] No matching project for document {
  fsPath: '/home/m4cren/webDev/GameHub/DESIGN.md',
  normalPath: '/home/m4cren/webDev/GameHub/DESIGN.md'
}
[Info  - 9:32:28 PM] [GLOBAL] No matching project for document {
  fsPath: '/home/m4cren/webDev/GameHub/DESIGN.md',
  normalPath: '/home/m4cren/webDev/GameHub/DESIGN.md'
}
[Info  - 9:32:29 PM] [GLOBAL] No matching project for document {
  fsPath: '/home/m4cren/webDev/GameHub/DESIGN.md',
  normalPath: '/home/m4cren/webDev/GameHub/DESIGN.md'
}
[Info  - 9:32:30 PM] [GLOBAL] No matching project for document {
  fsPath: '/home/m4cren/webDev/GameHub/DESIGN.md',
  normalPath: '/home/m4cren/webDev/GameHub/DESIGN.md'
}
[Info  - 9:32:30 PM] [GLOBAL] No matching project for document {
  fsPath: '/home/m4cren/webDev/GameHub/DESIGN.md',
  normalPath: '/home/m4cren/webDev/GameHub/DESIGN.md'
}
[Info  - 9:32:30 PM] [GLOBAL] No matching project for document {
  fsPath: '/home/m4cren/webDev/GameHub/DESIGN.md',
  normalPath: '/home/m4cren/webDev/GameHub/DESIGN.md'
}
[Info  - 9:32:30 PM] [GLOBAL] No matching project for document {
  fsPath: '/home/m4cren/webDev/GameHub/DESIGN.md',
  normalPath: '/home/m4cren/webDev/GameHub/DESIGN.md'
}
[Info  - 9:32:30 PM] [GLOBAL] No matching project for document {
  fsPath: '/home/m4cren/webDev/GameHub/DESIGN.md',
  normalPath: '/home/m4cren/webDev/GameHub/DESIGN.md'
}
[Info  - 9:32:31 PM] [GLOBAL] No matching project for document {
  fsPath: '/home/m4cren/webDev/GameHub/DESIGN.md',
  normalPath: '/home/m4cren/webDev/GameHub/DESIGN.md'
}
[Info  - 9:32:32 PM] [GLOBAL] No matching project for document {
  fsPath: '/home/m4cren/webDev/GameHub/DESIGN.md',
  normalPath: '/home/m4cren/webDev/GameHub/DESIGN.md'
}
[Info  - 9:32:32 PM] [GLOBAL] No matching project for document {
  fsPath: '/home/m4cren/webDev/GameHub/DESIGN.md',
  normalPath: '/home/m4cren/webDev/GameHub/DESIGN.md'
}
[Info  - 9:32:32 PM] [GLOBAL] No matching project for document {
  fsPath: '/home/m4cren/webDev/GameHub/DESIGN.md',
  normalPath: '/home/m4cren/webDev/GameHub/DESIGN.md'
}
[Info  - 9:32:33 PM] [GLOBAL] No matching project for document {
  fsPath: '/home/m4cren/webDev/GameHub/DESIGN.md',
  normalPath: '/home/m4cren/webDev/GameHub/DESIGN.md'
}
[Info  - 9:32:33 PM] [GLOBAL] No matching project for document {
  fsPath: '/home/m4cren/webDev/GameHub/DESIGN.md',
  normalPath: '/home/m4cren/webDev/GameHub/DESIGN.md'
}
[Info  - 9:32:34 PM] [GLOBAL] No matching project for document {
  fsPath: '/home/m4cren/webDev/GameHub/DESIGN.md',
  normalPath: '/home/m4cren/webDev/GameHub/DESIGN.md'
}
[Info  - 9:32:36 PM] [GLOBAL] No matching project for document {
  fsPath: '/home/m4cren/webDev/GameHub/DESIGN.md',
  normalPath: '/home/m4cren/webDev/GameHub/DESIGN.md'
}
[Info  - 9:32:36 PM] [GLOBAL] No matching project for document {
  fsPath: '/home/m4cren/webDev/GameHub/DESIGN.md',
  normalPath: '/home/m4cren/webDev/GameHub/DESIGN.md'
}
[Info  - 9:32:36 PM] [GLOBAL] No matching project for document {
  fsPath: '/home/m4cren/webDev/GameHub/DESIGN.md',
  normalPath: '/home/m4cren/webDev/GameHub/DESIGN.md'
}
[Info  - 9:32:36 PM] [GLOBAL] No matching project for document {
  fsPath: '/home/m4cren/webDev/GameHub/DESIGN.md',
  normalPath: '/home/m4cren/webDev/GameHub/DESIGN.md'
}
[Info  - 9:32:36 PM] [GLOBAL] No matching project for document {
  fsPath: '/home/m4cren/webDev/GameHub/DESIGN.md',
  normalPath: '/home/m4cren/webDev/GameHub/DESIGN.md'
}
[Info  - 9:32:37 PM] [GLOBAL] No matching project for document {
  fsPath: '/home/m4cren/webDev/GameHub/DESIGN.md',
  normalPath: '/home/m4cren/webDev/GameHub/DESIGN.md'
}
[Info  - 9:32:37 PM] [GLOBAL] No matching project for document {
  fsPath: '/home/m4cren/webDev/GameHub/DESIGN.md',
  normalPath: '/home/m4cren/webDev/GameHub/DESIGN.md'
}
[Info  - 9:32:37 PM] [GLOBAL] No matching project for document {
  fsPath: '/home/m4cren/webDev/GameHub/DESIGN.md',
  normalPath: '/home/m4cren/webDev/GameHub/DESIGN.md'
}
[Info  - 9:32:37 PM] [GLOBAL] No matching project for document {
  fsPath: '/home/m4cren/webDev/GameHub/DESIGN.md',
  normalPath: '/home/m4cren/webDev/GameHub/DESIGN.md'
}
[Info  - 9:32:37 PM] [GLOBAL] No matching project for document {
  fsPath: '/home/m4cren/webDev/GameHub/DESIGN.md',
  normalPath: '/home/m4cren/webDev/GameHub/DESIGN.md'
}
[Info  - 9:32:37 PM] [GLOBAL] No matching project for document {
  fsPath: '/home/m4cren/webDev/GameHub/DESIGN.md',
  normalPath: '/home/m4cren/webDev/GameHub/DESIGN.md'
}
[Info  - 9:32:37 PM] [GLOBAL] No matching project for document {
  fsPath: '/home/m4cren/webDev/GameHub/DESIGN.md',
  normalPath: '/home/m4cren/webDev/GameHub/DESIGN.md'
}
[Info  - 9:32:37 PM] [GLOBAL] No matching project for document {
  fsPath: '/home/m4cren/webDev/GameHub/DESIGN.md',
  normalPath: '/home/m4cren/webDev/GameHub/DESIGN.md'
}
[Info  - 9:32:37 PM] [GLOBAL] No matching project for document {
  fsPath: '/home/m4cren/webDev/GameHub/DESIGN.md',
  normalPath: '/home/m4cren/webDev/GameHub/DESIGN.md'
}
[Info  - 9:32:38 PM] [GLOBAL] No matching project for document {
  fsPath: '/home/m4cren/webDev/GameHub/DESIGN.md',
  normalPath: '/home/m4cren/webDev/GameHub/DESIGN.md'
}
[Info  - 9:32:38 PM] [GLOBAL] No matching project for document {
  fsPath: '/home/m4cren/webDev/GameHub/DESIGN.md',
  normalPath: '/home/m4cren/webDev/GameHub/DESIGN.md'
}
[Info  - 9:32:43 PM] [GLOBAL] No matching project for document {
  fsPath: '/home/m4cren/webDev/GameHub/DESIGN.md',
  normalPath: '/home/m4cren/webDev/GameHub/DESIGN.md'
}
[Info  - 9:32:44 PM] [GLOBAL] No matching project for document {
  fsPath: '/home/m4cren/webDev/GameHub/DESIGN.md',
  normalPath: '/home/m4cren/webDev/GameHub/DESIGN.md'
}
[Info  - 9:32:45 PM] [GLOBAL] No matching project for document {
  fsPath: '/home/m4cren/webDev/GameHub/DESIGN.md',
  normalPath: '/home/m4cren/webDev/GameHub/DESIGN.md'
}
[Info  - 9:32:45 PM] [GLOBAL] No matching project for document {
  fsPath: '/home/m4cren/webDev/GameHub/DESIGN.md',
  normalPath: '/home/m4cren/webDev/GameHub/DESIGN.md'
}
[Info  - 9:32:45 PM] [GLOBAL] No matching project for document {
  fsPath: '/home/m4cren/webDev/GameHub/DESIGN.md',
  normalPath: '/home/m4cren/webDev/GameHub/DESIGN.md'
}
[Info  - 9:32:45 PM] [GLOBAL] No matching project for document {
  fsPath: '/home/m4cren/webDev/GameHub/DESIGN.md',
  normalPath: '/home/m4cren/webDev/GameHub/DESIGN.md'
}
[Info  - 9:32:45 PM] [GLOBAL] No matching project for document {
  fsPath: '/home/m4cren/webDev/GameHub/DESIGN.md',
  normalPath: '/home/m4cren/webDev/GameHub/DESIGN.md'
}
[Info  - 9:32:46 PM] [GLOBAL] No matching project for document {
  fsPath: '/home/m4cren/webDev/GameHub/DESIGN.md',
  normalPath: '/home/m4cren/webDev/GameHub/DESIGN.md'
}
[Info  - 9:32:46 PM] [GLOBAL] No matching project for document {
  fsPath: '/home/m4cren/webDev/GameHub/DESIGN.md',
  normalPath: '/home/m4cren/webDev/GameHub/DESIGN.md'
}
[Info  - 9:32:47 PM] [GLOBAL] No matching project for document {
  fsPath: '/home/m4cren/webDev/GameHub/DESIGN.md',
  normalPath: '/home/m4cren/webDev/GameHub/DESIGN.md'
}
[Info  - 9:32:47 PM] [GLOBAL] No matching project for document {
  fsPath: '/home/m4cren/webDev/GameHub/DESIGN.md',
  normalPath: '/home/m4cren/webDev/GameHub/DESIGN.md'
}
[Info  - 9:32:47 PM] [GLOBAL] No matching project for document {
  fsPath: '/home/m4cren/webDev/GameHub/DESIGN.md',
  normalPath: '/home/m4cren/webDev/GameHub/DESIGN.md'
}
[Info  - 9:32:50 PM] [GLOBAL] No matching project for document {
  fsPath: '/home/m4cren/webDev/GameHub/DESIGN.md',
  normalPath: '/home/m4cren/webDev/GameHub/DESIGN.md'
}
[Info  - 9:32:50 PM] [GLOBAL] No matching project for document {
  fsPath: '/home/m4cren/webDev/GameHub/DESIGN.md',
  normalPath: '/home/m4cren/webDev/GameHub/DESIGN.md'
}
[Info  - 9:32:50 PM] [GLOBAL] No matching project for document {
  fsPath: '/home/m4cren/webDev/GameHub/DESIGN.md',
  normalPath: '/home/m4cren/webDev/GameHub/DESIGN.md'
}
[Info  - 9:32:50 PM] [GLOBAL] No matching project for document {
  fsPath: '/home/m4cren/webDev/GameHub/DESIGN.md',
  normalPath: '/home/m4cren/webDev/GameHub/DESIGN.md'
}
[Info  - 9:32:51 PM] [GLOBAL] No matching project for document {
  fsPath: '/home/m4cren/webDev/GameHub/DESIGN.md',
  normalPath: '/home/m4cren/webDev/GameHub/DESIGN.md'
}
[Info  - 9:32:51 PM] [GLOBAL] No matching project for document {
  fsPath: '/home/m4cren/webDev/GameHub/DESIGN.md',
  normalPath: '/home/m4cren/webDev/GameHub/DESIGN.md'
}
[Info  - 9:32:51 PM] [GLOBAL] No matching project for document {
  fsPath: '/home/m4cren/webDev/GameHub/DESIGN.md',
  normalPath: '/home/m4cren/webDev/GameHub/DESIGN.md'
}
[Info  - 9:32:51 PM] [GLOBAL] No matching project for document {
  fsPath: '/home/m4cren/webDev/GameHub/DESIGN.md',
  normalPath: '/home/m4cren/webDev/GameHub/DESIGN.md'
}
[Info  - 9:32:52 PM] [GLOBAL] No matching project for document {
  fsPath: '/home/m4cren/webDev/GameHub/DESIGN.md',
  normalPath: '/home/m4cren/webDev/GameHub/DESIGN.md'
}
[Info  - 9:32:52 PM] [GLOBAL] No matching project for document {
  fsPath: '/home/m4cren/webDev/GameHub/DESIGN.md',
  normalPath: '/home/m4cren/webDev/GameHub/DESIGN.md'
}
[Info  - 9:32:53 PM] [GLOBAL] No matching project for document {
  fsPath: '/home/m4cren/webDev/GameHub/DESIGN.md',
  normalPath: '/home/m4cren/webDev/GameHub/DESIGN.md'
}
[Info  - 9:32:54 PM] [GLOBAL] No matching project for document {
  fsPath: '/home/m4cren/webDev/GameHub/DESIGN.md',
  normalPath: '/home/m4cren/webDev/GameHub/DESIGN.md'
}
[Info  - 9:32:54 PM] [GLOBAL] No matching project for document {
  fsPath: '/home/m4cren/webDev/GameHub/DESIGN.md',
  normalPath: '/home/m4cren/webDev/GameHub/DESIGN.md'
}
[Info  - 9:32:55 PM] [GLOBAL] No matching project for document {
  fsPath: '/home/m4cren/webDev/GameHub/DESIGN.md',
  normalPath: '/home/m4cren/webDev/GameHub/DESIGN.md'
}
[Info  - 9:32:55 PM] [GLOBAL] No matching project for document {
  fsPath: '/home/m4cren/webDev/GameHub/DESIGN.md',
  normalPath: '/home/m4cren/webDev/GameHub/DESIGN.md'
}
[Info  - 9:32:55 PM] [GLOBAL] No matching project for document {
  fsPath: '/home/m4cren/webDev/GameHub/DESIGN.md',
  normalPath: '/home/m4cren/webDev/GameHub/DESIGN.md'
}
[Info  - 9:32:55 PM] [GLOBAL] No matching project for document {
  fsPath: '/home/m4cren/webDev/GameHub/DESIGN.md',
  normalPath: '/home/m4cren/webDev/GameHub/DESIGN.md'
}
[Info  - 9:32:55 PM] [GLOBAL] No matching project for document {
  fsPath: '/home/m4cren/webDev/GameHub/DESIGN.md',
  normalPath: '/home/m4cren/webDev/GameHub/DESIGN.md'
}
[Info  - 9:32:55 PM] [GLOBAL] No matching project for document {
  fsPath: '/home/m4cren/webDev/GameHub/DESIGN.md',
  normalPath: '/home/m4cren/webDev/GameHub/DESIGN.md'
}
[Info  - 9:32:55 PM] [GLOBAL] No matching project for document {
  fsPath: '/home/m4cren/webDev/GameHub/DESIGN.md',
  normalPath: '/home/m4cren/webDev/GameHub/DESIGN.md'
}
[Info  - 9:32:55 PM] [GLOBAL] No matching project for document {
  fsPath: '/home/m4cren/webDev/GameHub/DESIGN.md',
  normalPath: '/home/m4cren/webDev/GameHub/DESIGN.md'
}
[Info  - 9:32:56 PM] [GLOBAL] No matching project for document {
  fsPath: '/home/m4cren/webDev/GameHub/DESIGN.md',
  normalPath: '/home/m4cren/webDev/GameHub/DESIGN.md'
}
[Info  - 9:32:56 PM] [GLOBAL] No matching project for document {
  fsPath: '/home/m4cren/webDev/GameHub/DESIGN.md',
  normalPath: '/home/m4cren/webDev/GameHub/DESIGN.md'
}
[Info  - 9:32:56 PM] [GLOBAL] No matching project for document {
  fsPath: '/home/m4cren/webDev/GameHub/DESIGN.md',
  normalPath: '/home/m4cren/webDev/GameHub/DESIGN.md'
}
[Info  - 9:32:56 PM] [GLOBAL] No matching project for document {
  fsPath: '/home/m4cren/webDev/GameHub/DESIGN.md',
  normalPath: '/home/m4cren/webDev/GameHub/DESIGN.md'
}
[Info  - 9:32:56 PM] [GLOBAL] No matching project for document {
  fsPath: '/home/m4cren/webDev/GameHub/DESIGN.md',
  normalPath: '/home/m4cren/webDev/GameHub/DESIGN.md'
}
[Info  - 9:32:56 PM] [GLOBAL] No matching project for document {
  fsPath: '/home/m4cren/webDev/GameHub/DESIGN.md',
  normalPath: '/home/m4cren/webDev/GameHub/DESIGN.md'
}
[Info  - 9:32:56 PM] [GLOBAL] No matching project for document {
  fsPath: '/home/m4cren/webDev/GameHub/DESIGN.md',
  normalPath: '/home/m4cren/webDev/GameHub/DESIGN.md'
}
[Info  - 9:32:57 PM] [GLOBAL] No matching project for document {
  fsPath: '/home/m4cren/webDev/GameHub/DESIGN.md',
  normalPath: '/home/m4cren/webDev/GameHub/DESIGN.md'
}
[Info  - 9:33:00 PM] [GLOBAL] No matching project for document {
  fsPath: '/home/m4cren/webDev/GameHub/DESIGN.md',
  normalPath: '/home/m4cren/webDev/GameHub/DESIGN.md'
}
[Info  - 9:33:00 PM] [GLOBAL] No matching project for document {
  fsPath: '/home/m4cren/webDev/GameHub/DESIGN.md',
  normalPath: '/home/m4cren/webDev/GameHub/DESIGN.md'
}
[Info  - 9:33:00 PM] [GLOBAL] No matching project for document {
  fsPath: '/home/m4cren/webDev/GameHub/DESIGN.md',
  normalPath: '/home/m4cren/webDev/GameHub/DESIGN.md'
}
[Info  - 9:33:00 PM] [GLOBAL] No matching project for document {
  fsPath: '/home/m4cren/webDev/GameHub/DESIGN.md',
  normalPath: '/home/m4cren/webDev/GameHub/DESIGN.md'
}
[Info  - 9:33:12 PM] [GLOBAL] No matching project for document {
  fsPath: '/home/m4cren/webDev/GameHub/DESIGN.md',
  normalPath: '/home/m4cren/webDev/GameHub/DESIGN.md'
}
[Info  - 9:33:13 PM] [GLOBAL] No matching project for document {
  fsPath: '/home/m4cren/webDev/GameHub/DESIGN.md',
  normalPath: '/home/m4cren/webDev/GameHub/DESIGN.md'
}
[Info  - 9:34:23 PM] [GLOBAL] No matching project for document {
  fsPath: '/home/m4cren/webDev/GameHub/DESIGN.md',
  normalPath: '/home/m4cren/webDev/GameHub/DESIGN.md'
}
[Info  - 9:34:24 PM] [GLOBAL] No matching project for document {
  fsPath: '/home/m4cren/webDev/GameHub/DESIGN.md',
  normalPath: '/home/m4cren/webDev/GameHub/DESIGN.md'
}
[Info  - 9:34:24 PM] [GLOBAL] No matching project for document {
  fsPath: '/home/m4cren/webDev/GameHub/DESIGN.md',
  normalPath: '/home/m4cren/webDev/GameHub/DESIGN.md'
}
[Info  - 9:34:26 PM] [GLOBAL] No matching project for document {
  fsPath: '/home/m4cren/webDev/GameHub/DESIGN.md',
  normalPath: '/home/m4cren/webDev/GameHub/DESIGN.md'
}
[Info  - 9:34:26 PM] [GLOBAL] No matching project for document {
  fsPath: '/home/m4cren/webDev/GameHub/DESIGN.md',
  normalPath: '/home/m4cren/webDev/GameHub/DESIGN.md'
}
[Info  - 9:34:29 PM] [GLOBAL] No matching project for document {
  fsPath: '/home/m4cren/webDev/GameHub/DESIGN.md',
  normalPath: '/home/m4cren/webDev/GameHub/DESIGN.md'
}
[Info  - 9:34:30 PM] [GLOBAL] No matching project for document {
  fsPath: '/home/m4cren/webDev/GameHub/DESIGN.md',
  normalPath: '/home/m4cren/webDev/GameHub/DESIGN.md'
}
[Info  - 9:34:33 PM] [GLOBAL] No matching project for document {
  fsPath: '/home/m4cren/webDev/GameHub/DESIGN.md',
  normalPath: '/home/m4cren/webDev/GameHub/DESIGN.md'
}
[Info  - 9:34:33 PM] [GLOBAL] No matching project for document {
  fsPath: '/home/m4cren/webDev/GameHub/DESIGN.md',
  normalPath: '/home/m4cren/webDev/GameHub/DESIGN.md'
}
[Info  - 9:34:34 PM] [GLOBAL] No matching project for document {
  fsPath: '/home/m4cren/webDev/GameHub/DESIGN.md',
  normalPath: '/home/m4cren/webDev/GameHub/DESIGN.md'
}
[Info  - 9:34:34 PM] [GLOBAL] No matching project for document {
  fsPath: '/home/m4cren/webDev/GameHub/DESIGN.md',
  normalPath: '/home/m4cren/webDev/GameHub/DESIGN.md'
}
[Info  - 9:34:34 PM] [GLOBAL] No matching project for document {
  fsPath: '/home/m4cren/webDev/GameHub/DESIGN.md',
  normalPath: '/home/m4cren/webDev/GameHub/DESIGN.md'
}
[Info  - 9:34:35 PM] [GLOBAL] No matching project for document {
  fsPath: '/home/m4cren/webDev/GameHub/DESIGN.md',
  normalPath: '/home/m4cren/webDev/GameHub/DESIGN.md'
}
[Info  - 9:34:35 PM] [GLOBAL] No matching project for document {
  fsPath: '/home/m4cren/webDev/GameHub/DESIGN.md',
  normalPath: '/home/m4cren/webDev/GameHub/DESIGN.md'
}
[Info  - 9:34:35 PM] [GLOBAL] No matching project for document {
  fsPath: '/home/m4cren/webDev/GameHub/DESIGN.md',
  normalPath: '/home/m4cren/webDev/GameHub/DESIGN.md'
}
[Info  - 9:34:35 PM] [GLOBAL] No matching project for document {
  fsPath: '/home/m4cren/webDev/GameHub/DESIGN.md',
  normalPath: '/home/m4cren/webDev/GameHub/DESIGN.md'
}
[Info  - 9:34:37 PM] [GLOBAL] No matching project for document {
  fsPath: '/home/m4cren/webDev/GameHub/DESIGN.md',
  normalPath: '/home/m4cren/webDev/GameHub/DESIGN.md'
}
[Info  - 9:34:38 PM] [GLOBAL] No matching project for document {
  fsPath: '/home/m4cren/webDev/GameHub/DESIGN.md',
  normalPath: '/home/m4cren/webDev/GameHub/DESIGN.md'
}
[Info  - 9:34:38 PM] [GLOBAL] No matching project for document {
  fsPath: '/home/m4cren/webDev/GameHub/DESIGN.md',
  normalPath: '/home/m4cren/webDev/GameHub/DESIGN.md'
}
[Info  - 9:34:39 PM] [GLOBAL] No matching project for document {
  fsPath: '/home/m4cren/webDev/GameHub/DESIGN.md',
  normalPath: '/home/m4cren/webDev/GameHub/DESIGN.md'
}
[Info  - 9:34:39 PM] [GLOBAL] No matching project for document {
  fsPath: '/home/m4cren/webDev/GameHub/DESIGN.md',
  normalPath: '/home/m4cren/webDev/GameHub/DESIGN.md'
}
[Info  - 9:34:40 PM] [GLOBAL] No matching project for document {
  fsPath: '/home/m4cren/webDev/GameHub/DESIGN.md',
  normalPath: '/home/m4cren/webDev/GameHub/DESIGN.md'
}
[Info  - 9:34:40 PM] [GLOBAL] No matching project for document {
  fsPath: '/home/m4cren/webDev/GameHub/DESIGN.md',
  normalPath: '/home/m4cren/webDev/GameHub/DESIGN.md'
}
[Info  - 9:34:40 PM] [GLOBAL] No matching project for document {
  fsPath: '/home/m4cren/webDev/GameHub/DESIGN.md',
  normalPath: '/home/m4cren/webDev/GameHub/DESIGN.md'
}
[Info  - 9:34:40 PM] [GLOBAL] No matching project for document {
  fsPath: '/home/m4cren/webDev/GameHub/DESIGN.md',
  normalPath: '/home/m4cren/webDev/GameHub/DESIGN.md'
}
[Info  - 9:34:40 PM] [GLOBAL] No matching project for document {
  fsPath: '/home/m4cren/webDev/GameHub/DESIGN.md',
  normalPath: '/home/m4cren/webDev/GameHub/DESIGN.md'
}
[Info  - 9:34:46 PM] [GLOBAL] No matching project for document {
  fsPath: '/home/m4cren/webDev/GameHub/DESIGN.md',
  normalPath: '/home/m4cren/webDev/GameHub/DESIGN.md'
}
[Info  - 9:34:46 PM] [GLOBAL] No matching project for document {
  fsPath: '/home/m4cren/webDev/GameHub/DESIGN.md',
  normalPath: '/home/m4cren/webDev/GameHub/DESIGN.md'
}
[Info  - 9:34:46 PM] [GLOBAL] No matching project for document {
  fsPath: '/home/m4cren/webDev/GameHub/DESIGN.md',
  normalPath: '/home/m4cren/webDev/GameHub/DESIGN.md'
}
[Info  - 9:34:46 PM] [GLOBAL] No matching project for document {
  fsPath: '/home/m4cren/webDev/GameHub/DESIGN.md',
  normalPath: '/home/m4cren/webDev/GameHub/DESIGN.md'
}
[Info  - 9:34:47 PM] [GLOBAL] No matching project for document {
  fsPath: '/home/m4cren/webDev/GameHub/DESIGN.md',
  normalPath: '/home/m4cren/webDev/GameHub/DESIGN.md'
}
[Info  - 9:34:47 PM] [GLOBAL] No matching project for document {
  fsPath: '/home/m4cren/webDev/GameHub/DESIGN.md',
  normalPath: '/home/m4cren/webDev/GameHub/DESIGN.md'
}
[Info  - 9:34:47 PM] [GLOBAL] No matching project for document {
  fsPath: '/home/m4cren/webDev/GameHub/DESIGN.md',
  normalPath: '/home/m4cren/webDev/GameHub/DESIGN.md'
}
[Info  - 9:34:48 PM] [GLOBAL] No matching project for document {
  fsPath: '/home/m4cren/webDev/GameHub/DESIGN.md',
  normalPath: '/home/m4cren/webDev/GameHub/DESIGN.md'
}
[Info  - 9:34:48 PM] [GLOBAL] No matching project for document {
  fsPath: '/home/m4cren/webDev/GameHub/DESIGN.md',
  normalPath: '/home/m4cren/webDev/GameHub/DESIGN.md'
}
[Info  - 9:34:48 PM] [GLOBAL] No matching project for document {
  fsPath: '/home/m4cren/webDev/GameHub/DESIGN.md',
  normalPath: '/home/m4cren/webDev/GameHub/DESIGN.md'
}
[Info  - 9:34:48 PM] [GLOBAL] No matching project for document {
  fsPath: '/home/m4cren/webDev/GameHub/DESIGN.md',
  normalPath: '/home/m4cren/webDev/GameHub/DESIGN.md'
}
[Info  - 9:34:48 PM] [GLOBAL] No matching project for document {
  fsPath: '/home/m4cren/webDev/GameHub/DESIGN.md',
  normalPath: '/home/m4cren/webDev/GameHub/DESIGN.md'
}
[Info  - 9:34:50 PM] [GLOBAL] No matching project for document {
  fsPath: '/home/m4cren/webDev/GameHub/DESIGN.md',
  normalPath: '/home/m4cren/webDev/GameHub/DESIGN.md'
}
[Info  - 9:34:51 PM] [GLOBAL] No matching project for document {
  fsPath: '/home/m4cren/webDev/GameHub/DESIGN.md',
  normalPath: '/home/m4cren/webDev/GameHub/DESIGN.md'
}
[Info  - 9:34:51 PM] [GLOBAL] No matching project for document {
  fsPath: '/home/m4cren/webDev/GameHub/DESIGN.md',
  normalPath: '/home/m4cren/webDev/GameHub/DESIGN.md'
}
[Info  - 9:34:52 PM] [GLOBAL] No matching project for document {
  fsPath: '/home/m4cren/webDev/GameHub/DESIGN.md',
  normalPath: '/home/m4cren/webDev/GameHub/DESIGN.md'
}
[Info  - 9:34:52 PM] [GLOBAL] No matching project for document {
  fsPath: '/home/m4cren/webDev/GameHub/DESIGN.md',
  normalPath: '/home/m4cren/webDev/GameHub/DESIGN.md'
}
[Info  - 9:34:52 PM] [GLOBAL] No matching project for document {
  fsPath: '/home/m4cren/webDev/GameHub/DESIGN.md',
  normalPath: '/home/m4cren/webDev/GameHub/DESIGN.md'
}
[Info  - 9:34:52 PM] [GLOBAL] No matching project for document {
  fsPath: '/home/m4cren/webDev/GameHub/DESIGN.md',
  normalPath: '/home/m4cren/webDev/GameHub/DESIGN.md'
}
[Info  - 9:34:53 PM] [GLOBAL] No matching project for document {
  fsPath: '/home/m4cren/webDev/GameHub/DESIGN.md',
  normalPath: '/home/m4cren/webDev/GameHub/DESIGN.md'
}
[Info  - 9:34:53 PM] [GLOBAL] No matching project for document {
  fsPath: '/home/m4cren/webDev/GameHub/DESIGN.md',
  normalPath: '/home/m4cren/webDev/GameHub/DESIGN.md'
}
[Info  - 9:34:53 PM] [GLOBAL] No matching project for document {
  fsPath: '/home/m4cren/webDev/GameHub/DESIGN.md',
  normalPath: '/home/m4cren/webDev/GameHub/DESIGN.md'
}
[Info  - 9:34:53 PM] [GLOBAL] No matching project for document {
  fsPath: '/home/m4cren/webDev/GameHub/DESIGN.md',
  normalPath: '/home/m4cren/webDev/GameHub/DESIGN.md'
}
[Info  - 9:34:53 PM] [GLOBAL] No matching project for document {
  fsPath: '/home/m4cren/webDev/GameHub/DESIGN.md',
  normalPath: '/home/m4cren/webDev/GameHub/DESIGN.md'
}
[Info  - 9:34:54 PM] [GLOBAL] No matching project for document {
  fsPath: '/home/m4cren/webDev/GameHub/DESIGN.md',
  normalPath: '/home/m4cren/webDev/GameHub/DESIGN.md'
}
[Info  - 9:34:54 PM] [GLOBAL] No matching project for document {
  fsPath: '/home/m4cren/webDev/GameHub/DESIGN.md',
  normalPath: '/home/m4cren/webDev/GameHub/DESIGN.md'
}
[Info  - 9:34:54 PM] [GLOBAL] No matching project for document {
  fsPath: '/home/m4cren/webDev/GameHub/DESIGN.md',
  normalPath: '/home/m4cren/webDev/GameHub/DESIGN.md'
}
[Info  - 9:34:54 PM] [GLOBAL] No matching project for document {
  fsPath: '/home/m4cren/webDev/GameHub/DESIGN.md',
  normalPath: '/home/m4cren/webDev/GameHub/DESIGN.md'
}
[Info  - 9:34:54 PM] [GLOBAL] No matching project for document {
  fsPath: '/home/m4cren/webDev/GameHub/DESIGN.md',
  normalPath: '/home/m4cren/webDev/GameHub/DESIGN.md'
}
[Info  - 9:34:55 PM] [GLOBAL] No matching project for document {
  fsPath: '/home/m4cren/webDev/GameHub/DESIGN.md',
  normalPath: '/home/m4cren/webDev/GameHub/DESIGN.md'
}
[Info  - 9:34:55 PM] [GLOBAL] No matching project for document {
  fsPath: '/home/m4cren/webDev/GameHub/DESIGN.md',
  normalPath: '/home/m4cren/webDev/GameHub/DESIGN.md'
}
[Info  - 9:34:55 PM] [GLOBAL] No matching project for document {
  fsPath: '/home/m4cren/webDev/GameHub/DESIGN.md',
  normalPath: '/home/m4cren/webDev/GameHub/DESIGN.md'
}
[Info  - 9:34:55 PM] [GLOBAL] No matching project for document {
  fsPath: '/home/m4cren/webDev/GameHub/DESIGN.md',
  normalPath: '/home/m4cren/webDev/GameHub/DESIGN.md'
}
[Info  - 9:34:56 PM] [GLOBAL] No matching project for document {
  fsPath: '/home/m4cren/webDev/GameHub/DESIGN.md',
  normalPath: '/home/m4cren/webDev/GameHub/DESIGN.md'
}
[Info  - 9:34:57 PM] [GLOBAL] No matching project for document {
  fsPath: '/home/m4cren/webDev/GameHub/DESIGN.md',
  normalPath: '/home/m4cren/webDev/GameHub/DESIGN.md'
}
[Info  - 9:34:58 PM] [GLOBAL] No matching project for document {
  fsPath: '/home/m4cren/webDev/GameHub/DESIGN.md',
  normalPath: '/home/m4cren/webDev/GameHub/DESIGN.md'
}
[Info  - 9:34:58 PM] [GLOBAL] No matching project for document {
  fsPath: '/home/m4cren/webDev/GameHub/DESIGN.md',
  normalPath: '/home/m4cren/webDev/GameHub/DESIGN.md'
}
