2025-05-20 23:37:50.394 [info] Reading sessions from keychain...
2025-05-20 23:37:50.540 [info] Getting sessions for all scopes...
2025-05-20 23:37:50.541 [info] Getting sessions for all scopes...
2025-05-20 23:37:50.543 [info] Getting sessions for all scopes...
2025-05-20 23:37:50.543 [info] Getting sessions for all scopes...
2025-05-20 23:37:50.547 [info] Getting sessions for all scopes...
2025-05-20 23:37:50.547 [info] Getting sessions for all scopes...
2025-05-20 23:37:50.547 [info] Getting sessions for all scopes...
2025-05-20 23:37:51.112 [info] Got stored sessions!
2025-05-20 23:37:51.112 [info] Got 2 verified sessions.
2025-05-20 23:37:51.112 [info] Got 2 sessions for ...
2025-05-20 23:37:51.112 [info] Got 2 sessions for ...
2025-05-20 23:37:51.112 [info] Got 2 sessions for ...
2025-05-20 23:37:51.112 [info] Got 2 sessions for ...
2025-05-20 23:37:51.112 [info] Got 2 sessions for ...
2025-05-20 23:37:51.112 [info] Got 2 sessions for ...
2025-05-20 23:37:51.112 [info] Got 2 sessions for ...
2025-05-20 23:37:52.699 [info] Getting sessions for all scopes...
2025-05-20 23:37:52.700 [info] Got 2 sessions for ...
2025-05-20 23:37:52.710 [info] Getting sessions for all scopes...
2025-05-20 23:37:52.710 [info] Got 2 sessions for ...
2025-05-20 23:37:52.710 [info] Getting sessions for all scopes...
2025-05-20 23:37:52.710 [info] Got 2 sessions for ...
2025-05-20 23:37:52.711 [info] Getting sessions for all scopes...
2025-05-20 23:37:52.711 [info] Got 2 sessions for ...
2025-05-20 23:37:52.711 [info] Getting sessions for all scopes...
2025-05-20 23:37:52.711 [info] Got 2 sessions for ...
2025-05-20 23:37:52.711 [info] Getting sessions for all scopes...
2025-05-20 23:37:52.711 [info] Got 2 sessions for ...
2025-05-20 23:37:54.944 [info] Getting sessions for all scopes...
2025-05-20 23:37:54.944 [info] Got 2 sessions for ...
2025-05-20 23:37:54.970 [info] Getting sessions for user:email...
2025-05-20 23:37:54.970 [info] Got 1 sessions for user:email...
2025-05-20 23:37:55.039 [info] Getting sessions for all scopes...
2025-05-20 23:37:55.039 [info] Got 2 sessions for ...
2025-05-20 23:37:55.225 [info] Getting sessions for all scopes...
2025-05-20 23:37:55.225 [info] Got 2 sessions for ...
2025-05-20 23:37:55.556 [info] Getting sessions for read:user,repo,user:email,workflow...
2025-05-20 23:37:55.556 [info] Got 1 sessions for read:user,repo,user:email,workflow...
2025-05-20 23:37:56.271 [info] Getting sessions for read:user,repo,user:email,workflow...
2025-05-20 23:37:56.271 [info] Got 1 sessions for read:user,repo,user:email,workflow...
