2025-05-21 13:47:42.350 [info] Extension host with pid 11192 started
2025-05-21 13:47:42.350 [info] Skipping acquiring lock for /home/m4cren/.config/Code/User/workspaceStorage/5207f7e22ced57e05b4bc7a798a2fee6.
2025-05-21 13:47:42.695 [info] ExtensionService#_doActivateExtension vscode.github-authentication, startup: false, activationEvent: 'onAuthenticationRequest:github'
2025-05-21 13:47:42.772 [info] ExtensionService#_doActivateExtension vscode.emmet, startup: false, activationEvent: 'onLanguage'
2025-05-21 13:47:42.862 [info] ExtensionService#_doActivateExtension vscode.css-language-features, startup: false, activationEvent: 'onLanguage:css'
2025-05-21 13:47:43.610 [info] ExtensionService#_doActivateExtension vscode.git-base, startup: true, activationEvent: '*', root cause: vscode.git
2025-05-21 13:47:43.651 [info] ExtensionService#_doActivateExtension vscode.configuration-editing, startup: false, activationEvent: 'onLanguage:jsonc'
2025-05-21 13:47:43.666 [info] ExtensionService#_doActivateExtension vscode.json-language-features, startup: false, activationEvent: 'onLanguage:jsonc'
2025-05-21 13:47:43.768 [info] ExtensionService#_doActivateExtension vscode.typescript-language-features, startup: false, activationEvent: 'onLanguage:jsonc'
2025-05-21 13:47:43.860 [info] ExtensionService#_doActivateExtension vscode.git, startup: true, activationEvent: '*'
2025-05-21 13:47:43.966 [info] ExtensionService#_doActivateExtension vscode.github, startup: true, activationEvent: '*'
2025-05-21 13:47:44.244 [info] Eager extensions activated
2025-05-21 13:47:44.340 [info] ExtensionService#_doActivateExtension vscode.debug-auto-launch, startup: false, activationEvent: 'onStartupFinished'
2025-05-21 13:47:44.346 [info] ExtensionService#_doActivateExtension vscode.merge-conflict, startup: false, activationEvent: 'onStartupFinished'
2025-05-21 13:47:44.384 [info] ExtensionService#_doActivateExtension bradlc.vscode-tailwindcss, startup: false, activationEvent: 'onStartupFinished'
2025-05-21 13:47:44.475 [info] ExtensionService#_doActivateExtension dsznajder.es7-react-js-snippets, startup: false, activationEvent: 'onStartupFinished'
2025-05-21 13:47:45.255 [info] ExtensionService#_doActivateExtension esbenp.prettier-vscode, startup: false, activationEvent: 'onStartupFinished'
2025-05-21 13:47:45.355 [info] ExtensionService#_doActivateExtension PKief.material-icon-theme, startup: false, activationEvent: 'onStartupFinished'
2025-05-21 13:47:45.377 [info] ExtensionService#_doActivateExtension stivo.tailwind-fold, startup: false, activationEvent: 'onStartupFinished'
2025-05-21 13:47:45.380 [info] ExtensionService#_doActivateExtension usernamehw.errorlens, startup: false, activationEvent: 'onStartupFinished'
2025-05-21 13:47:45.389 [info] ExtensionService#_doActivateExtension yy0931.vscode-sqlite3-editor, startup: false, activationEvent: 'onStartupFinished'
2025-05-21 13:47:54.435 [info] ExtensionService#_doActivateExtension christian-kohler.npm-intellisense, startup: false, activationEvent: 'onLanguage:typescriptreact'
2025-05-21 13:48:43.125 [info] Extension host terminating: renderer closed the MessagePort
2025-05-21 13:48:43.168 [error] An error occurred when deactivating the extension 'stivo.tailwind-fold':
2025-05-21 13:48:43.168 [error] TypeError: Cannot destructure property 'subscriptions' of 'undefined' as it is undefined.
	at Object.deactivate (/home/m4cren/.vscode/extensions/stivo.tailwind-fold-0.2.0/out/extension.js:38:23)
	at PJ.eb (file:///opt/visual-studio-code/resources/app/out/vs/workbench/api/node/extensionHostProcess.js:123:11724)
	at file:///opt/visual-studio-code/resources/app/out/vs/workbench/api/node/extensionHostProcess.js:123:9874
	at Array.map (<anonymous>)
	at PJ.$ (file:///opt/visual-studio-code/resources/app/out/vs/workbench/api/node/extensionHostProcess.js:123:9862)
	at PJ.terminate (file:///opt/visual-studio-code/resources/app/out/vs/workbench/api/node/extensionHostProcess.js:123:10105)
	at v2.terminate (file:///opt/visual-studio-code/resources/app/out/vs/workbench/api/node/extensionHostProcess.js:124:1434)
	at us (file:///opt/visual-studio-code/resources/app/out/vs/workbench/api/node/extensionHostProcess.js:225:5702)
	at MessagePortMain.<anonymous> (file:///opt/visual-studio-code/resources/app/out/vs/workbench/api/node/extensionHostProcess.js:225:2249)
	at MessagePortMain.emit (node:events:524:28)
	at MessagePortMain.emit (node:domain:489:12)
	at MessagePortMain._internalPort.emit (node:electron/js2c/utility_init:2:2949)
2025-05-21 13:48:43.179 [warning] Canceled
2025-05-21 13:48:43.183 [info] Extension host with pid 11192 exiting with code 0
