2025-05-21 13:47:43.200 [info] Reading sessions from keychain...
2025-05-21 13:47:43.200 [info] Getting sessions for all scopes...
2025-05-21 13:47:43.200 [info] Getting sessions for all scopes...
2025-05-21 13:47:43.200 [info] Getting sessions for all scopes...
2025-05-21 13:47:43.200 [info] Getting sessions for all scopes...
2025-05-21 13:47:43.200 [info] Getting sessions for all scopes...
2025-05-21 13:47:43.200 [info] Getting sessions for all scopes...
2025-05-21 13:47:43.200 [info] Getting sessions for all scopes...
2025-05-21 13:47:43.200 [info] Got stored sessions!
2025-05-21 13:47:43.200 [info] Got 2 verified sessions.
2025-05-21 13:47:43.200 [info] Got 2 sessions for ...
2025-05-21 13:47:43.200 [info] Got 2 sessions for ...
2025-05-21 13:47:43.200 [info] Got 2 sessions for ...
2025-05-21 13:47:43.200 [info] Got 2 sessions for ...
2025-05-21 13:47:43.200 [info] Got 2 sessions for ...
2025-05-21 13:47:43.200 [info] Got 2 sessions for ...
2025-05-21 13:47:43.200 [info] Got 2 sessions for ...
2025-05-21 13:47:43.200 [info] Getting sessions for all scopes...
2025-05-21 13:47:43.200 [info] Got 2 sessions for ...
2025-05-21 13:47:43.200 [info] Getting sessions for all scopes...
2025-05-21 13:47:43.200 [info] Got 2 sessions for ...
2025-05-21 13:47:43.200 [info] Getting sessions for all scopes...
2025-05-21 13:47:43.200 [info] Got 2 sessions for ...
2025-05-21 13:47:43.200 [info] Getting sessions for all scopes...
2025-05-21 13:47:43.200 [info] Got 2 sessions for ...
2025-05-21 13:47:43.200 [info] Getting sessions for all scopes...
2025-05-21 13:47:43.200 [info] Got 2 sessions for ...
2025-05-21 13:47:43.200 [info] Getting sessions for all scopes...
2025-05-21 13:47:43.200 [info] Got 2 sessions for ...
2025-05-21 13:47:43.309 [info] Getting sessions for all scopes...
2025-05-21 13:47:43.309 [info] Got 2 sessions for ...
2025-05-21 13:47:44.139 [info] Getting sessions for user:email...
2025-05-21 13:47:44.140 [info] Got 1 sessions for user:email...
2025-05-21 13:47:45.621 [info] Getting sessions for all scopes...
2025-05-21 13:47:45.622 [info] Got 2 sessions for ...
2025-05-21 13:47:45.638 [info] Getting sessions for all scopes...
2025-05-21 13:47:45.638 [info] Got 2 sessions for ...
2025-05-21 13:47:47.794 [info] Getting sessions for read:user,repo,user:email,workflow...
2025-05-21 13:47:47.794 [info] Got 1 sessions for read:user,repo,user:email,workflow...
2025-05-21 13:47:48.528 [info] Getting sessions for read:user,repo,user:email,workflow...
2025-05-21 13:47:48.528 [info] Got 1 sessions for read:user,repo,user:email,workflow...
