2025-05-14 19:45:37.043 [info] [main] Log level: Info
2025-05-14 19:45:37.043 [info] [main] Validating found git in: "git"
2025-05-14 19:45:37.043 [info] [main] Using git "2.49.0" from "git"
2025-05-14 19:45:37.043 [info] [Model][doInitialScan] Initial repository scan started
2025-05-14 19:45:37.043 [info] > git rev-parse --show-toplevel [6ms]
2025-05-14 19:45:37.043 [info] fatal: not a git repository (or any parent up to mount point /)
Stopping at filesystem boundary (GIT_DISCOVERY_ACROSS_FILESYSTEM not set).
2025-05-14 19:45:37.043 [info] > git rev-parse --show-toplevel [5ms]
2025-05-14 19:45:37.043 [info] fatal: not a git repository (or any parent up to mount point /)
Stopping at filesystem boundary (GIT_DISCOVERY_ACROSS_FILESYSTEM not set).
2025-05-14 19:45:37.047 [info] > git rev-parse --show-toplevel [41ms]
2025-05-14 19:45:37.047 [info] fatal: not a git repository (or any parent up to mount point /)
Stopping at filesystem boundary (GIT_DISCOVERY_ACROSS_FILESYSTEM not set).
2025-05-14 19:45:37.047 [info] [Model][doInitialScan] Initial repository scan completed - repositories (0), closed repositories (0), parent repositories (0), unsafe repositories (0)
2025-05-14 19:45:37.057 [info] > git rev-parse --show-toplevel [2ms]
2025-05-14 19:45:37.057 [info] fatal: not a git repository (or any parent up to mount point /)
Stopping at filesystem boundary (GIT_DISCOVERY_ACROSS_FILESYSTEM not set).
2025-05-14 19:45:37.636 [info] > git rev-parse --show-toplevel [2ms]
2025-05-14 19:45:37.636 [info] fatal: not a git repository (or any parent up to mount point /)
Stopping at filesystem boundary (GIT_DISCOVERY_ACROSS_FILESYSTEM not set).
2025-05-14 19:45:38.365 [info] > git rev-parse --show-toplevel [2ms]
2025-05-14 19:45:38.365 [info] fatal: not a git repository (or any parent up to mount point /)
Stopping at filesystem boundary (GIT_DISCOVERY_ACROSS_FILESYSTEM not set).
2025-05-14 19:46:39.113 [info] > git rev-parse --show-toplevel [1ms]
2025-05-14 19:46:39.113 [info] fatal: not a git repository (or any parent up to mount point /)
Stopping at filesystem boundary (GIT_DISCOVERY_ACROSS_FILESYSTEM not set).
2025-05-14 19:46:46.669 [info] > git rev-parse --show-toplevel [1ms]
2025-05-14 19:46:46.669 [info] fatal: not a git repository (or any parent up to mount point /)
Stopping at filesystem boundary (GIT_DISCOVERY_ACROSS_FILESYSTEM not set).
2025-05-14 19:46:47.775 [info] > git rev-parse --show-toplevel [4ms]
2025-05-14 19:46:47.775 [info] fatal: not a git repository (or any parent up to mount point /)
Stopping at filesystem boundary (GIT_DISCOVERY_ACROSS_FILESYSTEM not set).
2025-05-14 19:46:51.725 [info] > git rev-parse --show-toplevel [1ms]
2025-05-14 19:46:51.725 [info] fatal: not a git repository (or any parent up to mount point /)
Stopping at filesystem boundary (GIT_DISCOVERY_ACROSS_FILESYSTEM not set).
2025-05-14 19:47:02.894 [info] > git rev-parse --show-toplevel [2ms]
2025-05-14 19:47:02.894 [info] fatal: not a git repository (or any parent up to mount point /)
Stopping at filesystem boundary (GIT_DISCOVERY_ACROSS_FILESYSTEM not set).
2025-05-14 19:47:04.148 [info] > git rev-parse --show-toplevel [1ms]
2025-05-14 19:47:04.148 [info] fatal: not a git repository (or any parent up to mount point /)
Stopping at filesystem boundary (GIT_DISCOVERY_ACROSS_FILESYSTEM not set).
2025-05-14 19:47:05.106 [info] > git rev-parse --show-toplevel [2ms]
2025-05-14 19:47:05.106 [info] fatal: not a git repository (or any parent up to mount point /)
Stopping at filesystem boundary (GIT_DISCOVERY_ACROSS_FILESYSTEM not set).
2025-05-14 19:47:06.293 [info] > git rev-parse --show-toplevel [1ms]
2025-05-14 19:47:06.293 [info] fatal: not a git repository (or any parent up to mount point /)
Stopping at filesystem boundary (GIT_DISCOVERY_ACROSS_FILESYSTEM not set).
2025-05-14 19:47:19.876 [info] > git rev-parse --show-toplevel [1ms]
2025-05-14 19:47:19.884 [info] > git rev-parse --git-dir --git-common-dir [2ms]
2025-05-14 19:47:19.899 [info] [Model][openRepository] Opened repository (path): /home/m4cren/.oh-my-zsh
2025-05-14 19:47:19.899 [info] [Model][openRepository] Opened repository (real path): /home/m4cren/.oh-my-zsh
2025-05-14 19:47:19.910 [info] > git config --get commit.template [2ms]
2025-05-14 19:47:19.928 [info] > git for-each-ref --format=%(refname)%00%(upstream:short)%00%(objectname)%00%(upstream:track)%00%(upstream:remotename)%00%(upstream:remoteref) refs/heads/master refs/remotes/master [9ms]
2025-05-14 19:47:19.944 [info] > git status -z -uall [10ms]
2025-05-14 19:47:19.946 [info] > git for-each-ref --sort -committerdate --format %(refname)%00%(objectname)%00%(*objectname) [3ms]
2025-05-14 19:47:19.982 [info] > git for-each-ref --format=%(refname)%00%(upstream:short)%00%(objectname)%00%(upstream:track)%00%(upstream:remotename)%00%(upstream:remoteref) refs/heads/master refs/remotes/master [12ms]
2025-05-14 19:47:19.990 [info] > git config --get --local branch.master.vscode-merge-base [2ms]
2025-05-14 19:47:19.997 [info] > git config --get commit.template [16ms]
2025-05-14 19:47:19.999 [info] > git for-each-ref --format=%(refname)%00%(upstream:short)%00%(objectname)%00%(upstream:track)%00%(upstream:remotename)%00%(upstream:remoteref) refs/heads/origin/master refs/remotes/origin/master [3ms]
2025-05-14 19:47:20.014 [info] > git for-each-ref --format=%(refname)%00%(upstream:short)%00%(objectname)%00%(upstream:track)%00%(upstream:remotename)%00%(upstream:remoteref) refs/heads/master refs/remotes/master [2ms]
2025-05-14 19:47:20.015 [info] > git merge-base refs/heads/master refs/remotes/origin/master [11ms]
2025-05-14 19:47:20.024 [info] > git diff --name-status -z --diff-filter=ADMR c34c1da736f4f162206e1153e66850788f3e2e16...refs/remotes/origin/master [4ms]
2025-05-14 19:47:20.041 [info] > git status -z -uall [9ms]
2025-05-14 19:47:20.072 [info] > git for-each-ref --sort -committerdate --format %(refname)%00%(objectname)%00%(*objectname) [32ms]
2025-05-14 19:47:20.232 [info] > git show --textconv :tools/theme_chooser.sh [5ms]
2025-05-14 19:47:20.233 [info] > git ls-files --stage -- tools/theme_chooser.sh [1ms]
2025-05-14 19:47:20.237 [info] > git cat-file -s ab270e8e1ffcbc05b361590e9a0513dca0d25062 [1ms]
2025-05-14 19:47:20.530 [info] > git check-ignore -v -z --stdin [2ms]
2025-05-14 19:47:22.077 [info] > git check-ignore -v -z --stdin [1ms]
2025-05-14 19:47:37.592 [info] > git rev-parse --show-toplevel [1ms]
2025-05-14 19:47:37.592 [info] fatal: not a git repository (or any parent up to mount point /)
Stopping at filesystem boundary (GIT_DISCOVERY_ACROSS_FILESYSTEM not set).
2025-05-14 19:47:43.001 [info] > git rev-parse --show-toplevel [3ms]
2025-05-14 19:47:43.001 [info] fatal: not a git repository (or any parent up to mount point /)
Stopping at filesystem boundary (GIT_DISCOVERY_ACROSS_FILESYSTEM not set).
2025-05-14 19:47:44.305 [info] > git rev-parse --show-toplevel [3ms]
2025-05-14 19:47:44.305 [info] fatal: not a git repository (or any parent up to mount point /)
Stopping at filesystem boundary (GIT_DISCOVERY_ACROSS_FILESYSTEM not set).
2025-05-14 19:47:47.780 [info] > git rev-parse --show-toplevel [1ms]
2025-05-14 19:47:47.780 [info] fatal: not a git repository (or any parent up to mount point /)
Stopping at filesystem boundary (GIT_DISCOVERY_ACROSS_FILESYSTEM not set).
2025-05-14 19:47:51.255 [info] > git rev-parse --show-toplevel [2ms]
2025-05-14 19:47:51.255 [info] fatal: not a git repository (or any parent up to mount point /)
Stopping at filesystem boundary (GIT_DISCOVERY_ACROSS_FILESYSTEM not set).
2025-05-14 19:48:57.338 [info] > git rev-parse --show-toplevel [1ms]
2025-05-14 19:48:57.338 [info] fatal: not a git repository (or any parent up to mount point /)
Stopping at filesystem boundary (GIT_DISCOVERY_ACROSS_FILESYSTEM not set).
2025-05-14 19:49:00.762 [info] > git rev-parse --show-toplevel [1ms]
2025-05-14 19:49:00.762 [info] fatal: not a git repository (or any parent up to mount point /)
Stopping at filesystem boundary (GIT_DISCOVERY_ACROSS_FILESYSTEM not set).
2025-05-14 19:49:01.946 [info] > git rev-parse --show-toplevel [2ms]
2025-05-14 19:49:01.946 [info] fatal: not a git repository (or any parent up to mount point /)
Stopping at filesystem boundary (GIT_DISCOVERY_ACROSS_FILESYSTEM not set).
2025-05-14 19:49:03.334 [info] > git rev-parse --show-toplevel [2ms]
2025-05-14 19:49:03.334 [info] fatal: not a git repository (or any parent up to mount point /)
Stopping at filesystem boundary (GIT_DISCOVERY_ACROSS_FILESYSTEM not set).
2025-05-14 19:49:06.007 [info] > git rev-parse --show-toplevel [1ms]
2025-05-14 19:49:06.007 [info] fatal: not a git repository (or any parent up to mount point /)
Stopping at filesystem boundary (GIT_DISCOVERY_ACROSS_FILESYSTEM not set).
2025-05-14 19:49:15.193 [info] > git rev-parse --show-toplevel [2ms]
2025-05-14 19:49:15.193 [info] fatal: not a git repository (or any parent up to mount point /)
Stopping at filesystem boundary (GIT_DISCOVERY_ACROSS_FILESYSTEM not set).
2025-05-14 19:49:16.403 [info] > git rev-parse --show-toplevel [1ms]
2025-05-14 19:49:16.403 [info] fatal: not a git repository (or any parent up to mount point /)
Stopping at filesystem boundary (GIT_DISCOVERY_ACROSS_FILESYSTEM not set).
2025-05-14 19:49:17.162 [info] > git rev-parse --show-toplevel [4ms]
2025-05-14 19:49:17.162 [info] fatal: not a git repository (or any parent up to mount point /)
Stopping at filesystem boundary (GIT_DISCOVERY_ACROSS_FILESYSTEM not set).
2025-05-14 19:49:18.580 [info] > git rev-parse --show-toplevel [2ms]
2025-05-14 19:49:18.580 [info] fatal: not a git repository (or any parent up to mount point /)
Stopping at filesystem boundary (GIT_DISCOVERY_ACROSS_FILESYSTEM not set).
2025-05-14 19:49:25.460 [info] > git rev-parse --show-toplevel [2ms]
2025-05-14 19:49:25.460 [info] fatal: not a git repository (or any parent up to mount point /)
Stopping at filesystem boundary (GIT_DISCOVERY_ACROSS_FILESYSTEM not set).
2025-05-14 19:49:29.574 [info] > git rev-parse --show-toplevel [2ms]
2025-05-14 19:49:29.574 [info] fatal: not a git repository (or any parent up to mount point /)
Stopping at filesystem boundary (GIT_DISCOVERY_ACROSS_FILESYSTEM not set).
2025-05-14 19:49:32.642 [info] > git rev-parse --show-toplevel [1ms]
2025-05-14 19:49:32.642 [info] fatal: not a git repository (or any parent up to mount point /)
Stopping at filesystem boundary (GIT_DISCOVERY_ACROSS_FILESYSTEM not set).
2025-05-14 19:49:40.189 [info] > git rev-parse --show-toplevel [2ms]
2025-05-14 19:49:40.189 [info] fatal: not a git repository (or any parent up to mount point /)
Stopping at filesystem boundary (GIT_DISCOVERY_ACROSS_FILESYSTEM not set).
2025-05-14 19:49:43.475 [info] > git rev-parse --show-toplevel [1ms]
2025-05-14 19:49:43.475 [info] fatal: not a git repository (or any parent up to mount point /)
Stopping at filesystem boundary (GIT_DISCOVERY_ACROSS_FILESYSTEM not set).
2025-05-14 19:50:09.606 [info] > git rev-parse --show-toplevel [1ms]
2025-05-14 19:50:09.606 [info] fatal: not a git repository (or any parent up to mount point /)
Stopping at filesystem boundary (GIT_DISCOVERY_ACROSS_FILESYSTEM not set).
2025-05-14 19:50:25.254 [info] > git rev-parse --show-toplevel [1ms]
2025-05-14 19:50:25.254 [info] fatal: not a git repository (or any parent up to mount point /)
Stopping at filesystem boundary (GIT_DISCOVERY_ACROSS_FILESYSTEM not set).
2025-05-14 19:50:31.160 [info] > git rev-parse --show-toplevel [2ms]
2025-05-14 19:50:31.160 [info] fatal: not a git repository (or any parent up to mount point /)
Stopping at filesystem boundary (GIT_DISCOVERY_ACROSS_FILESYSTEM not set).
2025-05-14 19:50:35.445 [info] > git rev-parse --show-toplevel [1ms]
2025-05-14 19:50:35.445 [info] fatal: not a git repository (or any parent up to mount point /)
Stopping at filesystem boundary (GIT_DISCOVERY_ACROSS_FILESYSTEM not set).
2025-05-14 19:50:41.772 [info] > git rev-parse --show-toplevel [1ms]
2025-05-14 19:50:41.772 [info] fatal: not a git repository (or any parent up to mount point /)
Stopping at filesystem boundary (GIT_DISCOVERY_ACROSS_FILESYSTEM not set).
2025-05-14 19:50:43.064 [info] > git rev-parse --show-toplevel [2ms]
2025-05-14 19:50:43.064 [info] fatal: not a git repository (or any parent up to mount point /)
Stopping at filesystem boundary (GIT_DISCOVERY_ACROSS_FILESYSTEM not set).
2025-05-14 19:50:49.214 [info] > git rev-parse --show-toplevel [1ms]
2025-05-14 19:50:49.214 [info] fatal: not a git repository (or any parent up to mount point /)
Stopping at filesystem boundary (GIT_DISCOVERY_ACROSS_FILESYSTEM not set).
2025-05-14 19:50:52.024 [info] > git rev-parse --show-toplevel [2ms]
2025-05-14 19:50:52.024 [info] fatal: not a git repository (or any parent up to mount point /)
Stopping at filesystem boundary (GIT_DISCOVERY_ACROSS_FILESYSTEM not set).
2025-05-14 19:50:57.335 [info] > git rev-parse --show-toplevel [1ms]
2025-05-14 19:50:57.335 [info] fatal: not a git repository (or any parent up to mount point /)
Stopping at filesystem boundary (GIT_DISCOVERY_ACROSS_FILESYSTEM not set).
2025-05-14 19:51:02.107 [info] > git rev-parse --show-toplevel [2ms]
2025-05-14 19:51:02.107 [info] fatal: not a git repository (or any parent up to mount point /)
Stopping at filesystem boundary (GIT_DISCOVERY_ACROSS_FILESYSTEM not set).
2025-05-14 19:51:05.431 [info] > git rev-parse --show-toplevel [1ms]
2025-05-14 19:51:05.431 [info] fatal: not a git repository (or any parent up to mount point /)
Stopping at filesystem boundary (GIT_DISCOVERY_ACROSS_FILESYSTEM not set).
2025-05-14 19:51:15.768 [info] > git rev-parse --show-toplevel [2ms]
2025-05-14 19:51:15.768 [info] fatal: not a git repository (or any parent up to mount point /)
Stopping at filesystem boundary (GIT_DISCOVERY_ACROSS_FILESYSTEM not set).
2025-05-14 19:51:31.695 [info] > git rev-parse --show-toplevel [2ms]
2025-05-14 19:51:31.695 [info] fatal: not a git repository (or any parent up to mount point /)
Stopping at filesystem boundary (GIT_DISCOVERY_ACROSS_FILESYSTEM not set).
2025-05-14 19:51:39.971 [info] > git ls-files --stage -- oh-my-zsh.sh [1ms]
2025-05-14 19:51:39.975 [info] > git show --textconv :oh-my-zsh.sh [9ms]
2025-05-14 19:51:39.976 [info] > git cat-file -s 2e885219c6489e1ab03268b7499d212b5d80645c [1ms]
2025-05-14 19:51:55.886 [info] > git show --textconv :README.md [9ms]
2025-05-14 19:51:55.889 [info] > git ls-files --stage -- README.md [5ms]
2025-05-14 19:51:55.900 [info] > git cat-file -s 7f57ed55e9aba51df0ddeb95a1eccda54f04652d [2ms]
2025-05-14 19:52:00.506 [info] > git show --textconv :oh-my-zsh.sh [5ms]
2025-05-14 19:52:00.507 [info] > git ls-files --stage -- oh-my-zsh.sh [1ms]
2025-05-14 19:52:00.513 [info] > git cat-file -s 2e885219c6489e1ab03268b7499d212b5d80645c [1ms]
2025-05-14 19:52:01.979 [info] > git show --textconv :SECURITY.md [5ms]
2025-05-14 19:52:01.980 [info] > git ls-files --stage -- SECURITY.md [2ms]
2025-05-14 19:52:01.984 [info] > git cat-file -s f8235840f21600035d004b403e229cd696201c69 [1ms]
2025-05-14 19:52:06.613 [info] > git show --textconv :.editorconfig [4ms]
2025-05-14 19:52:06.614 [info] > git ls-files --stage -- .editorconfig [1ms]
2025-05-14 19:52:06.619 [info] > git cat-file -s 797fb62d080d0a29f1cf591b1c7f94d1ce070a46 [1ms]
2025-05-14 19:52:08.658 [info] > git show --textconv :.gitignore [5ms]
2025-05-14 19:52:08.659 [info] > git ls-files --stage -- .gitignore [1ms]
2025-05-14 19:52:08.664 [info] > git cat-file -s a53da3b3e13fd74ad748d700c56f8a17d9a317b7 [1ms]
2025-05-14 19:52:27.423 [info] > git rev-parse --show-toplevel [2ms]
2025-05-14 19:52:27.423 [info] fatal: not a git repository (or any parent up to mount point /)
Stopping at filesystem boundary (GIT_DISCOVERY_ACROSS_FILESYSTEM not set).
2025-05-14 19:52:28.195 [info] > git rev-parse --show-toplevel [2ms]
2025-05-14 19:52:28.195 [info] fatal: not a git repository (or any parent up to mount point /)
Stopping at filesystem boundary (GIT_DISCOVERY_ACROSS_FILESYSTEM not set).
2025-05-14 19:52:29.093 [info] > git rev-parse --show-toplevel [2ms]
2025-05-14 19:52:29.094 [info] fatal: not a git repository (or any parent up to mount point /)
Stopping at filesystem boundary (GIT_DISCOVERY_ACROSS_FILESYSTEM not set).
2025-05-14 19:52:31.151 [info] > git rev-parse --show-toplevel [2ms]
2025-05-14 19:52:31.151 [info] fatal: not a git repository (or any parent up to mount point /)
Stopping at filesystem boundary (GIT_DISCOVERY_ACROSS_FILESYSTEM not set).
2025-05-14 19:52:32.102 [info] > git rev-parse --show-toplevel [1ms]
2025-05-14 19:52:32.102 [info] fatal: not a git repository (or any parent up to mount point /)
Stopping at filesystem boundary (GIT_DISCOVERY_ACROSS_FILESYSTEM not set).
2025-05-14 19:52:35.309 [info] > git rev-parse --show-toplevel [1ms]
2025-05-14 19:52:35.309 [info] fatal: not a git repository (or any parent up to mount point /)
Stopping at filesystem boundary (GIT_DISCOVERY_ACROSS_FILESYSTEM not set).
2025-05-14 19:54:26.336 [info] > git rev-parse --show-toplevel [2ms]
2025-05-14 19:54:26.336 [info] fatal: not a git repository (or any parent up to mount point /)
Stopping at filesystem boundary (GIT_DISCOVERY_ACROSS_FILESYSTEM not set).
2025-05-14 19:54:51.637 [info] > git rev-parse --show-toplevel [15ms]
2025-05-14 19:54:51.637 [info] fatal: not a git repository (or any parent up to mount point /)
Stopping at filesystem boundary (GIT_DISCOVERY_ACROSS_FILESYSTEM not set).
2025-05-14 19:56:12.443 [info] > git rev-parse --show-toplevel [1ms]
2025-05-14 19:56:12.443 [info] fatal: not a git repository (or any parent up to mount point /)
Stopping at filesystem boundary (GIT_DISCOVERY_ACROSS_FILESYSTEM not set).
2025-05-14 19:56:19.932 [info] > git rev-parse --show-toplevel [1ms]
2025-05-14 19:56:19.932 [info] fatal: not a git repository (or any parent up to mount point /)
Stopping at filesystem boundary (GIT_DISCOVERY_ACROSS_FILESYSTEM not set).
2025-05-14 19:56:36.818 [info] > git rev-parse --show-toplevel [4ms]
2025-05-14 19:56:36.818 [info] fatal: not a git repository (or any parent up to mount point /)
Stopping at filesystem boundary (GIT_DISCOVERY_ACROSS_FILESYSTEM not set).
2025-05-14 19:57:07.415 [info] > git rev-parse --show-toplevel [1ms]
2025-05-14 19:57:07.415 [info] fatal: not a git repository (or any parent up to mount point /)
Stopping at filesystem boundary (GIT_DISCOVERY_ACROSS_FILESYSTEM not set).
2025-05-14 19:57:15.213 [info] > git rev-parse --show-toplevel [1ms]
2025-05-14 19:57:15.213 [info] fatal: not a git repository (or any parent up to mount point /)
Stopping at filesystem boundary (GIT_DISCOVERY_ACROSS_FILESYSTEM not set).
2025-05-14 19:58:10.967 [info] > git rev-parse --show-toplevel [1ms]
2025-05-14 19:58:10.967 [info] fatal: not a git repository (or any parent up to mount point /)
Stopping at filesystem boundary (GIT_DISCOVERY_ACROSS_FILESYSTEM not set).
2025-05-14 19:58:13.233 [info] > git rev-parse --show-toplevel [1ms]
2025-05-14 19:58:13.233 [info] fatal: not a git repository (or any parent up to mount point /)
Stopping at filesystem boundary (GIT_DISCOVERY_ACROSS_FILESYSTEM not set).
2025-05-14 19:58:17.529 [info] > git rev-parse --show-toplevel [2ms]
2025-05-14 19:58:17.529 [info] fatal: not a git repository (or any parent up to mount point /)
Stopping at filesystem boundary (GIT_DISCOVERY_ACROSS_FILESYSTEM not set).
2025-05-14 19:58:18.781 [info] > git rev-parse --show-toplevel [1ms]
2025-05-14 19:58:18.781 [info] fatal: not a git repository (or any parent up to mount point /)
Stopping at filesystem boundary (GIT_DISCOVERY_ACROSS_FILESYSTEM not set).
2025-05-14 19:58:19.993 [info] > git rev-parse --show-toplevel [3ms]
2025-05-14 19:58:19.993 [info] fatal: not a git repository (or any parent up to mount point /)
Stopping at filesystem boundary (GIT_DISCOVERY_ACROSS_FILESYSTEM not set).
2025-05-14 19:58:25.938 [info] > git rev-parse --show-toplevel [2ms]
2025-05-14 19:58:25.938 [info] fatal: not a git repository (or any parent up to mount point /)
Stopping at filesystem boundary (GIT_DISCOVERY_ACROSS_FILESYSTEM not set).
2025-05-14 19:58:28.822 [info] > git rev-parse --show-toplevel [1ms]
2025-05-14 19:58:28.822 [info] fatal: not a git repository (or any parent up to mount point /)
Stopping at filesystem boundary (GIT_DISCOVERY_ACROSS_FILESYSTEM not set).
2025-05-14 19:58:30.007 [info] > git rev-parse --show-toplevel [1ms]
2025-05-14 19:58:30.007 [info] fatal: not a git repository (or any parent up to mount point /)
Stopping at filesystem boundary (GIT_DISCOVERY_ACROSS_FILESYSTEM not set).
2025-05-14 19:58:30.943 [info] > git rev-parse --show-toplevel [1ms]
2025-05-14 19:58:30.943 [info] fatal: not a git repository (or any parent up to mount point /)
Stopping at filesystem boundary (GIT_DISCOVERY_ACROSS_FILESYSTEM not set).
2025-05-14 19:58:37.452 [info] > git rev-parse --show-toplevel [2ms]
2025-05-14 19:58:37.452 [info] fatal: not a git repository (or any parent up to mount point /)
Stopping at filesystem boundary (GIT_DISCOVERY_ACROSS_FILESYSTEM not set).
2025-05-14 19:58:38.036 [info] > git rev-parse --show-toplevel [3ms]
2025-05-14 19:58:38.036 [info] fatal: not a git repository (or any parent up to mount point /)
Stopping at filesystem boundary (GIT_DISCOVERY_ACROSS_FILESYSTEM not set).
2025-05-14 19:58:41.001 [info] > git rev-parse --show-toplevel [2ms]
2025-05-14 19:58:41.001 [info] fatal: not a git repository (or any parent up to mount point /)
Stopping at filesystem boundary (GIT_DISCOVERY_ACROSS_FILESYSTEM not set).
2025-05-14 19:58:42.640 [info] > git rev-parse --show-toplevel [3ms]
2025-05-14 19:58:42.640 [info] fatal: not a git repository (or any parent up to mount point /)
Stopping at filesystem boundary (GIT_DISCOVERY_ACROSS_FILESYSTEM not set).
2025-05-14 19:58:43.389 [info] > git rev-parse --show-toplevel [1ms]
2025-05-14 19:58:43.389 [info] fatal: not a git repository (or any parent up to mount point /)
Stopping at filesystem boundary (GIT_DISCOVERY_ACROSS_FILESYSTEM not set).
2025-05-14 19:59:21.474 [info] > git rev-parse --show-toplevel [3ms]
2025-05-14 19:59:21.474 [info] fatal: not a git repository (or any parent up to mount point /)
Stopping at filesystem boundary (GIT_DISCOVERY_ACROSS_FILESYSTEM not set).
2025-05-14 19:59:22.566 [info] > git rev-parse --show-toplevel [2ms]
2025-05-14 19:59:22.566 [info] fatal: not a git repository (or any parent up to mount point /)
Stopping at filesystem boundary (GIT_DISCOVERY_ACROSS_FILESYSTEM not set).
2025-05-14 19:59:24.191 [info] > git rev-parse --show-toplevel [1ms]
2025-05-14 19:59:24.191 [info] fatal: not a git repository (or any parent up to mount point /)
Stopping at filesystem boundary (GIT_DISCOVERY_ACROSS_FILESYSTEM not set).
2025-05-14 19:59:27.869 [info] > git rev-parse --show-toplevel [1ms]
2025-05-14 19:59:27.869 [info] fatal: not a git repository (or any parent up to mount point /)
Stopping at filesystem boundary (GIT_DISCOVERY_ACROSS_FILESYSTEM not set).
2025-05-14 19:59:33.765 [info] > git rev-parse --show-toplevel [2ms]
2025-05-14 19:59:33.765 [info] fatal: not a git repository (or any parent up to mount point /)
Stopping at filesystem boundary (GIT_DISCOVERY_ACROSS_FILESYSTEM not set).
2025-05-14 19:59:37.942 [info] > git rev-parse --show-toplevel [2ms]
2025-05-14 19:59:37.942 [info] fatal: not a git repository (or any parent up to mount point /)
Stopping at filesystem boundary (GIT_DISCOVERY_ACROSS_FILESYSTEM not set).
2025-05-14 19:59:38.855 [info] > git rev-parse --show-toplevel [2ms]
2025-05-14 19:59:38.855 [info] fatal: not a git repository (or any parent up to mount point /)
Stopping at filesystem boundary (GIT_DISCOVERY_ACROSS_FILESYSTEM not set).
2025-05-14 19:59:40.896 [info] > git rev-parse --show-toplevel [1ms]
2025-05-14 19:59:40.896 [info] fatal: not a git repository (or any parent up to mount point /)
Stopping at filesystem boundary (GIT_DISCOVERY_ACROSS_FILESYSTEM not set).
2025-05-14 19:59:58.887 [info] > git check-ignore -v -z --stdin [1ms]
2025-05-14 20:00:00.494 [info] > git check-ignore -v -z --stdin [1ms]
2025-05-14 20:00:08.355 [info] > git show --textconv :SECURITY.md [5ms]
2025-05-14 20:00:08.356 [info] > git ls-files --stage -- SECURITY.md [1ms]
2025-05-14 20:00:08.362 [info] > git cat-file -s f8235840f21600035d004b403e229cd696201c69 [1ms]
2025-05-14 20:00:09.036 [info] > git show --textconv :README.md [5ms]
2025-05-14 20:00:09.037 [info] > git ls-files --stage -- README.md [2ms]
2025-05-14 20:00:09.043 [info] > git cat-file -s 7f57ed55e9aba51df0ddeb95a1eccda54f04652d [2ms]
2025-05-14 20:00:11.686 [info] > git rev-parse --show-toplevel [4ms]
2025-05-14 20:00:11.686 [info] fatal: not a git repository (or any parent up to mount point /)
Stopping at filesystem boundary (GIT_DISCOVERY_ACROSS_FILESYSTEM not set).
2025-05-14 20:00:12.748 [info] > git config --get commit.template [5ms]
2025-05-14 20:00:12.749 [info] > git for-each-ref --format=%(refname)%00%(upstream:short)%00%(objectname)%00%(upstream:track)%00%(upstream:remotename)%00%(upstream:remoteref) refs/heads/master refs/remotes/master [1ms]
2025-05-14 20:00:12.760 [info] > git status -z -uall [6ms]
2025-05-14 20:00:12.760 [info] > git for-each-ref --sort -committerdate --format %(refname)%00%(objectname)%00%(*objectname) [1ms]
2025-05-14 20:00:17.564 [info] > git show --textconv :SECURITY.md [5ms]
2025-05-14 20:00:17.565 [info] > git ls-files --stage -- SECURITY.md [1ms]
2025-05-14 20:00:17.570 [info] > git cat-file -s f8235840f21600035d004b403e229cd696201c69 [1ms]
2025-05-14 20:00:19.617 [info] > git rev-parse --show-toplevel [2ms]
2025-05-14 20:00:19.617 [info] fatal: not a git repository (or any parent up to mount point /)
Stopping at filesystem boundary (GIT_DISCOVERY_ACROSS_FILESYSTEM not set).
2025-05-14 20:00:20.689 [info] > git config --get commit.template [5ms]
2025-05-14 20:00:20.690 [info] > git for-each-ref --format=%(refname)%00%(upstream:short)%00%(objectname)%00%(upstream:track)%00%(upstream:remotename)%00%(upstream:remoteref) refs/heads/master refs/remotes/master [1ms]
2025-05-14 20:00:20.700 [info] > git status -z -uall [7ms]
2025-05-14 20:00:20.700 [info] > git for-each-ref --sort -committerdate --format %(refname)%00%(objectname)%00%(*objectname) [2ms]
2025-05-14 20:00:25.430 [info] > git rev-parse --show-toplevel [1ms]
2025-05-14 20:00:25.430 [info] fatal: not a git repository (or any parent up to mount point /)
Stopping at filesystem boundary (GIT_DISCOVERY_ACROSS_FILESYSTEM not set).
2025-05-14 20:00:27.533 [info] > git rev-parse --show-toplevel [1ms]
2025-05-14 20:00:27.533 [info] fatal: not a git repository (or any parent up to mount point /)
Stopping at filesystem boundary (GIT_DISCOVERY_ACROSS_FILESYSTEM not set).
