2025-05-21 12:51:00.672 [info] Reading sessions from keychain...
2025-05-21 12:51:00.672 [info] Getting sessions for all scopes...
2025-05-21 12:51:00.672 [info] Getting sessions for all scopes...
2025-05-21 12:51:00.730 [info] Getting sessions for all scopes...
2025-05-21 12:51:00.730 [info] Getting sessions for all scopes...
2025-05-21 12:51:00.730 [info] Getting sessions for all scopes...
2025-05-21 12:51:00.732 [info] Getting sessions for all scopes...
2025-05-21 12:51:00.733 [info] Getting sessions for all scopes...
2025-05-21 12:51:01.058 [info] Got stored sessions!
2025-05-21 12:51:01.058 [info] Got 2 verified sessions.
2025-05-21 12:51:01.058 [info] Got 2 sessions for ...
2025-05-21 12:51:01.058 [info] Got 2 sessions for ...
2025-05-21 12:51:01.058 [info] Got 2 sessions for ...
2025-05-21 12:51:01.058 [info] Got 2 sessions for ...
2025-05-21 12:51:01.058 [info] Got 2 sessions for ...
2025-05-21 12:51:01.058 [info] Got 2 sessions for ...
2025-05-21 12:51:01.058 [info] Got 2 sessions for ...
2025-05-21 12:51:01.303 [info] Getting sessions for all scopes...
2025-05-21 12:51:01.303 [info] Got 2 sessions for ...
2025-05-21 12:51:01.306 [info] Getting sessions for all scopes...
2025-05-21 12:51:01.306 [info] Got 2 sessions for ...
2025-05-21 12:51:01.308 [info] Getting sessions for all scopes...
2025-05-21 12:51:01.308 [info] Got 2 sessions for ...
2025-05-21 12:51:01.308 [info] Getting sessions for all scopes...
2025-05-21 12:51:01.308 [info] Got 2 sessions for ...
2025-05-21 12:51:01.309 [info] Getting sessions for all scopes...
2025-05-21 12:51:01.309 [info] Got 2 sessions for ...
2025-05-21 12:51:01.309 [info] Getting sessions for all scopes...
2025-05-21 12:51:01.311 [info] Got 2 sessions for ...
2025-05-21 12:51:04.235 [info] Getting sessions for all scopes...
2025-05-21 12:51:04.235 [info] Got 2 sessions for ...
2025-05-21 12:51:04.262 [info] Getting sessions for user:email...
2025-05-21 12:51:04.262 [info] Got 1 sessions for user:email...
2025-05-21 12:51:04.844 [info] Getting sessions for all scopes...
2025-05-21 12:51:04.844 [info] Got 2 sessions for ...
2025-05-21 12:51:05.863 [info] Getting sessions for all scopes...
2025-05-21 12:51:05.863 [info] Got 2 sessions for ...
2025-05-21 12:51:06.386 [info] Getting sessions for read:user,repo,user:email,workflow...
2025-05-21 12:51:06.386 [info] Got 1 sessions for read:user,repo,user:email,workflow...
2025-05-21 12:51:06.988 [info] Getting sessions for read:user,repo,user:email,workflow...
2025-05-21 12:51:06.988 [info] Got 1 sessions for read:user,repo,user:email,workflow...
