2025-05-21 12:51:01.872 [info] [main] Log level: Info
2025-05-21 12:51:01.872 [info] [main] Validating found git in: "git"
2025-05-21 12:51:01.872 [info] [main] Using git "2.49.0" from "git"
2025-05-21 12:51:01.872 [info] [Model][doInitialScan] Initial repository scan started
2025-05-21 12:51:01.872 [info] > git rev-parse --show-toplevel [4ms]
2025-05-21 12:51:01.875 [info] > git rev-parse --git-dir --git-common-dir [4ms]
2025-05-21 12:51:01.895 [info] [Model][openRepository] Opened repository (path): /home/m4cren/webDev/MetaFeast
2025-05-21 12:51:01.895 [info] [Model][openRepository] Opened repository (real path): /home/m4cren/webDev/MetaFeast
2025-05-21 12:51:01.930 [info] > git rev-parse --show-toplevel [5ms]
2025-05-21 12:51:01.933 [info] > git config --get commit.template [20ms]
2025-05-21 12:51:02.010 [info] > git rev-parse --show-toplevel [63ms]
2025-05-21 12:51:02.037 [info] > git for-each-ref --format=%(refname)%00%(upstream:short)%00%(objectname)%00%(upstream:track)%00%(upstream:remotename)%00%(upstream:remoteref) refs/heads/main refs/remotes/main [62ms]
2025-05-21 12:51:02.063 [warning] [Git][revParse] Unable to read file: ENOENT: no such file or directory, open '/home/m4cren/webDev/MetaFeast/.git/refs/remotes/origin/main'
2025-05-21 12:51:02.066 [info] > git rev-parse --show-toplevel [30ms]
2025-05-21 12:51:02.095 [info] > git rev-parse refs/remotes/origin/main [32ms]
2025-05-21 12:51:02.191 [info] > git for-each-ref --sort -committerdate --format %(refname)%00%(objectname)%00%(*objectname) [42ms]
2025-05-21 12:51:02.192 [info] > git rev-parse --show-toplevel [98ms]
2025-05-21 12:51:04.416 [info] > git rev-parse --show-toplevel [259ms]
2025-05-21 12:51:04.421 [info] [Model][doInitialScan] Initial repository scan completed - repositories (1), closed repositories (0), parent repositories (0), unsafe repositories (0)
2025-05-21 12:51:04.771 [info] > git show --textconv :client/src/hooks/useTimeOfDay.tsx [331ms]
2025-05-21 12:51:04.771 [info] > git ls-files --stage -- client/src/hooks/useTimeOfDay.tsx [303ms]
2025-05-21 12:51:04.834 [info] > git check-ignore -v -z --stdin [44ms]
2025-05-21 12:51:04.837 [info] > git cat-file -s eced16c5004b7ba8224948789ed61f1514fe566d [57ms]
2025-05-21 12:51:06.101 [info] > git check-ignore -v -z --stdin [24ms]
2025-05-21 12:51:06.312 [info] > git status -z -uall [4208ms]
2025-05-21 12:51:06.354 [info] > git for-each-ref --format=%(refname)%00%(upstream:short)%00%(objectname)%00%(upstream:track)%00%(upstream:remotename)%00%(upstream:remoteref) refs/heads/main refs/remotes/main [12ms]
2025-05-21 12:51:06.368 [info] > git config --get --local branch.main.vscode-merge-base [5ms]
2025-05-21 12:51:06.377 [info] > git config --get commit.template [22ms]
2025-05-21 12:51:06.388 [info] > git for-each-ref --format=%(refname)%00%(upstream:short)%00%(objectname)%00%(upstream:track)%00%(upstream:remotename)%00%(upstream:remoteref) refs/heads/origin/main refs/remotes/origin/main [12ms]
2025-05-21 12:51:06.433 [info] > git merge-base refs/heads/main refs/remotes/origin/main [22ms]
2025-05-21 12:51:06.442 [info] > git for-each-ref --format=%(refname)%00%(upstream:short)%00%(objectname)%00%(upstream:track)%00%(upstream:remotename)%00%(upstream:remoteref) refs/heads/main refs/remotes/main [56ms]
2025-05-21 12:51:06.518 [warning] [Git][revParse] Unable to read file: ENOENT: no such file or directory, open '/home/m4cren/webDev/MetaFeast/.git/refs/remotes/origin/main'
2025-05-21 12:51:06.519 [info] > git diff --name-status -z --diff-filter=ADMR 4392efc3221defcb76f87ce64fbbde73b8f2982a...refs/remotes/origin/main [77ms]
2025-05-21 12:51:06.521 [info] > git rev-parse refs/remotes/origin/main [3ms]
2025-05-21 12:51:06.547 [info] > git for-each-ref --sort -committerdate --format %(refname)%00%(objectname)%00%(*objectname) [8ms]
2025-05-21 12:51:08.142 [info] > git status -z -uall [1614ms]
2025-05-21 12:51:08.299 [info] > git show --textconv :client/src/styles/global.css [17ms]
2025-05-21 12:51:08.308 [info] > git ls-files --stage -- client/src/styles/global.css [9ms]
2025-05-21 12:51:08.341 [info] > git cat-file -s f6166e280af297a5def174c7c7351ff387f77265 [5ms]
2025-05-21 12:51:09.926 [info] > git blame --root --incremental 4392efc3221defcb76f87ce64fbbde73b8f2982a -- client/src/styles/global.css [38ms]
