2025-05-14 11:47:19.636 [info] [main] Log level: Info
2025-05-14 11:47:19.636 [info] [main] Validating found git in: "git"
2025-05-14 11:47:19.636 [info] [main] Using git "2.49.0" from "git"
2025-05-14 11:47:19.636 [info] [Model][doInitialScan] Initial repository scan started
2025-05-14 11:47:19.636 [info] > git rev-parse --show-toplevel [2ms]
2025-05-14 11:47:19.636 [info] > git rev-parse --git-dir --git-common-dir [4ms]
2025-05-14 11:47:19.636 [info] [Model][openRepository] Opened repository (path): /home/m4cren/webDev/MetaFeast
2025-05-14 11:47:19.636 [info] [Model][openRepository] Opened repository (real path): /home/m4cren/webDev/MetaFeast
2025-05-14 11:47:19.636 [info] > git config --get commit.template [10ms]
2025-05-14 11:47:19.636 [info] > git rev-parse --show-toplevel [3ms]
2025-05-14 11:47:19.637 [info] > git for-each-ref --format=%(refname)%00%(upstream:short)%00%(objectname)%00%(upstream:track)%00%(upstream:remotename)%00%(upstream:remoteref) refs/heads/main refs/remotes/main [12ms]
2025-05-14 11:47:19.651 [warning] [Git][revParse] Unable to read file: ENOENT: no such file or directory, open '/home/m4cren/webDev/MetaFeast/.git/refs/remotes/origin/main'
2025-05-14 11:47:19.652 [info] > git rev-parse --show-toplevel [16ms]
2025-05-14 11:47:19.665 [info] > git rev-parse refs/remotes/origin/main [15ms]
2025-05-14 11:47:19.750 [info] > git for-each-ref --sort -committerdate --format %(refname)%00%(objectname)%00%(*objectname) [67ms]
2025-05-14 11:47:19.754 [info] > git rev-parse --show-toplevel [89ms]
2025-05-14 11:47:19.828 [info] > git rev-parse --show-toplevel [2ms]
2025-05-14 11:47:19.847 [info] > git rev-parse --show-toplevel [3ms]
2025-05-14 11:47:19.848 [info] [Model][doInitialScan] Initial repository scan completed - repositories (1), closed repositories (0), parent repositories (0), unsafe repositories (0)
2025-05-14 11:47:20.037 [info] > git show --textconv :server/backend/__init__.py [18ms]
2025-05-14 11:47:20.040 [info] > git ls-files --stage -- server/backend/__init__.py [4ms]
2025-05-14 11:47:20.058 [info] > git cat-file -s ab66016f92ace0c24032c8d017146fef7989cff0 [1ms]
2025-05-14 11:47:20.166 [info] > git blame --root --incremental 4392efc3221defcb76f87ce64fbbde73b8f2982a -- server/backend/__init__.py [29ms]
2025-05-14 11:47:20.308 [info] > git check-ignore -v -z --stdin [14ms]
2025-05-14 11:47:21.493 [info] > git check-ignore -v -z --stdin [8ms]
2025-05-14 11:47:21.831 [info] > git status -z -uall [2159ms]
2025-05-14 11:47:21.877 [info] > git for-each-ref --format=%(refname)%00%(upstream:short)%00%(objectname)%00%(upstream:track)%00%(upstream:remotename)%00%(upstream:remoteref) refs/heads/main refs/remotes/main [14ms]
2025-05-14 11:47:21.886 [info] > git config --get commit.template [10ms]
2025-05-14 11:47:21.887 [info] > git config --get --local branch.main.vscode-merge-base [2ms]
2025-05-14 11:47:21.900 [info] > git for-each-ref --format=%(refname)%00%(upstream:short)%00%(objectname)%00%(upstream:track)%00%(upstream:remotename)%00%(upstream:remoteref) refs/heads/origin/main refs/remotes/origin/main [6ms]
2025-05-14 11:47:21.910 [info] > git merge-base refs/heads/main refs/remotes/origin/main [1ms]
2025-05-14 11:47:21.918 [info] > git for-each-ref --format=%(refname)%00%(upstream:short)%00%(objectname)%00%(upstream:track)%00%(upstream:remotename)%00%(upstream:remoteref) refs/heads/main refs/remotes/main [19ms]
2025-05-14 11:47:21.926 [warning] [Git][revParse] Unable to read file: ENOENT: no such file or directory, open '/home/m4cren/webDev/MetaFeast/.git/refs/remotes/origin/main'
2025-05-14 11:47:21.927 [info] > git diff --name-status -z --diff-filter=ADMR 4392efc3221defcb76f87ce64fbbde73b8f2982a...refs/remotes/origin/main [9ms]
2025-05-14 11:47:21.928 [info] > git rev-parse refs/remotes/origin/main [2ms]
2025-05-14 11:47:21.968 [info] > git for-each-ref --sort -committerdate --format %(refname)%00%(objectname)%00%(*objectname) [16ms]
2025-05-14 11:47:22.825 [info] > git status -z -uall [890ms]
2025-05-14 11:47:25.472 [info] > git show --textconv :server/backend/__init__.py [8ms]
2025-05-14 11:47:25.474 [info] > git ls-files --stage -- server/backend/__init__.py [2ms]
2025-05-14 11:47:25.484 [info] > git cat-file -s ab66016f92ace0c24032c8d017146fef7989cff0 [2ms]
2025-05-14 11:47:36.294 [info] > git check-ignore -v -z --stdin [9ms]
2025-05-14 11:47:41.297 [info] > git check-ignore -v -z --stdin [15ms]
2025-05-14 11:51:21.294 [info] > git show --textconv :server/instance/rainier.db [8ms]
2025-05-14 11:51:21.296 [info] > git ls-files --stage -- server/instance/rainier.db [4ms]
2025-05-14 11:51:21.303 [info] > git cat-file -s 9390d6c81ed70cf2f76438b11d4edcd9bef301ef [1ms]
2025-05-14 11:51:23.519 [info] > git show --textconv :server/backend/__init__.py [19ms]
2025-05-14 11:51:23.525 [info] > git ls-files --stage -- server/backend/__init__.py [8ms]
2025-05-14 11:51:23.544 [info] > git cat-file -s ab66016f92ace0c24032c8d017146fef7989cff0 [4ms]
