2025-05-14 18:10:54.957 [info] [main] Log level: Info
2025-05-14 18:10:54.957 [info] [main] Validating found git in: "git"
2025-05-14 18:10:54.957 [info] [main] Using git "2.49.0" from "git"
2025-05-14 18:10:54.957 [info] [Model][doInitialScan] Initial repository scan started
2025-05-14 18:10:54.957 [info] > git rev-parse --show-toplevel [169ms]
2025-05-14 18:10:54.957 [info] fatal: not a git repository (or any parent up to mount point /)
Stopping at filesystem boundary (GIT_DISCOVERY_ACROSS_FILESYSTEM not set).
2025-05-14 18:10:54.957 [info] > git rev-parse --show-toplevel [18ms]
2025-05-14 18:10:54.957 [info] fatal: not a git repository (or any parent up to mount point /)
Stopping at filesystem boundary (GIT_DISCOVERY_ACROSS_FILESYSTEM not set).
2025-05-14 18:10:54.957 [info] > git rev-parse --show-toplevel [24ms]
2025-05-14 18:10:54.957 [info] fatal: not a git repository (or any parent up to mount point /)
Stopping at filesystem boundary (GIT_DISCOVERY_ACROSS_FILESYSTEM not set).
2025-05-14 18:10:54.957 [info] [Model][doInitialScan] Initial repository scan completed - repositories (0), closed repositories (0), parent repositories (0), unsafe repositories (0)
2025-05-14 18:10:55.045 [info] > git rev-parse --show-toplevel [5ms]
2025-05-14 18:10:55.045 [info] fatal: not a git repository (or any parent up to mount point /)
Stopping at filesystem boundary (GIT_DISCOVERY_ACROSS_FILESYSTEM not set).
2025-05-14 18:10:55.372 [info] > git rev-parse --show-toplevel [1ms]
2025-05-14 18:10:55.372 [info] fatal: not a git repository (or any parent up to mount point /)
Stopping at filesystem boundary (GIT_DISCOVERY_ACROSS_FILESYSTEM not set).
2025-05-14 18:11:00.160 [info] > git rev-parse --show-toplevel [3ms]
2025-05-14 18:11:00.168 [info] > git rev-parse --git-dir --git-common-dir [2ms]
2025-05-14 18:11:00.186 [info] [Model][openRepository] Opened repository (path): /home/m4cren/.oh-my-zsh/themes/powerlevel10k
2025-05-14 18:11:00.186 [info] [Model][openRepository] Opened repository (real path): /home/m4cren/.oh-my-zsh/themes/powerlevel10k
2025-05-14 18:11:00.201 [info] > git config --get commit.template [2ms]
2025-05-14 18:11:00.222 [info] > git for-each-ref --format=%(refname)%00%(upstream:short)%00%(objectname)%00%(upstream:track)%00%(upstream:remotename)%00%(upstream:remoteref) refs/heads/master refs/remotes/master [6ms]
2025-05-14 18:11:00.228 [warning] [Git][revParse] Unable to read file: ENOENT: no such file or directory, open '/home/m4cren/.oh-my-zsh/themes/powerlevel10k/.git/refs/remotes/origin/master'
2025-05-14 18:11:00.231 [info] > git rev-parse refs/remotes/origin/master [3ms]
2025-05-14 18:11:00.259 [info] > git for-each-ref --sort -committerdate --format %(refname)%00%(objectname)%00%(*objectname) [5ms]
2025-05-14 18:11:00.281 [info] > git status -z -uall [42ms]
2025-05-14 18:11:00.327 [info] > git for-each-ref --format=%(refname)%00%(upstream:short)%00%(objectname)%00%(upstream:track)%00%(upstream:remotename)%00%(upstream:remoteref) refs/heads/master refs/remotes/master [15ms]
2025-05-14 18:11:00.335 [info] > git config --get commit.template [9ms]
2025-05-14 18:11:00.343 [info] > git config --get --local branch.master.vscode-merge-base [9ms]
2025-05-14 18:11:00.352 [info] > git for-each-ref --format=%(refname)%00%(upstream:short)%00%(objectname)%00%(upstream:track)%00%(upstream:remotename)%00%(upstream:remoteref) refs/heads/master refs/remotes/master [10ms]
2025-05-14 18:11:00.388 [warning] [Git][revParse] Unable to read file: ENOENT: no such file or directory, open '/home/m4cren/.oh-my-zsh/themes/powerlevel10k/.git/refs/remotes/origin/master'
2025-05-14 18:11:00.389 [info] > git for-each-ref --format=%(refname)%00%(upstream:short)%00%(objectname)%00%(upstream:track)%00%(upstream:remotename)%00%(upstream:remoteref) refs/heads/origin/master refs/remotes/origin/master [37ms]
2025-05-14 18:11:00.402 [info] > git merge-base refs/heads/master refs/remotes/origin/master [7ms]
2025-05-14 18:11:00.406 [info] > git rev-parse refs/remotes/origin/master [18ms]
2025-05-14 18:11:00.418 [info] > git diff --name-status -z --diff-filter=ADMR 36f3045d69d1ba402db09d09eb12b42eebe0fa3b...refs/remotes/origin/master [12ms]
2025-05-14 18:11:00.421 [info] > git for-each-ref --sort -committerdate --format %(refname)%00%(objectname)%00%(*objectname) [4ms]
2025-05-14 18:11:00.425 [info] > git status -z -uall [14ms]
2025-05-14 18:11:00.525 [info] > git show --textconv :powerlevel9k.zsh-theme [5ms]
2025-05-14 18:11:00.526 [info] > git ls-files --stage -- powerlevel9k.zsh-theme [2ms]
2025-05-14 18:11:00.531 [info] > git cat-file -s 328cd838ab170c255f39e9432e9993bfc7785dd7 [2ms]
2025-05-14 18:11:00.783 [info] > git check-ignore -v -z --stdin [1ms]
2025-05-14 18:11:03.678 [info] > git show --textconv :powerlevel10k.zsh-theme [8ms]
2025-05-14 18:11:03.681 [info] > git ls-files --stage -- powerlevel10k.zsh-theme [3ms]
2025-05-14 18:11:03.687 [info] > git cat-file -s 92079d40875e26bc3046cb5a5799e1d246b9f277 [1ms]
2025-05-14 18:11:10.237 [info] > git rev-parse --show-toplevel [2ms]
2025-05-14 18:11:10.237 [info] fatal: not a git repository (or any parent up to mount point /)
Stopping at filesystem boundary (GIT_DISCOVERY_ACROSS_FILESYSTEM not set).
2025-05-14 18:11:13.678 [info] > git rev-parse --show-toplevel [2ms]
2025-05-14 18:11:13.678 [info] fatal: not a git repository (or any parent up to mount point /)
Stopping at filesystem boundary (GIT_DISCOVERY_ACROSS_FILESYSTEM not set).
2025-05-14 18:12:45.984 [info] > git config --get commit.template [10ms]
2025-05-14 18:12:45.985 [info] > git for-each-ref --format=%(refname)%00%(upstream:short)%00%(objectname)%00%(upstream:track)%00%(upstream:remotename)%00%(upstream:remoteref) refs/heads/master refs/remotes/master [1ms]
2025-05-14 18:12:45.991 [warning] [Git][revParse] Unable to read file: ENOENT: no such file or directory, open '/home/m4cren/.oh-my-zsh/themes/powerlevel10k/.git/refs/remotes/origin/master'
2025-05-14 18:12:45.992 [info] > git rev-parse refs/remotes/origin/master [2ms]
2025-05-14 18:12:46.006 [info] > git for-each-ref --sort -committerdate --format %(refname)%00%(objectname)%00%(*objectname) [1ms]
2025-05-14 18:12:46.018 [info] > git status -z -uall [20ms]
2025-05-14 18:12:49.539 [info] > git rev-parse --show-toplevel [2ms]
2025-05-14 18:12:49.539 [info] fatal: not a git repository (or any parent up to mount point /)
Stopping at filesystem boundary (GIT_DISCOVERY_ACROSS_FILESYSTEM not set).
2025-05-14 18:12:51.049 [info] > git config --get commit.template [5ms]
2025-05-14 18:12:51.073 [info] > git for-each-ref --format=%(refname)%00%(upstream:short)%00%(objectname)%00%(upstream:track)%00%(upstream:remotename)%00%(upstream:remoteref) refs/heads/master refs/remotes/master [5ms]
2025-05-14 18:12:51.086 [warning] [Git][revParse] Unable to read file: ENOENT: no such file or directory, open '/home/m4cren/.oh-my-zsh/themes/powerlevel10k/.git/refs/remotes/origin/master'
2025-05-14 18:12:51.088 [info] > git rev-parse refs/remotes/origin/master [2ms]
2025-05-14 18:12:51.106 [info] > git for-each-ref --sort -committerdate --format %(refname)%00%(objectname)%00%(*objectname) [3ms]
2025-05-14 18:12:51.120 [info] > git status -z -uall [25ms]
2025-05-14 18:13:00.008 [info] > git rev-parse --show-toplevel [3ms]
2025-05-14 18:13:00.008 [info] fatal: not a git repository (or any parent up to mount point /)
Stopping at filesystem boundary (GIT_DISCOVERY_ACROSS_FILESYSTEM not set).
2025-05-14 18:13:21.552 [info] > git rev-parse --show-toplevel [2ms]
2025-05-14 18:13:21.552 [info] fatal: not a git repository (or any parent up to mount point /)
Stopping at filesystem boundary (GIT_DISCOVERY_ACROSS_FILESYSTEM not set).
2025-05-14 18:13:53.933 [info] > git rev-parse --show-toplevel [1ms]
2025-05-14 18:13:53.933 [info] fatal: not a git repository (or any parent up to mount point /)
Stopping at filesystem boundary (GIT_DISCOVERY_ACROSS_FILESYSTEM not set).
2025-05-14 18:14:13.991 [info] > git rev-parse --show-toplevel [2ms]
2025-05-14 18:14:13.991 [info] fatal: not a git repository (or any parent up to mount point /)
Stopping at filesystem boundary (GIT_DISCOVERY_ACROSS_FILESYSTEM not set).
2025-05-14 18:14:48.219 [info] > git rev-parse --show-toplevel [2ms]
2025-05-14 18:14:48.219 [info] fatal: not a git repository (or any parent up to mount point /)
Stopping at filesystem boundary (GIT_DISCOVERY_ACROSS_FILESYSTEM not set).
2025-05-14 18:14:49.984 [info] > git rev-parse --show-toplevel [1ms]
2025-05-14 18:14:49.984 [info] fatal: not a git repository (or any parent up to mount point /)
Stopping at filesystem boundary (GIT_DISCOVERY_ACROSS_FILESYSTEM not set).
2025-05-14 18:14:50.357 [info] > git rev-parse --show-toplevel [8ms]
2025-05-14 18:14:50.357 [info] fatal: not a git repository (or any parent up to mount point /)
Stopping at filesystem boundary (GIT_DISCOVERY_ACROSS_FILESYSTEM not set).
2025-05-14 18:15:06.273 [info] > git rev-parse --show-toplevel [2ms]
2025-05-14 18:15:06.273 [info] fatal: not a git repository (or any parent up to mount point /)
Stopping at filesystem boundary (GIT_DISCOVERY_ACROSS_FILESYSTEM not set).
2025-05-14 18:15:07.100 [info] > git rev-parse --show-toplevel [1ms]
2025-05-14 18:15:07.100 [info] fatal: not a git repository (or any parent up to mount point /)
Stopping at filesystem boundary (GIT_DISCOVERY_ACROSS_FILESYSTEM not set).
2025-05-14 18:15:27.874 [info] > git rev-parse --show-toplevel [2ms]
2025-05-14 18:15:27.874 [info] fatal: not a git repository (or any parent up to mount point /)
Stopping at filesystem boundary (GIT_DISCOVERY_ACROSS_FILESYSTEM not set).
2025-05-14 18:15:52.137 [info] > git rev-parse --show-toplevel [2ms]
2025-05-14 18:15:52.137 [info] fatal: not a git repository (or any parent up to mount point /)
Stopping at filesystem boundary (GIT_DISCOVERY_ACROSS_FILESYSTEM not set).
2025-05-14 18:15:53.312 [info] > git rev-parse --show-toplevel [1ms]
2025-05-14 18:15:53.312 [info] fatal: not a git repository (or any parent up to mount point /)
Stopping at filesystem boundary (GIT_DISCOVERY_ACROSS_FILESYSTEM not set).
2025-05-14 18:15:54.488 [info] > git rev-parse --show-toplevel [1ms]
2025-05-14 18:15:54.488 [info] fatal: not a git repository (or any parent up to mount point /)
Stopping at filesystem boundary (GIT_DISCOVERY_ACROSS_FILESYSTEM not set).
2025-05-14 18:15:55.556 [info] > git rev-parse --show-toplevel [1ms]
2025-05-14 18:15:55.556 [info] fatal: not a git repository (or any parent up to mount point /)
Stopping at filesystem boundary (GIT_DISCOVERY_ACROSS_FILESYSTEM not set).
2025-05-14 18:15:56.944 [info] > git rev-parse --show-toplevel [3ms]
2025-05-14 18:15:56.944 [info] fatal: not a git repository (or any parent up to mount point /)
Stopping at filesystem boundary (GIT_DISCOVERY_ACROSS_FILESYSTEM not set).
2025-05-14 18:16:17.907 [info] > git rev-parse --show-toplevel [2ms]
2025-05-14 18:16:17.907 [info] fatal: not a git repository (or any parent up to mount point /)
Stopping at filesystem boundary (GIT_DISCOVERY_ACROSS_FILESYSTEM not set).
2025-05-14 18:16:18.930 [info] > git rev-parse --show-toplevel [2ms]
2025-05-14 18:16:18.930 [info] fatal: not a git repository (or any parent up to mount point /)
Stopping at filesystem boundary (GIT_DISCOVERY_ACROSS_FILESYSTEM not set).
2025-05-14 18:18:15.383 [info] > git rev-parse --show-toplevel [3ms]
2025-05-14 18:18:15.390 [info] > git rev-parse --git-dir --git-common-dir [2ms]
2025-05-14 18:18:15.396 [info] [Model][openRepository] Opened repository (path): /home/m4cren/.oh-my-zsh
2025-05-14 18:18:15.396 [info] [Model][openRepository] Opened repository (real path): /home/m4cren/.oh-my-zsh
2025-05-14 18:18:15.408 [info] > git config --get commit.template [6ms]
2025-05-14 18:18:15.416 [info] > git for-each-ref --format=%(refname)%00%(upstream:short)%00%(objectname)%00%(upstream:track)%00%(upstream:remotename)%00%(upstream:remoteref) refs/heads/master refs/remotes/master [8ms]
2025-05-14 18:18:15.429 [info] > git status -z -uall [8ms]
2025-05-14 18:18:15.430 [info] > git for-each-ref --sort -committerdate --format %(refname)%00%(objectname)%00%(*objectname) [2ms]
2025-05-14 18:18:15.444 [info] > git for-each-ref --format=%(refname)%00%(upstream:short)%00%(objectname)%00%(upstream:track)%00%(upstream:remotename)%00%(upstream:remoteref) refs/heads/master refs/remotes/master [4ms]
2025-05-14 18:18:15.459 [info] > git config --get commit.template [3ms]
2025-05-14 18:18:15.460 [info] > git config --get --local branch.master.vscode-merge-base [9ms]
2025-05-14 18:18:15.474 [info] > git for-each-ref --format=%(refname)%00%(upstream:short)%00%(objectname)%00%(upstream:track)%00%(upstream:remotename)%00%(upstream:remoteref) refs/heads/master refs/remotes/master [1ms]
2025-05-14 18:18:15.474 [info] > git for-each-ref --format=%(refname)%00%(upstream:short)%00%(objectname)%00%(upstream:track)%00%(upstream:remotename)%00%(upstream:remoteref) refs/heads/origin/master refs/remotes/origin/master [8ms]
2025-05-14 18:18:15.486 [info] > git merge-base refs/heads/master refs/remotes/origin/master [2ms]
2025-05-14 18:18:15.509 [info] > git diff --name-status -z --diff-filter=ADMR c34c1da736f4f162206e1153e66850788f3e2e16...refs/remotes/origin/master [12ms]
2025-05-14 18:18:15.551 [info] > git status -z -uall [20ms]
2025-05-14 18:18:15.554 [info] > git for-each-ref --sort -committerdate --format %(refname)%00%(objectname)%00%(*objectname) [4ms]
2025-05-14 18:18:15.719 [info] > git show --textconv :themes/mikeh.zsh-theme [6ms]
2025-05-14 18:18:15.720 [info] > git ls-files --stage -- themes/mikeh.zsh-theme [2ms]
2025-05-14 18:18:15.725 [info] > git cat-file -s f231b91bbc51a7429cea4b010c3529b47af2c7e5 [1ms]
2025-05-14 18:18:16.031 [info] > git check-ignore -v -z --stdin [6ms]
2025-05-14 18:18:17.836 [info] > git check-ignore -v -z --stdin [7ms]
2025-05-14 18:18:18.658 [info] > git check-ignore -v -z --stdin [2ms]
2025-05-14 18:18:20.043 [info] > git show --textconv :themes/flazz.zsh-theme [9ms]
2025-05-14 18:18:20.044 [info] > git ls-files --stage -- themes/flazz.zsh-theme [2ms]
2025-05-14 18:18:20.052 [info] > git cat-file -s e21b52ef5e9eec35a8acf5ecc2d158f2216d4e23 [1ms]
2025-05-14 18:18:21.109 [info] > git check-ignore -v -z --stdin [3ms]
2025-05-14 18:18:21.646 [info] > git check-ignore -v -z --stdin [7ms]
2025-05-14 18:18:21.647 [info] > git check-ignore -v -z --stdin [2ms]
2025-05-14 18:18:22.545 [info] > git check-ignore -v -z --stdin [17ms]
2025-05-14 18:18:22.547 [info] > git check-ignore -v -z --stdin [5ms]
2025-05-14 18:18:25.381 [info] > git check-ignore -v -z --stdin [2ms]
2025-05-14 18:18:29.375 [warning] [Git][getHEAD] Failed to parse HEAD file: ENOENT: no such file or directory, open '/home/m4cren/.oh-my-zsh/themes/powerlevel10k/.git/HEAD'
2025-05-14 18:18:29.387 [warning] [Git][getRemotes] Error: ENOENT: no such file or directory, open '/home/m4cren/.oh-my-zsh/themes/powerlevel10k/.git/config'
2025-05-14 18:18:29.411 [warning] [Git][getHEAD] Failed to parse HEAD file: ENOENT: no such file or directory, open '/home/m4cren/.oh-my-zsh/themes/powerlevel10k/.git/HEAD'
2025-05-14 18:18:29.419 [warning] [Git][getRemotes] Error: ENOENT: no such file or directory, open '/home/m4cren/.oh-my-zsh/themes/powerlevel10k/.git/config'
2025-05-14 18:18:29.426 [info] > git config --get commit.template [21ms]
2025-05-14 18:18:29.431 [info] > git for-each-ref --format=%(refname)%00%(upstream:short)%00%(objectname)%00%(upstream:track)%00%(upstream:remotename)%00%(upstream:remoteref) refs/heads/master refs/remotes/master [1ms]
2025-05-14 18:18:29.443 [info] > git status -z -uall [7ms]
2025-05-14 18:18:29.444 [info] > git for-each-ref --sort -committerdate --format %(refname)%00%(objectname)%00%(*objectname) [2ms]
2025-05-14 18:18:30.666 [info] > git check-ignore -v -z --stdin [10ms]
2025-05-14 18:18:31.635 [info] > git check-ignore -v -z --stdin [2ms]
2025-05-14 18:18:36.822 [info] > git check-ignore -v -z --stdin [3ms]
2025-05-14 18:18:37.863 [info] > git check-ignore -v -z --stdin [2ms]
2025-05-14 18:18:39.829 [info] > git check-ignore -v -z --stdin [4ms]
2025-05-14 18:18:48.286 [info] > git rev-parse --show-toplevel [1ms]
2025-05-14 18:18:48.286 [info] fatal: not a git repository (or any parent up to mount point /)
Stopping at filesystem boundary (GIT_DISCOVERY_ACROSS_FILESYSTEM not set).
2025-05-14 18:23:26.582 [info] > git rev-parse --show-toplevel [2ms]
2025-05-14 18:23:26.582 [info] fatal: not a git repository (or any parent up to mount point /)
Stopping at filesystem boundary (GIT_DISCOVERY_ACROSS_FILESYSTEM not set).
2025-05-14 18:23:33.981 [info] > git rev-parse --show-toplevel [2ms]
2025-05-14 18:23:33.981 [info] fatal: not a git repository (or any parent up to mount point /)
Stopping at filesystem boundary (GIT_DISCOVERY_ACROSS_FILESYSTEM not set).
2025-05-14 18:25:49.083 [info] > git rev-parse --show-toplevel [1ms]
2025-05-14 18:25:49.083 [info] fatal: not a git repository (or any parent up to mount point /)
Stopping at filesystem boundary (GIT_DISCOVERY_ACROSS_FILESYSTEM not set).
