2025-05-22 01:10:07.060 [info] Reading sessions from keychain...
2025-05-22 01:10:07.060 [info] Getting sessions for all scopes...
2025-05-22 01:10:07.060 [info] Getting sessions for all scopes...
2025-05-22 01:10:07.060 [info] Getting sessions for all scopes...
2025-05-22 01:10:07.060 [info] Getting sessions for all scopes...
2025-05-22 01:10:07.060 [info] Getting sessions for all scopes...
2025-05-22 01:10:07.060 [info] Getting sessions for all scopes...
2025-05-22 01:10:07.060 [info] Getting sessions for all scopes...
2025-05-22 01:10:08.020 [info] Got stored sessions!
2025-05-22 01:10:08.020 [info] Got 2 verified sessions.
2025-05-22 01:10:08.020 [info] Got 2 sessions for ...
2025-05-22 01:10:08.020 [info] Got 2 sessions for ...
2025-05-22 01:10:08.020 [info] Got 2 sessions for ...
2025-05-22 01:10:08.020 [info] Got 2 sessions for ...
2025-05-22 01:10:08.020 [info] Got 2 sessions for ...
2025-05-22 01:10:08.020 [info] Got 2 sessions for ...
2025-05-22 01:10:08.020 [info] Got 2 sessions for ...
2025-05-22 01:10:08.198 [info] Getting sessions for all scopes...
2025-05-22 01:10:08.198 [info] Got 2 sessions for ...
2025-05-22 01:10:08.201 [info] Getting sessions for all scopes...
2025-05-22 01:10:08.201 [info] Got 2 sessions for ...
2025-05-22 01:10:08.201 [info] Getting sessions for all scopes...
2025-05-22 01:10:08.201 [info] Got 2 sessions for ...
2025-05-22 01:10:08.202 [info] Getting sessions for all scopes...
2025-05-22 01:10:08.202 [info] Got 2 sessions for ...
2025-05-22 01:10:08.202 [info] Getting sessions for all scopes...
2025-05-22 01:10:08.202 [info] Got 2 sessions for ...
2025-05-22 01:10:08.202 [info] Getting sessions for all scopes...
2025-05-22 01:10:08.202 [info] Got 2 sessions for ...
2025-05-22 01:10:10.649 [info] Getting sessions for all scopes...
2025-05-22 01:10:10.649 [info] Got 2 sessions for ...
2025-05-22 01:10:10.714 [info] Getting sessions for user:email...
2025-05-22 01:10:10.715 [info] Got 1 sessions for user:email...
2025-05-22 01:10:10.786 [info] Getting sessions for read:user,repo,user:email,workflow...
2025-05-22 01:10:10.786 [info] Got 1 sessions for read:user,repo,user:email,workflow...
2025-05-22 01:10:11.031 [info] Getting sessions for all scopes...
2025-05-22 01:10:11.031 [info] Got 2 sessions for ...
2025-05-22 01:10:11.768 [info] Getting sessions for all scopes...
2025-05-22 01:10:11.768 [info] Got 2 sessions for ...
2025-05-22 01:10:11.779 [info] Getting sessions for read:user,repo,user:email,workflow...
2025-05-22 01:10:11.779 [info] Got 1 sessions for read:user,repo,user:email,workflow...
2025-05-22 01:36:23.753 [info] Getting sessions for read:user,repo,user:email,workflow...
2025-05-22 01:36:23.753 [info] Got 1 sessions for read:user,repo,user:email,workflow...
