2025-05-14 18:10:35.152 [info] [main] Log level: Info
2025-05-14 18:10:35.152 [info] [main] Validating found git in: "git"
2025-05-14 18:10:35.152 [info] [main] Using git "2.49.0" from "git"
2025-05-14 18:10:35.152 [info] [Model][doInitialScan] Initial repository scan started
2025-05-14 18:10:35.152 [info] > git rev-parse --show-toplevel [28ms]
2025-05-14 18:10:35.152 [info] fatal: not a git repository (or any of the parent directories): .git
2025-05-14 18:10:35.154 [warning] [Model][traverseWorkspaceFolder] Unable to read workspace folder '/root': Error: EACCES: permission denied, scandir '/root'
2025-05-14 18:10:35.159 [info] > git rev-parse --show-toplevel [1ms]
2025-05-14 18:10:35.159 [info] fatal: not a git repository (or any parent up to mount point /)
Stopping at filesystem boundary (GIT_DISCOVERY_ACROSS_FILESYSTEM not set).
2025-05-14 18:10:35.167 [info] > git rev-parse --show-toplevel [3ms]
2025-05-14 18:10:35.167 [info] fatal: not a git repository (or any parent up to mount point /)
Stopping at filesystem boundary (GIT_DISCOVERY_ACROSS_FILESYSTEM not set).
2025-05-14 18:10:35.173 [info] > git rev-parse --show-toplevel [1ms]
2025-05-14 18:10:35.173 [info] fatal: not a git repository (or any parent up to mount point /)
Stopping at filesystem boundary (GIT_DISCOVERY_ACROSS_FILESYSTEM not set).
2025-05-14 18:10:35.177 [info] > git rev-parse --show-toplevel [1ms]
2025-05-14 18:10:35.177 [info] fatal: not a git repository (or any of the parent directories): .git
2025-05-14 18:10:35.182 [info] > git rev-parse --show-toplevel [1ms]
2025-05-14 18:10:35.182 [info] fatal: not a git repository (or any parent up to mount point /)
Stopping at filesystem boundary (GIT_DISCOVERY_ACROSS_FILESYSTEM not set).
2025-05-14 18:10:35.188 [info] > git rev-parse --show-toplevel [1ms]
2025-05-14 18:10:35.188 [info] fatal: not a git repository (or any of the parent directories): .git
2025-05-14 18:10:35.193 [info] > git rev-parse --show-toplevel [1ms]
2025-05-14 18:10:35.193 [info] fatal: not a git repository (or any of the parent directories): .git
2025-05-14 18:10:35.199 [info] > git rev-parse --show-toplevel [0ms]
2025-05-14 18:10:35.199 [info] fatal: not a git repository (or any parent up to mount point /)
Stopping at filesystem boundary (GIT_DISCOVERY_ACROSS_FILESYSTEM not set).
2025-05-14 18:10:35.204 [info] > git rev-parse --show-toplevel [1ms]
2025-05-14 18:10:35.204 [info] fatal: not a git repository (or any parent up to mount point /)
Stopping at filesystem boundary (GIT_DISCOVERY_ACROSS_FILESYSTEM not set).
2025-05-14 18:10:35.210 [info] > git rev-parse --show-toplevel [1ms]
2025-05-14 18:10:35.210 [info] fatal: not a git repository (or any of the parent directories): .git
2025-05-14 18:10:35.214 [info] > git rev-parse --show-toplevel [1ms]
2025-05-14 18:10:35.214 [info] fatal: not a git repository (or any parent up to mount point /)
Stopping at filesystem boundary (GIT_DISCOVERY_ACROSS_FILESYSTEM not set).
2025-05-14 18:10:35.219 [info] > git rev-parse --show-toplevel [1ms]
2025-05-14 18:10:35.219 [info] fatal: not a git repository (or any parent up to mount point /)
Stopping at filesystem boundary (GIT_DISCOVERY_ACROSS_FILESYSTEM not set).
2025-05-14 18:10:35.224 [info] > git rev-parse --show-toplevel [1ms]
2025-05-14 18:10:35.224 [info] fatal: not a git repository (or any of the parent directories): .git
2025-05-14 18:10:35.228 [info] > git rev-parse --show-toplevel [1ms]
2025-05-14 18:10:35.228 [info] fatal: not a git repository (or any of the parent directories): .git
2025-05-14 18:10:35.229 [info] [Model][doInitialScan] Initial repository scan completed - repositories (0), closed repositories (0), parent repositories (0), unsafe repositories (0)
2025-05-14 18:10:36.266 [info] > git rev-parse --show-toplevel [0ms]
2025-05-14 18:10:36.266 [info] fatal: not a git repository (or any of the parent directories): .git
