2025-05-21 19:29:47.937 [info] Reading sessions from keychain...
2025-05-21 19:29:47.937 [info] Getting sessions for all scopes...
2025-05-21 19:29:47.937 [info] Getting sessions for all scopes...
2025-05-21 19:29:47.937 [info] Getting sessions for all scopes...
2025-05-21 19:29:47.937 [info] Getting sessions for all scopes...
2025-05-21 19:29:47.937 [info] Getting sessions for all scopes...
2025-05-21 19:29:47.937 [info] Getting sessions for all scopes...
2025-05-21 19:29:47.937 [info] Getting sessions for all scopes...
2025-05-21 19:29:48.509 [info] Got stored sessions!
2025-05-21 19:29:48.509 [info] Got 2 verified sessions.
2025-05-21 19:29:48.510 [info] Got 2 sessions for ...
2025-05-21 19:29:48.510 [info] Got 2 sessions for ...
2025-05-21 19:29:48.510 [info] Got 2 sessions for ...
2025-05-21 19:29:48.510 [info] Got 2 sessions for ...
2025-05-21 19:29:48.510 [info] Got 2 sessions for ...
2025-05-21 19:29:48.510 [info] Got 2 sessions for ...
2025-05-21 19:29:48.510 [info] Got 2 sessions for ...
2025-05-21 19:29:49.246 [info] Getting sessions for all scopes...
2025-05-21 19:29:49.246 [info] Got 2 sessions for ...
2025-05-21 19:29:49.270 [info] Getting sessions for all scopes...
2025-05-21 19:29:49.270 [info] Got 2 sessions for ...
2025-05-21 19:29:49.275 [info] Getting sessions for all scopes...
2025-05-21 19:29:49.275 [info] Got 2 sessions for ...
2025-05-21 19:29:49.276 [info] Getting sessions for all scopes...
2025-05-21 19:29:49.276 [info] Got 2 sessions for ...
2025-05-21 19:29:49.287 [info] Getting sessions for all scopes...
2025-05-21 19:29:49.287 [info] Got 2 sessions for ...
2025-05-21 19:29:49.288 [info] Getting sessions for all scopes...
2025-05-21 19:29:49.288 [info] Got 2 sessions for ...
2025-05-21 19:29:51.776 [info] Getting sessions for all scopes...
2025-05-21 19:29:51.776 [info] Got 2 sessions for ...
2025-05-21 19:29:51.798 [info] Getting sessions for user:email...
2025-05-21 19:29:51.798 [info] Got 1 sessions for user:email...
2025-05-21 19:29:51.959 [info] Getting sessions for all scopes...
2025-05-21 19:29:51.959 [info] Got 2 sessions for ...
2025-05-21 19:29:52.541 [info] Getting sessions for all scopes...
2025-05-21 19:29:52.541 [info] Got 2 sessions for ...
2025-05-21 19:29:52.798 [info] Getting sessions for read:user,repo,user:email,workflow...
2025-05-21 19:29:52.798 [info] Got 1 sessions for read:user,repo,user:email,workflow...
2025-05-21 19:29:53.579 [info] Getting sessions for read:user,repo,user:email,workflow...
2025-05-21 19:29:53.579 [info] Got 1 sessions for read:user,repo,user:email,workflow...
