2025-05-20 23:36:26.104 [info] [main] Log level: Info
2025-05-20 23:36:26.104 [info] [main] Validating found git in: "git"
2025-05-20 23:36:26.104 [info] [main] Using git "2.49.0" from "git"
2025-05-20 23:36:26.104 [info] [Model][doInitialScan] Initial repository scan started
2025-05-20 23:36:26.104 [info] > git rev-parse --show-toplevel [39ms]
2025-05-20 23:36:26.104 [info] fatal: not a git repository (or any parent up to mount point /)
Stopping at filesystem boundary (GIT_DISCOVERY_ACROSS_FILESYSTEM not set).
2025-05-20 23:36:26.104 [info] > git rev-parse --show-toplevel [188ms]
2025-05-20 23:36:26.104 [info] fatal: not a git repository (or any parent up to mount point /)
Stopping at filesystem boundary (GIT_DISCOVERY_ACROSS_FILESYSTEM not set).
2025-05-20 23:36:26.104 [info] > git rev-parse --show-toplevel [5ms]
2025-05-20 23:36:26.104 [info] fatal: not a git repository (or any parent up to mount point /)
Stopping at filesystem boundary (GIT_DISCOVERY_ACROSS_FILESYSTEM not set).
2025-05-20 23:36:26.163 [info] > git rev-parse --show-toplevel [44ms]
2025-05-20 23:36:26.163 [info] fatal: not a git repository (or any parent up to mount point /)
Stopping at filesystem boundary (GIT_DISCOVERY_ACROSS_FILESYSTEM not set).
2025-05-20 23:36:26.199 [info] > git rev-parse --show-toplevel [7ms]
2025-05-20 23:36:26.229 [info] > git rev-parse --git-dir --git-common-dir [4ms]
2025-05-20 23:36:26.260 [info] [Model][openRepository] Opened repository (path): /home/m4cren/webDev/GameHub
2025-05-20 23:36:26.261 [info] [Model][openRepository] Opened repository (real path): /home/m4cren/webDev/GameHub
2025-05-20 23:36:26.306 [info] > git rev-parse --show-toplevel [9ms]
2025-05-20 23:36:26.309 [info] > git config --get commit.template [30ms]
2025-05-20 23:36:26.340 [info] > git rev-parse --git-dir --git-common-dir [19ms]
2025-05-20 23:36:26.350 [info] [Model][openRepository] Opened repository (path): /home/m4cren/webDev/MetaFeast
2025-05-20 23:36:26.350 [info] [Model][openRepository] Opened repository (real path): /home/m4cren/webDev/MetaFeast
2025-05-20 23:36:26.354 [info] > git for-each-ref --format=%(refname)%00%(upstream:short)%00%(objectname)%00%(upstream:track)%00%(upstream:remotename)%00%(upstream:remoteref) refs/heads/main refs/remotes/main [19ms]
2025-05-20 23:36:26.383 [info] > git rev-parse --show-toplevel [4ms]
2025-05-20 23:36:26.383 [info] > git config --get commit.template [14ms]
2025-05-20 23:36:26.572 [info] > git status -z -uall [23ms]
2025-05-20 23:36:26.572 [info] > git rev-parse --git-dir --git-common-dir [73ms]
2025-05-20 23:36:26.582 [info] [Model][openRepository] Opened repository (path): /home/m4cren/webDev/NextLearn
2025-05-20 23:36:26.582 [info] [Model][openRepository] Opened repository (real path): /home/m4cren/webDev/NextLearn
2025-05-20 23:36:26.636 [info] > git for-each-ref --sort -committerdate --format %(refname)%00%(objectname)%00%(*objectname) [67ms]
2025-05-20 23:36:26.671 [info] > git for-each-ref --format=%(refname)%00%(upstream:short)%00%(objectname)%00%(upstream:track)%00%(upstream:remotename)%00%(upstream:remoteref) refs/heads/main refs/remotes/main [146ms]
2025-05-20 23:36:26.694 [warning] [Git][revParse] Unable to read file: ENOENT: no such file or directory, open '/home/m4cren/webDev/MetaFeast/.git/refs/remotes/origin/main'
2025-05-20 23:36:26.699 [info] > git for-each-ref --format=%(refname)%00%(upstream:short)%00%(objectname)%00%(upstream:track)%00%(upstream:remotename)%00%(upstream:remoteref) refs/heads/main refs/remotes/main [36ms]
2025-05-20 23:36:26.709 [info] > git rev-parse --show-toplevel [108ms]
2025-05-20 23:36:26.709 [info] fatal: not a git repository (or any parent up to mount point /)
Stopping at filesystem boundary (GIT_DISCOVERY_ACROSS_FILESYSTEM not set).
2025-05-20 23:36:26.713 [info] [Model][doInitialScan] Initial repository scan completed - repositories (3), closed repositories (0), parent repositories (0), unsafe repositories (0)
2025-05-20 23:36:26.714 [info] > git config --get commit.template [122ms]
2025-05-20 23:36:26.732 [info] > git config --get --local branch.main.vscode-merge-base [24ms]
2025-05-20 23:36:26.732 [warning] [Git][config] git config failed: Failed to execute git
2025-05-20 23:36:26.743 [info] > git rev-parse refs/remotes/origin/main [49ms]
2025-05-20 23:36:26.765 [info] > git config --get commit.template [81ms]
2025-05-20 23:36:26.856 [info] > git for-each-ref --sort -committerdate --format %(refname)%00%(objectname)%00%(*objectname) [92ms]
2025-05-20 23:36:26.858 [info] > git reflog main --grep-reflog=branch: Created from *. [115ms]
2025-05-20 23:36:26.889 [info] > git symbolic-ref --short refs/remotes/origin/HEAD [19ms]
2025-05-20 23:36:26.889 [info] fatal: ref refs/remotes/origin/HEAD is not a symbolic ref
2025-05-20 23:36:26.889 [warning] [Repository][getDefaultBranch] Failed to get default branch details: Failed to execute git.
2025-05-20 23:36:26.901 [info] > git for-each-ref --format=%(refname)%00%(upstream:short)%00%(objectname)%00%(upstream:track)%00%(upstream:remotename)%00%(upstream:remoteref) refs/heads/main refs/remotes/main [59ms]
2025-05-20 23:36:27.000 [info] > git merge-base refs/heads/main refs/remotes/origin/main [101ms]
2025-05-20 23:36:27.098 [info] > git for-each-ref --format=%(refname)%00%(upstream:short)%00%(objectname)%00%(upstream:track)%00%(upstream:remotename)%00%(upstream:remoteref) refs/heads/main refs/remotes/main [210ms]
2025-05-20 23:36:27.210 [info] > git diff --name-status -z --diff-filter=ADMR 0c3eebd209537eddeb0bd24b957d1920031601ce...refs/remotes/origin/main [113ms]
2025-05-20 23:36:27.299 [info] > git status -z -uall [71ms]
2025-05-20 23:36:27.299 [info] > git check-ignore -v -z --stdin [45ms]
2025-05-20 23:36:27.302 [info] > git check-ignore -v -z --stdin [37ms]
2025-05-20 23:36:27.304 [info] > git check-ignore -v -z --stdin [29ms]
2025-05-20 23:36:27.304 [info] > git status -z -uall [17ms]
2025-05-20 23:36:27.305 [info] > git for-each-ref --sort -committerdate --format %(refname)%00%(objectname)%00%(*objectname) [63ms]
2025-05-20 23:36:27.332 [info] > git for-each-ref --format=%(refname)%00%(upstream:short)%00%(objectname)%00%(upstream:track)%00%(upstream:remotename)%00%(upstream:remoteref) refs/heads/main refs/remotes/main [12ms]
2025-05-20 23:36:27.342 [info] > git for-each-ref --sort -committerdate --format %(refname)%00%(objectname)%00%(*objectname) [47ms]
2025-05-20 23:36:27.366 [info] > git config --get --local branch.main.vscode-merge-base [25ms]
2025-05-20 23:36:27.375 [info] > git config --get commit.template [44ms]
2025-05-20 23:36:27.377 [info] > git for-each-ref --format=%(refname)%00%(upstream:short)%00%(objectname)%00%(upstream:track)%00%(upstream:remotename)%00%(upstream:remoteref) refs/heads/origin/main refs/remotes/origin/main [2ms]
2025-05-20 23:36:27.399 [info] > git merge-base refs/heads/main refs/remotes/origin/main [11ms]
2025-05-20 23:36:27.429 [info] > git diff --name-status -z --diff-filter=ADMR b946c77bb15171de1ae2d0cbaf739bd611f67ec0...refs/remotes/origin/main [15ms]
2025-05-20 23:36:27.430 [info] > git for-each-ref --format=%(refname)%00%(upstream:short)%00%(objectname)%00%(upstream:track)%00%(upstream:remotename)%00%(upstream:remoteref) refs/heads/main refs/remotes/main [32ms]
2025-05-20 23:36:27.455 [info] > git status -z -uall [13ms]
2025-05-20 23:36:27.456 [info] > git for-each-ref --sort -committerdate --format %(refname)%00%(objectname)%00%(*objectname) [4ms]
2025-05-20 23:36:28.949 [info] > git status -z -uall [2193ms]
2025-05-20 23:36:28.969 [info] > git for-each-ref --format=%(refname)%00%(upstream:short)%00%(objectname)%00%(upstream:track)%00%(upstream:remotename)%00%(upstream:remoteref) refs/heads/main refs/remotes/main [8ms]
2025-05-20 23:36:28.977 [info] > git config --get --local branch.main.vscode-merge-base [1ms]
2025-05-20 23:36:28.984 [info] > git config --get commit.template [15ms]
2025-05-20 23:36:28.985 [info] > git for-each-ref --format=%(refname)%00%(upstream:short)%00%(objectname)%00%(upstream:track)%00%(upstream:remotename)%00%(upstream:remoteref) refs/heads/origin/main refs/remotes/origin/main [2ms]
2025-05-20 23:36:29.027 [info] > git merge-base refs/heads/main refs/remotes/origin/main [36ms]
2025-05-20 23:36:29.036 [info] > git for-each-ref --format=%(refname)%00%(upstream:short)%00%(objectname)%00%(upstream:track)%00%(upstream:remotename)%00%(upstream:remoteref) refs/heads/main refs/remotes/main [10ms]
2025-05-20 23:36:29.042 [warning] [Git][revParse] Unable to read file: ENOENT: no such file or directory, open '/home/m4cren/webDev/MetaFeast/.git/refs/remotes/origin/main'
2025-05-20 23:36:29.042 [info] > git diff --name-status -z --diff-filter=ADMR 4392efc3221defcb76f87ce64fbbde73b8f2982a...refs/remotes/origin/main [7ms]
2025-05-20 23:36:29.043 [info] > git rev-parse refs/remotes/origin/main [1ms]
2025-05-20 23:36:29.068 [info] > git for-each-ref --sort -committerdate --format %(refname)%00%(objectname)%00%(*objectname) [7ms]
2025-05-20 23:36:30.178 [info] > git status -z -uall [1129ms]
