2025-05-20 23:36:23.599 [info] Reading sessions from keychain...
2025-05-20 23:36:23.599 [info] Getting sessions for all scopes...
2025-05-20 23:36:23.599 [info] Getting sessions for all scopes...
2025-05-20 23:36:23.599 [info] Getting sessions for all scopes...
2025-05-20 23:36:23.599 [info] Got stored sessions!
2025-05-20 23:36:23.599 [info] Got 2 verified sessions.
2025-05-20 23:36:23.599 [info] Got 2 sessions for ...
2025-05-20 23:36:23.599 [info] Got 2 sessions for ...
2025-05-20 23:36:23.599 [info] Got 2 sessions for ...
2025-05-20 23:36:23.599 [info] Getting sessions for all scopes...
2025-05-20 23:36:23.599 [info] Got 2 sessions for ...
2025-05-20 23:36:23.599 [info] Getting sessions for all scopes...
2025-05-20 23:36:23.599 [info] Got 2 sessions for ...
2025-05-20 23:36:23.599 [info] Getting sessions for all scopes...
2025-05-20 23:36:23.599 [info] Got 2 sessions for ...
2025-05-20 23:36:23.599 [info] Getting sessions for all scopes...
2025-05-20 23:36:23.599 [info] Got 2 sessions for ...
2025-05-20 23:36:23.599 [info] Getting sessions for all scopes...
2025-05-20 23:36:23.599 [info] Got 2 sessions for ...
2025-05-20 23:36:23.607 [info] Getting sessions for all scopes...
2025-05-20 23:36:23.607 [info] Got 2 sessions for ...
2025-05-20 23:36:23.609 [info] Getting sessions for all scopes...
2025-05-20 23:36:23.610 [info] Got 2 sessions for ...
2025-05-20 23:36:23.610 [info] Getting sessions for all scopes...
2025-05-20 23:36:23.610 [info] Got 2 sessions for ...
2025-05-20 23:36:23.610 [info] Getting sessions for all scopes...
2025-05-20 23:36:23.610 [info] Got 2 sessions for ...
2025-05-20 23:36:23.611 [info] Getting sessions for all scopes...
2025-05-20 23:36:23.611 [info] Got 2 sessions for ...
2025-05-20 23:36:23.611 [info] Getting sessions for all scopes...
2025-05-20 23:36:23.611 [info] Got 2 sessions for ...
2025-05-20 23:36:23.781 [info] Getting sessions for user:email...
2025-05-20 23:36:23.781 [info] Got 1 sessions for user:email...
2025-05-20 23:36:25.681 [info] Getting sessions for all scopes...
2025-05-20 23:36:25.681 [info] Got 2 sessions for ...
2025-05-20 23:36:25.730 [info] Getting sessions for all scopes...
2025-05-20 23:36:25.730 [info] Got 2 sessions for ...
2025-05-20 23:36:26.873 [info] Getting sessions for read:user,repo,user:email,workflow...
2025-05-20 23:36:26.873 [info] Got 1 sessions for read:user,repo,user:email,workflow...
2025-05-20 23:36:27.389 [info] Getting sessions for read:user,repo,user:email,workflow...
2025-05-20 23:36:27.389 [info] Got 1 sessions for read:user,repo,user:email,workflow...
2025-05-20 23:36:27.761 [info] Getting sessions for read:user,repo,user:email,workflow...
2025-05-20 23:36:27.761 [info] Got 1 sessions for read:user,repo,user:email,workflow...
2025-05-20 23:36:28.203 [info] Getting sessions for read:user,repo,user:email,workflow...
2025-05-20 23:36:28.203 [info] Got 1 sessions for read:user,repo,user:email,workflow...
2025-05-20 23:36:28.984 [info] Getting sessions for read:user,repo,user:email,workflow...
2025-05-20 23:36:28.984 [info] Got 1 sessions for read:user,repo,user:email,workflow...
2025-05-20 23:36:29.513 [info] Getting sessions for read:user,repo,user:email,workflow...
2025-05-20 23:36:29.513 [info] Got 1 sessions for read:user,repo,user:email,workflow...
