2025-05-14 18:31:03.813 [info] [main] Log level: Info
2025-05-14 18:31:03.813 [info] [main] Validating found git in: "git"
2025-05-14 18:31:03.813 [info] [main] Using git "2.49.0" from "git"
2025-05-14 18:31:03.813 [info] [Model][doInitialScan] Initial repository scan started
2025-05-14 18:31:03.813 [info] > git rev-parse --show-toplevel [14ms]
2025-05-14 18:31:03.813 [info] fatal: not a git repository (or any parent up to mount point /)
Stopping at filesystem boundary (GIT_DISCOVERY_ACROSS_FILESYSTEM not set).
2025-05-14 18:31:03.813 [info] > git rev-parse --show-toplevel [43ms]
2025-05-14 18:31:03.813 [info] fatal: not a git repository (or any parent up to mount point /)
Stopping at filesystem boundary (GIT_DISCOVERY_ACROSS_FILESYSTEM not set).
2025-05-14 18:31:03.813 [info] > git rev-parse --show-toplevel [7ms]
2025-05-14 18:31:03.813 [info] fatal: not a git repository (or any parent up to mount point /)
Stopping at filesystem boundary (GIT_DISCOVERY_ACROSS_FILESYSTEM not set).
2025-05-14 18:31:03.813 [info] [Model][doInitialScan] Initial repository scan completed - repositories (0), closed repositories (0), parent repositories (0), unsafe repositories (0)
2025-05-14 18:31:03.903 [info] > git rev-parse --show-toplevel [2ms]
2025-05-14 18:31:03.903 [info] fatal: not a git repository (or any parent up to mount point /)
Stopping at filesystem boundary (GIT_DISCOVERY_ACROSS_FILESYSTEM not set).
2025-05-14 18:31:07.386 [info] > git rev-parse --show-toplevel [2ms]
2025-05-14 18:31:07.386 [info] fatal: not a git repository (or any parent up to mount point /)
Stopping at filesystem boundary (GIT_DISCOVERY_ACROSS_FILESYSTEM not set).
2025-05-14 18:31:20.661 [info] > git rev-parse --show-toplevel [4ms]
2025-05-14 18:31:20.661 [info] fatal: not a git repository (or any parent up to mount point /)
Stopping at filesystem boundary (GIT_DISCOVERY_ACROSS_FILESYSTEM not set).
2025-05-14 18:31:23.904 [info] > git rev-parse --show-toplevel [2ms]
2025-05-14 18:31:23.904 [info] fatal: not a git repository (or any parent up to mount point /)
Stopping at filesystem boundary (GIT_DISCOVERY_ACROSS_FILESYSTEM not set).
2025-05-14 18:31:27.983 [info] > git rev-parse --show-toplevel [2ms]
2025-05-14 18:31:27.983 [info] fatal: not a git repository (or any parent up to mount point /)
Stopping at filesystem boundary (GIT_DISCOVERY_ACROSS_FILESYSTEM not set).
2025-05-14 18:31:33.295 [info] > git rev-parse --show-toplevel [1ms]
2025-05-14 18:31:33.295 [info] fatal: not a git repository (or any parent up to mount point /)
Stopping at filesystem boundary (GIT_DISCOVERY_ACROSS_FILESYSTEM not set).
2025-05-14 18:31:35.468 [info] > git rev-parse --show-toplevel [1ms]
2025-05-14 18:31:35.468 [info] fatal: not a git repository (or any parent up to mount point /)
Stopping at filesystem boundary (GIT_DISCOVERY_ACROSS_FILESYSTEM not set).
2025-05-14 18:31:37.376 [info] > git rev-parse --show-toplevel [2ms]
2025-05-14 18:31:37.376 [info] fatal: not a git repository (or any parent up to mount point /)
Stopping at filesystem boundary (GIT_DISCOVERY_ACROSS_FILESYSTEM not set).
2025-05-14 18:31:39.023 [info] > git rev-parse --show-toplevel [2ms]
2025-05-14 18:31:39.023 [info] fatal: not a git repository (or any parent up to mount point /)
Stopping at filesystem boundary (GIT_DISCOVERY_ACROSS_FILESYSTEM not set).
2025-05-14 18:31:42.794 [info] > git rev-parse --show-toplevel [1ms]
2025-05-14 18:31:42.794 [info] fatal: not a git repository (or any parent up to mount point /)
Stopping at filesystem boundary (GIT_DISCOVERY_ACROSS_FILESYSTEM not set).
2025-05-14 18:31:45.286 [info] > git rev-parse --show-toplevel [4ms]
2025-05-14 18:31:45.286 [info] fatal: not a git repository (or any parent up to mount point /)
Stopping at filesystem boundary (GIT_DISCOVERY_ACROSS_FILESYSTEM not set).
2025-05-14 18:31:46.964 [info] > git rev-parse --show-toplevel [3ms]
2025-05-14 18:31:46.964 [info] fatal: not a git repository (or any parent up to mount point /)
Stopping at filesystem boundary (GIT_DISCOVERY_ACROSS_FILESYSTEM not set).
2025-05-14 18:31:52.092 [info] > git rev-parse --show-toplevel [3ms]
2025-05-14 18:31:52.092 [info] fatal: not a git repository (or any parent up to mount point /)
Stopping at filesystem boundary (GIT_DISCOVERY_ACROSS_FILESYSTEM not set).
2025-05-14 18:31:57.342 [info] > git rev-parse --show-toplevel [3ms]
2025-05-14 18:31:57.342 [info] fatal: not a git repository (or any parent up to mount point /)
Stopping at filesystem boundary (GIT_DISCOVERY_ACROSS_FILESYSTEM not set).
2025-05-14 18:32:36.027 [info] > git rev-parse --show-toplevel [3ms]
2025-05-14 18:32:36.027 [info] fatal: not a git repository (or any parent up to mount point /)
Stopping at filesystem boundary (GIT_DISCOVERY_ACROSS_FILESYSTEM not set).
2025-05-14 18:32:41.024 [info] > git rev-parse --show-toplevel [2ms]
2025-05-14 18:32:41.024 [info] fatal: not a git repository (or any parent up to mount point /)
Stopping at filesystem boundary (GIT_DISCOVERY_ACROSS_FILESYSTEM not set).
2025-05-14 18:32:51.588 [info] > git rev-parse --show-toplevel [2ms]
2025-05-14 18:32:51.588 [info] fatal: not a git repository (or any parent up to mount point /)
Stopping at filesystem boundary (GIT_DISCOVERY_ACROSS_FILESYSTEM not set).
